py27 recreate: /opt/stack/sqlalchemy-migrate/.tox/py27
py27 installdeps: sqlalchemy>=0.9, -r/opt/stack/sqlalchemy-migrate/test-requirements.txt, -r/opt/stack/sqlalchemy-migrate/test-requirements-py2.txt
py27 develop-inst: /opt/stack/sqlalchemy-migrate
py27 installed: asn1crypto==0.22.0,astroid==1.5.3,Babel==2.4.0,backports.functools-lru-cache==1.4,bcrypt==3.1.3,certifi==2017.4.17,cffi==1.10.0,chardet==3.0.4,cockroachdb==0.1.0,configparser==3.5.0,coverage==4.4.1,cryptography==1.9,debtcollector==1.15.0,decorator==4.0.11,discover==0.4.0,docutils==0.13.1,enum34==1.1.6,extras==1.0.0,feedparser==5.2.1,fixtures==3.0.0,flake8==2.4.1,funcsigs==1.0.2,functools32==3.2.3.post2,hacking==0.10.3,httplib2==0.10.3,ibm-db-sa==0.3.3,idna==2.5,ipaddress==1.0.18,iso8601==0.1.11,isort==4.2.15,Jinja2==2.9.6,jsonschema==2.6.0,lazy-object-proxy==1.3.1,MarkupSafe==1.0,mccabe==0.3.1,mock==2.0.0,monotonic==1.3,mox==0.5.3,msgpack-python==0.4.8,MySQL-python==1.2.5,netaddr==0.7.19,netifaces==0.10.6,os-testr==0.8.2,oslo.config==4.6.0,oslo.context==2.15.0,oslo.i18n==3.15.3,oslo.log==3.28.1,oslo.serialization==2.18.0,oslo.utils==3.26.0,paramiko==2.2.1,pbr==3.1.1,pep8==1.5.7,positional==1.1.1,psycopg2==2.7.1,pyasn1==0.2.3,pycparser==2.17,pyflakes==0.8.1,Pygments==2.2.0,pyinotify==0.9.6,pylint==1.7.2,PyNaCl==1.1.2,pyparsing==2.2.0,python-dateutil==2.6.0,python-mimeparse==1.6.0,python-subunit==1.2.0,pytz==2017.2,PyYAML==3.12,requests==2.18.1,rfc3986==1.0.0,scripttest==1.3,singledispatch==3.4.0.3,six==1.10.0,Sphinx==1.1.3,sphinxcontrib-issuetracker==0.11,SQLAlchemy==1.1.11,-e git+https://github.com/openstack/sqlalchemy-migrate.git@02c26a2ced9348e10504ffbac2dd7cca69ded3c0#egg=sqlalchemy_migrate,sqlparse==0.2.3,stevedore==1.23.0,tempest-lib==1.0.0,Tempita==0.5.2,testrepository==0.0.20,testtools==0.9.35,urllib3==1.21.1,wrapt==1.10.10
py27 runtests: PYTHONHASHSEED='3943035170'
py27 runtests: commands[0] | bash tools/pretty_tox.sh 
running testr
running=OS_STDOUT_CAPTURE=${OS_STDOUT_CAPTURE:-1} \
OS_STDERR_CAPTURE=${OS_STDERR_CAPTURE:-1} \
OS_TEST_TIMEOUT=${OS_TEST_TIMEOUT:-60} \
${PYTHON:-python} -m subunit.run discover -t ./ .  
{0} migrate.tests.changeset.databases.test_ibmdb2.TestIBMDBDialect.test_is_unique_constraint_with_null_cols_supported [0.000896s] ... ok
2017-07-03 16:24:44,068 INFO sqlalchemy.engine.base.Engine SELECT CAST('test plain returns' AS VARCHAR(60)) AS anon_1
2017-07-03 16:24:44,068 INFO sqlalchemy.engine.base.Engine {}
2017-07-03 16:24:44,069 INFO sqlalchemy.engine.base.Engine SELECT CAST('test unicode returns' AS VARCHAR(60)) AS anon_1
2017-07-03 16:24:44,069 INFO sqlalchemy.engine.base.Engine {}
2017-07-03 16:24:44,071 INFO sqlalchemy.engine.base.Engine SHOW TABLES
2017-07-03 16:24:44,071 INFO sqlalchemy.engine.base.Engine {}
2017-07-03 16:24:44,074 INFO sqlalchemy.engine.base.EngNo handlers could be found for logger "migrate.tests.fixture.database"
ine SHOW TABLES
2017-07-03 16:24:44,074 INFO sqlalchemy.engine.base.Engine {}
2017-07-03 16:24:44,076 INFO sqlalchemy.engine.base.Engine SHOW TABLES
2017-07-03 16:24:44,076 INFO sqlalchemy.engine.base.Engine {}
2017-07-03 16:24:44,087 INFO sqlalchemy.engine.base.Engine 
CREATE TABLE tmp_adddropcol (
	id INTEGER, 
	UNIQUE (id)
)


2017-07-03 16:24:44,087 INFO sqlalchemy.engine.base.Engine {}
2017-07-03 16:24:44,094 INFO sqlalchemy.engine.base.Engine COMMIT
2017-07-03 16:24:44,096 INFO sqlalchemy.engine.base.Engine 
CREATE TABLE tmp_adddropcol_idx (
	id INTEGER DEFAULT unique_rowid() NOT NULL, 
	a INTEGER, 
	b INTEGER, 
	PRIMARY KEY (id)
)


2017-07-03 16:24:44,096 INFO sqlalchemy.engine.base.Engine {}
2017-07-03 16:24:44,103 INFO sqlalchemy.engine.base.Engine COMMIT
2017-07-03 16:24:44,106 INFO sqlalchemy.engine.base.Engine CREATE INDEX test_idx ON tmp_adddropcol_idx (a, b)
2017-07-03 16:24:44,106 INFO sqlalchemy.engine.base.Engine {}
2017-07-03 16:24:44,112 INFO sqlalchemy.engine.base.Engine COMMIT
2017-07-03 16:24:44,171 INFO sqlalchemy.engine.base.Engine SHOW COLUMNS FROM "tmp_adddropcol"
2017-07-03 16:24:44,171 INFO sqlalchemy.engine.base.Engine {}
2017-07-03 16:24:44,176 INFO sqlalchemy.engine.base.Engine SHOW TABLES
2017-07-03 16:24:44,176 INFO sqlalchemy.engine.base.Engine {}
2017-07-03 16:24:44,178 INFO sqlalchemy.engine.base.Engine 
DROP TABLE tmp_adddropcol
2017-07-03 16:24:44,178 INFO sqlalchemy.engine.base.Engine {}
2017-07-03 16:24:44,182 INFO sqlalchemy.engine.base.Engine COMMIT
2017-07-03 16:24:44,197 INFO sqlalchemy.engine.base.Engine SHOW TABLES
2017-07-03 16:24:44,198 INFO sqlalchemy.engine.base.Engine {}
2017-07-03 16:24:44,199 INFO sqlalchemy.engine.base.Engine 
DROP TABLE tmp_adddropcol_idx
2017-07-03 16:24:44,199 INFO sqlalchemy.engine.base.Engine {}
2017-07-03 16:24:44,203 INFO sqlalchemy.engine.base.Engine COMMIT
{0} migrate.tests.changeset.test_changeset.TestAddDropColumn.test_byname [0.237298s] ... FAILED

Captured traceback:
~~~~~~~~~~~~~~~~~~~
    Traceback (most recent call last):
      File "<decorator-gen-16>", line 2, in test_byname
      File "migrate/tests/fixture/database.py", line 109, in dec
        six.reraise(*fail)
      File "migrate/tests/fixture/database.py", line 96, in dec
        f(self, *a, **kw)
      File "migrate/tests/changeset/test_changeset.py", line 160, in test_byname
        return self.run_(add_func, drop_func)
      File "migrate/tests/changeset/test_changeset.py", line 70, in run_
        assert_numcols(1)
      File "migrate/tests/changeset/test_changeset.py", line 60, in assert_numcols
        self.refresh_table(self.table_name)
      File "migrate/tests/fixture/database.py", line 189, in refresh_table
        self.table = Table(name, self.meta, autoload=True)
      File "/opt/stack/sqlalchemy-migrate/.tox/py27/local/lib/python2.7/site-packages/sqlalchemy/sql/schema.py", line 439, in __new__
        metadata._remove_table(name, schema)
      File "/opt/stack/sqlalchemy-migrate/.tox/py27/local/lib/python2.7/site-packages/sqlalchemy/util/langhelpers.py", line 66, in __exit__
        compat.reraise(exc_type, exc_value, exc_tb)
      File "/opt/stack/sqlalchemy-migrate/.tox/py27/local/lib/python2.7/site-packages/sqlalchemy/sql/schema.py", line 434, in __new__
        table._init(name, metadata, *args, **kw)
      File "/opt/stack/sqlalchemy-migrate/.tox/py27/local/lib/python2.7/site-packages/sqlalchemy/sql/schema.py", line 514, in _init
        include_columns, _extend_on=_extend_on)
      File "/opt/stack/sqlalchemy-migrate/.tox/py27/local/lib/python2.7/site-packages/sqlalchemy/sql/schema.py", line 540, in _autoload
        _extend_on=_extend_on
      File "/opt/stack/sqlalchemy-migrate/.tox/py27/local/lib/python2.7/site-packages/sqlalchemy/engine/base.py", line 2045, in run_callable
        return conn.run_callable(callable_, *args, **kwargs)
      File "/opt/stack/sqlalchemy-migrate/.tox/py27/local/lib/python2.7/site-packages/sqlalchemy/engine/base.py", line 1534, in run_callable
        return callable_(self, *args, **kwargs)
      File "/opt/stack/sqlalchemy-migrate/.tox/py27/local/lib/python2.7/site-packages/sqlalchemy/engine/default.py", line 372, in reflecttable
        table, include_columns, exclude_columns, **opts)
      File "/opt/stack/sqlalchemy-migrate/.tox/py27/local/lib/python2.7/site-packages/sqlalchemy/engine/reflection.py", line 598, in reflecttable
        table_name, schema, **table.dialect_kwargs):
      File "/opt/stack/sqlalchemy-migrate/.tox/py27/local/lib/python2.7/site-packages/sqlalchemy/engine/reflection.py", line 369, in get_columns
        **kw)
      File "/opt/stack/sqlalchemy-migrate/.tox/py27/local/lib/python2.7/site-packages/cockroachdb/sqlalchemy/dialect.py", line 96, in get_columns
        name, type_name, nullable, default = row
    ValueError: too many values to unpack
    
2017-07-03 16:24:44,225 INFO sqlalchemy.engine.base.Engine SELECT CAST('test plain returns' AS VARCHAR(60)) AS anon_1
2017-07-03 16:24:44,225 INFO sqlalchemy.engine.base.Engine {}
2017-07-03 16:24:44,226 INFO sqlalchemy.engine.base.Engine SELECT CAST('test unicode returns' AS VARCHAR(60)) AS anon_1
2017-07-03 16:24:44,226 INFO sqlalchemy.engine.base.Engine {}
2017-07-03 16:24:44,226 INFO sqlalchemy.engine.base.Engine SHOW TABLES
2017-07-03 16:24:44,227 INFO sqlalchemy.engine.base.Engine {}
2017-07-03 16:24:44,229 INFO sqlalchemy.engine.base.Engine SHOW TABLES
2017-07-03 16:24:44,229 INFO sqlalchemy.engine.base.Engine {}
2017-07-03 16:24:44,230 INFO sqlalchemy.engine.base.Engine SHOW TABLES
2017-07-03 16:24:44,230 INFO sqlalchemy.engine.base.Engine {}
2017-07-03 16:24:44,232 INFO sqlalchemy.engine.base.Engine 
CREATE TABLE tmp_adddropcol (
	id INTEGER, 
	UNIQUE (id)
)


2017-07-03 16:24:44,232 INFO sqlalchemy.engine.base.Engine {}
2017-07-03 16:24:44,237 INFO sqlalchemy.engine.base.Engine COMMIT
2017-07-03 16:24:44,239 INFO sqlalchemy.engine.base.Engine 
CREATE TABLE tmp_adddropcol_idx (
	id INTEGER DEFAULT unique_rowid() NOT NULL, 
	a INTEGER, 
	b INTEGER, 
	PRIMARY KEY (id)
)


2017-07-03 16:24:44,240 INFO sqlalchemy.engine.base.Engine {}
2017-07-03 16:24:44,248 INFO sqlalchemy.engine.base.Engine COMMIT
2017-07-03 16:24:44,250 INFO sqlalchemy.engine.base.Engine CREATE INDEX test_idx ON tmp_adddropcol_idx (a, b)
2017-07-03 16:24:44,250 INFO sqlalchemy.engine.base.Engine {}
2017-07-03 16:24:44,256 INFO sqlalchemy.engine.base.Engine COMMIT
2017-07-03 16:24:44,320 INFO sqlalchemy.engine.base.Engine SHOW TABLES
2017-07-03 16:24:44,320 INFO sqlalchemy.engine.base.Engine {}
2017-07-03 16:24:44,322 INFO sqlalchemy.engine.base.Engine 
DROP TABLE tmp_adddropcol
2017-07-03 16:24:44,322 INFO sqlalchemy.engine.base.Engine {}
2017-07-03 16:24:44,326 INFO sqlalchemy.engine.base.Engine COMMIT
2017-07-03 16:24:44,342 INFO sqlalchemy.engine.base.Engine SHOW TABLES
2017-07-03 16:24:44,342 INFO sqlalchemy.engine.base.Engine {}
2017-07-03 16:24:44,344 INFO sqlalchemy.engine.base.Engine 
DROP TABLE tmp_adddropcol_idx
2017-07-03 16:24:44,344 INFO sqlalchemy.engine.base.Engine {}
2017-07-03 16:24:44,348 INFO sqlalchemy.engine.base.Engine COMMIT
{0} migrate.tests.changeset.test_changeset.TestAddDropColumn.test_check [0.139497s] ... FAILED

Captured traceback:
~~~~~~~~~~~~~~~~~~~
    Traceback (most recent call last):
      File "<decorator-gen-24>", line 2, in test_check
      File "migrate/tests/fixture/database.py", line 109, in dec
        six.reraise(*fail)
      File "migrate/tests/fixture/database.py", line 96, in dec
        f(self, *a, **kw)
      File "migrate/tests/changeset/test_changeset.py", line 241, in test_check
        col.create(self.table)
      File "migrate/changeset/schema.py", line 576, in create
        visitorcallable = get_engine_visitor(engine, 'columngenerator')
      File "migrate/changeset/databases/visitor.py", line 47, in get_engine_visitor
        return get_dialect_visitor(engine.dialect, name)
      File "migrate/changeset/databases/visitor.py", line 62, in get_dialect_visitor
        migrate_dialect_cls = DIALECTS[sa_dialect_name]
    KeyError: 'cockroachdb'
    
2017-07-03 16:24:44,365 INFO sqlalchemy.engine.base.Engine SELECT CAST('test plain returns' AS VARCHAR(60)) AS anon_1
2017-07-03 16:24:44,365 INFO sqlalchemy.engine.base.Engine {}
2017-07-03 16:24:44,366 INFO sqlalchemy.engine.base.Engine SELECT CAST('test unicode returns' AS VARCHAR(60)) AS anon_1
2017-07-03 16:24:44,366 INFO sqlalchemy.engine.base.Engine {}
2017-07-03 16:24:44,367 INFO sqlalchemy.engine.base.Engine SHOW TABLES
2017-07-03 16:24:44,367 INFO sqlalchemy.engine.base.Engine {}
2017-07-03 16:24:44,369 INFO sqlalchemy.engine.base.Engine SHOW TABLES
2017-07-03 16:24:44,369 INFO sqlalchemy.engine.base.Engine {}
2017-07-03 16:24:44,370 INFO sqlalchemy.engine.base.Engine SHOW TABLES
2017-07-03 16:24:44,370 INFO sqlalchemy.engine.base.Engine {}
2017-07-03 16:24:44,372 INFO sqlalchemy.engine.base.Engine 
CREATE TABLE tmp_adddropcol (
	id INTEGER, 
	UNIQUE (id)
)


2017-07-03 16:24:44,372 INFO sqlalchemy.engine.base.Engine {}
2017-07-03 16:24:44,377 INFO sqlalchemy.engine.base.Engine COMMIT
2017-07-03 16:24:44,381 INFO sqlalchemy.engine.base.Engine 
CREATE TABLE tmp_adddropcol_idx (
	id INTEGER DEFAULT unique_rowid() NOT NULL, 
	a INTEGER, 
	b INTEGER, 
	PRIMARY KEY (id)
)


2017-07-03 16:24:44,381 INFO sqlalchemy.engine.base.Engine {}
2017-07-03 16:24:44,387 INFO sqlalchemy.engine.base.Engine COMMIT
2017-07-03 16:24:44,390 INFO sqlalchemy.engine.base.Engine CREATE INDEX test_idx ON tmp_adddropcol_idx (a, b)
2017-07-03 16:24:44,391 INFO sqlalchemy.engine.base.Engine {}
2017-07-03 16:24:44,396 INFO sqlalchemy.engine.base.Engine COMMIT
2017-07-03 16:24:44,454 INFO sqlalchemy.engine.base.Engine SHOW COLUMNS FROM "tmp_adddropcol"
2017-07-03 16:24:44,454 INFO sqlalchemy.engine.base.Engine {}
2017-07-03 16:24:44,459 INFO sqlalchemy.engine.base.Engine SHOW TABLES
2017-07-03 16:24:44,459 INFO sqlalchemy.engine.base.Engine {}
2017-07-03 16:24:44,461 INFO sqlalchemy.engine.base.Engine 
DROP TABLE tmp_adddropcol
2017-07-03 16:24:44,461 INFO sqlalchemy.engine.base.Engine {}
2017-07-03 16:24:44,465 INFO sqlalchemy.engine.base.Engine COMMIT
2017-07-03 16:24:44,478 INFO sqlalchemy.engine.base.Engine SHOW TABLES
2017-07-03 16:24:44,478 INFO sqlalchemy.engine.base.Engine {}
2017-07-03 16:24:44,480 INFO sqlalchemy.engine.base.Engine 
DROP TABLE tmp_adddropcol_idx
2017-07-03 16:24:44,480 INFO sqlalchemy.engine.base.Engine {}
2017-07-03 16:24:44,483 INFO sqlalchemy.engine.base.Engine COMMIT
{0} migrate.tests.changeset.test_changeset.TestAddDropColumn.test_defined [0.137044s] ... FAILED

Captured traceback:
~~~~~~~~~~~~~~~~~~~
    Traceback (most recent call last):
      File "<decorator-gen-6>", line 2, in test_defined
      File "migrate/tests/fixture/database.py", line 109, in dec
        six.reraise(*fail)
      File "migrate/tests/fixture/database.py", line 96, in dec
        f(self, *a, **kw)
      File "migrate/tests/changeset/test_changeset.py", line 105, in test_defined
        return self.run_(add_func, drop_func)
      File "migrate/tests/changeset/test_changeset.py", line 70, in run_
        assert_numcols(1)
      File "migrate/tests/changeset/test_changeset.py", line 60, in assert_numcols
        self.refresh_table(self.table_name)
      File "migrate/tests/fixture/database.py", line 189, in refresh_table
        self.table = Table(name, self.meta, autoload=True)
      File "/opt/stack/sqlalchemy-migrate/.tox/py27/local/lib/python2.7/site-packages/sqlalchemy/sql/schema.py", line 439, in __new__
        metadata._remove_table(name, schema)
      File "/opt/stack/sqlalchemy-migrate/.tox/py27/local/lib/python2.7/site-packages/sqlalchemy/util/langhelpers.py", line 66, in __exit__
        compat.reraise(exc_type, exc_value, exc_tb)
      File "/opt/stack/sqlalchemy-migrate/.tox/py27/local/lib/python2.7/site-packages/sqlalchemy/sql/schema.py", line 434, in __new__
        table._init(name, metadata, *args, **kw)
      File "/opt/stack/sqlalchemy-migrate/.tox/py27/local/lib/python2.7/site-packages/sqlalchemy/sql/schema.py", line 514, in _init
        include_columns, _extend_on=_extend_on)
      File "/opt/stack/sqlalchemy-migrate/.tox/py27/local/lib/python2.7/site-packages/sqlalchemy/sql/schema.py", line 540, in _autoload
        _extend_on=_extend_on
      File "/opt/stack/sqlalchemy-migrate/.tox/py27/local/lib/python2.7/site-packages/sqlalchemy/engine/base.py", line 2045, in run_callable
        return conn.run_callable(callable_, *args, **kwargs)
      File "/opt/stack/sqlalchemy-migrate/.tox/py27/local/lib/python2.7/site-packages/sqlalchemy/engine/base.py", line 1534, in run_callable
        return callable_(self, *args, **kwargs)
      File "/opt/stack/sqlalchemy-migrate/.tox/py27/local/lib/python2.7/site-packages/sqlalchemy/engine/default.py", line 372, in reflecttable
        table, include_columns, exclude_columns, **opts)
      File "/opt/stack/sqlalchemy-migrate/.tox/py27/local/lib/python2.7/site-packages/sqlalchemy/engine/reflection.py", line 598, in reflecttable
        table_name, schema, **table.dialect_kwargs):
      File "/opt/stack/sqlalchemy-migrate/.tox/py27/local/lib/python2.7/site-packages/sqlalchemy/engine/reflection.py", line 369, in get_columns
        **kw)
      File "/opt/stack/sqlalchemy-migrate/.tox/py27/local/lib/python2.7/site-packages/cockroachdb/sqlalchemy/dialect.py", line 96, in get_columns
        name, type_name, nullable, default = row
    ValueError: too many values to unpack
    
2017-07-03 16:24:44,503 INFO sqlalchemy.engine.base.Engine SELECT CAST('test plain returns' AS VARCHAR(60)) AS anon_1
2017-07-03 16:24:44,503 INFO sqlalchemy.engine.base.Engine {}
2017-07-03 16:24:44,503 INFO sqlalchemy.engine.base.Engine SELECT CAST('test unicode returns' AS VARCHAR(60)) AS anon_1
2017-07-03 16:24:44,503 INFO sqlalchemy.engine.base.Engine {}
2017-07-03 16:24:44,504 INFO sqlalchemy.engine.base.Engine SHOW TABLES
2017-07-03 16:24:44,504 INFO sqlalchemy.engine.base.Engine {}
2017-07-03 16:24:44,506 INFO sqlalchemy.engine.base.Engine SHOW TABLES
2017-07-03 16:24:44,507 INFO sqlalchemy.engine.base.Engine {}
2017-07-03 16:24:44,508 INFO sqlalchemy.engine.base.Engine SHOW TABLES
2017-07-03 16:24:44,508 INFO sqlalchemy.engine.base.Engine {}
2017-07-03 16:24:44,510 INFO sqlalchemy.engine.base.Engine 
CREATE TABLE tmp_adddropcol (
	id INTEGER, 
	UNIQUE (id)
)


2017-07-03 16:24:44,510 INFO sqlalchemy.engine.base.Engine {}
2017-07-03 16:24:44,515 INFO sqlalchemy.engine.base.Engine COMMIT
2017-07-03 16:24:44,517 INFO sqlalchemy.engine.base.Engine 
CREATE TABLE tmp_adddropcol_idx (
	id INTEGER DEFAULT unique_rowid() NOT NULL, 
	a INTEGER, 
	b INTEGER, 
	PRIMARY KEY (id)
)


2017-07-03 16:24:44,517 INFO sqlalchemy.engine.base.Engine {}
2017-07-03 16:24:44,523 INFO sqlalchemy.engine.base.Engine COMMIT
2017-07-03 16:24:44,526 INFO sqlalchemy.engine.base.Engine CREATE INDEX test_idx ON tmp_adddropcol_idx (a, b)
2017-07-03 16:24:44,526 INFO sqlalchemy.engine.base.Engine {}
2017-07-03 16:24:44,532 INFO sqlalchemy.engine.base.Engine COMMIT
2017-07-03 16:24:44,584 INFO sqlalchemy.engine.base.Engine SHOW TABLES
2017-07-03 16:24:44,584 INFO sqlalchemy.engine.base.Engine {}
2017-07-03 16:24:44,586 INFO sqlalchemy.engine.base.Engine 
DROP TABLE tmp_adddropcol
2017-07-03 16:24:44,586 INFO sqlalchemy.engine.base.Engine {}
2017-07-03 16:24:44,590 INFO sqlalchemy.engine.base.Engine COMMIT
2017-07-03 16:24:44,605 INFO sqlalchemy.engine.base.Engine SHOW TABLES
2017-07-03 16:24:44,605 INFO sqlalchemy.engine.base.Engine {}
2017-07-03 16:24:44,607 INFO sqlalchemy.engine.base.Engine 
DROP TABLE tmp_adddropcol_idx
2017-07-03 16:24:44,607 INFO sqlalchemy.engine.base.Engine {}
2017-07-03 16:24:44,611 INFO sqlalchemy.engine.base.Engine COMMIT
{0} migrate.tests.changeset.test_changeset.TestAddDropColumn.test_drop_all_columns_of_composite_index [0.128358s] ... FAILED

Captured traceback:
~~~~~~~~~~~~~~~~~~~
    Traceback (most recent call last):
      File "<decorator-gen-30>", line 2, in test_drop_all_columns_of_composite_index
      File "migrate/tests/fixture/database.py", line 109, in dec
        six.reraise(*fail)
      File "migrate/tests/fixture/database.py", line 96, in dec
        f(self, *a, **kw)
      File "migrate/tests/changeset/test_changeset.py", line 290, in test_drop_all_columns_of_composite_index
        self.table_idx.c.a.drop()
      File "migrate/changeset/schema.py", line 597, in drop
        visitorcallable = get_engine_visitor(engine, 'columndropper')
      File "migrate/changeset/databases/visitor.py", line 47, in get_engine_visitor
        return get_dialect_visitor(engine.dialect, name)
      File "migrate/changeset/databases/visitor.py", line 62, in get_dialect_visitor
        migrate_dialect_cls = DIALECTS[sa_dialect_name]
    KeyError: 'cockroachdb'
    
2017-07-03 16:24:44,631 INFO sqlalchemy.engine.base.Engine SELECT CAST('test plain returns' AS VARCHAR(60)) AS anon_1
2017-07-03 16:24:44,631 INFO sqlalchemy.engine.base.Engine {}
2017-07-03 16:24:44,632 INFO sqlalchemy.engine.base.Engine SELECT CAST('test unicode returns' AS VARCHAR(60)) AS anon_1
2017-07-03 16:24:44,632 INFO sqlalchemy.engine.base.Engine {}
2017-07-03 16:24:44,633 INFO sqlalchemy.engine.base.Engine SHOW TABLES
2017-07-03 16:24:44,633 INFO sqlalchemy.engine.base.Engine {}
2017-07-03 16:24:44,635 INFO sqlalchemy.engine.base.Engine SHOW TABLES
2017-07-03 16:24:44,635 INFO sqlalchemy.engine.base.Engine {}
2017-07-03 16:24:44,636 INFO sqlalchemy.engine.base.Engine SHOW TABLES
2017-07-03 16:24:44,637 INFO sqlalchemy.engine.base.Engine {}
2017-07-03 16:24:44,638 INFO sqlalchemy.engine.base.Engine 
CREATE TABLE tmp_adddropcol (
	id INTEGER, 
	UNIQUE (id)
)


2017-07-03 16:24:44,638 INFO sqlalchemy.engine.base.Engine {}
2017-07-03 16:24:44,643 INFO sqlalchemy.engine.base.Engine COMMIT
2017-07-03 16:24:44,646 INFO sqlalchemy.engine.base.Engine 
CREATE TABLE tmp_adddropcol_idx (
	id INTEGER DEFAULT unique_rowid() NOT NULL, 
	a INTEGER, 
	b INTEGER, 
	PRIMARY KEY (id)
)


2017-07-03 16:24:44,646 INFO sqlalchemy.engine.base.Engine {}
2017-07-03 16:24:44,654 INFO sqlalchemy.engine.base.Engine COMMIT
2017-07-03 16:24:44,656 INFO sqlalchemy.engine.base.Engine CREATE INDEX test_idx ON tmp_adddropcol_idx (a, b)
2017-07-03 16:24:44,656 INFO sqlalchemy.engine.base.Engine {}
2017-07-03 16:24:44,664 INFO sqlalchemy.engine.base.Engine COMMIT
2017-07-03 16:24:44,718 INFO sqlalchemy.engine.base.Engine SHOW COLUMNS FROM "tmp_adddropcol"
2017-07-03 16:24:44,718 INFO sqlalchemy.engine.base.Engine {}
2017-07-03 16:24:44,724 INFO sqlalchemy.engine.base.Engine SHOW TABLES
2017-07-03 16:24:44,724 INFO sqlalchemy.engine.base.Engine {}
2017-07-03 16:24:44,727 INFO sqlalchemy.engine.base.Engine 
DROP TABLE tmp_adddropcol
2017-07-03 16:24:44,727 INFO sqlalchemy.engine.base.Engine {}
2017-07-03 16:24:44,732 INFO sqlalchemy.engine.base.Engine COMMIT
2017-07-03 16:24:44,749 INFO sqlalchemy.engine.base.Engine SHOW TABLES
2017-07-03 16:24:44,749 INFO sqlalchemy.engine.base.Engine {}
2017-07-03 16:24:44,751 INFO sqlalchemy.engine.base.Engine 
DROP TABLE tmp_adddropcol_idx
2017-07-03 16:24:44,751 INFO sqlalchemy.engine.base.Engine {}
2017-07-03 16:24:44,755 INFO sqlalchemy.engine.base.Engine COMMIT
{0} migrate.tests.changeset.test_changeset.TestAddDropColumn.test_drop_column_not_in_table [0.142834s] ... FAILED

Captured traceback:
~~~~~~~~~~~~~~~~~~~
    Traceback (most recent call last):
      File "<decorator-gen-18>", line 2, in test_drop_column_not_in_table
      File "migrate/tests/fixture/database.py", line 109, in dec
        six.reraise(*fail)
      File "migrate/tests/fixture/database.py", line 96, in dec
        f(self, *a, **kw)
      File "migrate/tests/changeset/test_changeset.py", line 173, in test_drop_column_not_in_table
        self.run_(add_func, drop_func)
      File "migrate/tests/changeset/test_changeset.py", line 70, in run_
        assert_numcols(1)
      File "migrate/tests/changeset/test_changeset.py", line 60, in assert_numcols
        self.refresh_table(self.table_name)
      File "migrate/tests/fixture/database.py", line 189, in refresh_table
        self.table = Table(name, self.meta, autoload=True)
      File "/opt/stack/sqlalchemy-migrate/.tox/py27/local/lib/python2.7/site-packages/sqlalchemy/sql/schema.py", line 439, in __new__
        metadata._remove_table(name, schema)
      File "/opt/stack/sqlalchemy-migrate/.tox/py27/local/lib/python2.7/site-packages/sqlalchemy/util/langhelpers.py", line 66, in __exit__
        compat.reraise(exc_type, exc_value, exc_tb)
      File "/opt/stack/sqlalchemy-migrate/.tox/py27/local/lib/python2.7/site-packages/sqlalchemy/sql/schema.py", line 434, in __new__
        table._init(name, metadata, *args, **kw)
      File "/opt/stack/sqlalchemy-migrate/.tox/py27/local/lib/python2.7/site-packages/sqlalchemy/sql/schema.py", line 514, in _init
        include_columns, _extend_on=_extend_on)
      File "/opt/stack/sqlalchemy-migrate/.tox/py27/local/lib/python2.7/site-packages/sqlalchemy/sql/schema.py", line 540, in _autoload
        _extend_on=_extend_on
      File "/opt/stack/sqlalchemy-migrate/.tox/py27/local/lib/python2.7/site-packages/sqlalchemy/engine/base.py", line 2045, in run_callable
        return conn.run_callable(callable_, *args, **kwargs)
      File "/opt/stack/sqlalchemy-migrate/.tox/py27/local/lib/python2.7/site-packages/sqlalchemy/engine/base.py", line 1534, in run_callable
        return callable_(self, *args, **kwargs)
      File "/opt/stack/sqlalchemy-migrate/.tox/py27/local/lib/python2.7/site-packages/sqlalchemy/engine/default.py", line 372, in reflecttable
        table, include_columns, exclude_columns, **opts)
      File "/opt/stack/sqlalchemy-migrate/.tox/py27/local/lib/python2.7/site-packages/sqlalchemy/engine/reflection.py", line 598, in reflecttable
        table_name, schema, **table.dialect_kwargs):
      File "/opt/stack/sqlalchemy-migrate/.tox/py27/local/lib/python2.7/site-packages/sqlalchemy/engine/reflection.py", line 369, in get_columns
        **kw)
      File "/opt/stack/sqlalchemy-migrate/.tox/py27/local/lib/python2.7/site-packages/cockroachdb/sqlalchemy/dialect.py", line 96, in get_columns
        name, type_name, nullable, default = row
    ValueError: too many values to unpack
    
2017-07-03 16:24:44,774 INFO sqlalchemy.engine.base.Engine SELECT CAST('test plain returns' AS VARCHAR(60)) AS anon_1
2017-07-03 16:24:44,774 INFO sqlalchemy.engine.base.Engine {}
2017-07-03 16:24:44,775 INFO sqlalchemy.engine.base.Engine SELECT CAST('test unicode returns' AS VARCHAR(60)) AS anon_1
2017-07-03 16:24:44,775 INFO sqlalchemy.engine.base.Engine {}
2017-07-03 16:24:44,775 INFO sqlalchemy.engine.base.Engine SHOW TABLES
2017-07-03 16:24:44,776 INFO sqlalchemy.engine.base.Engine {}
2017-07-03 16:24:44,778 INFO sqlalchemy.engine.base.Engine SHOW TABLES
2017-07-03 16:24:44,778 INFO sqlalchemy.engine.base.Engine {}
2017-07-03 16:24:44,779 INFO sqlalchemy.engine.base.Engine SHOW TABLES
2017-07-03 16:24:44,779 INFO sqlalchemy.engine.base.Engine {}
2017-07-03 16:24:44,781 INFO sqlalchemy.engine.base.Engine 
CREATE TABLE tmp_adddropcol (
	id INTEGER, 
	UNIQUE (id)
)


2017-07-03 16:24:44,781 INFO sqlalchemy.engine.base.Engine {}
2017-07-03 16:24:44,787 INFO sqlalchemy.engine.base.Engine COMMIT
2017-07-03 16:24:44,789 INFO sqlalchemy.engine.base.Engine 
CREATE TABLE tmp_adddropcol_idx (
	id INTEGER DEFAULT unique_rowid() NOT NULL, 
	a INTEGER, 
	b INTEGER, 
	PRIMARY KEY (id)
)


2017-07-03 16:24:44,789 INFO sqlalchemy.engine.base.Engine {}
2017-07-03 16:24:44,798 INFO sqlalchemy.engine.base.Engine COMMIT
2017-07-03 16:24:44,801 INFO sqlalchemy.engine.base.Engine CREATE INDEX test_idx ON tmp_adddropcol_idx (a, b)
2017-07-03 16:24:44,801 INFO sqlalchemy.engine.base.Engine {}
2017-07-03 16:24:44,806 INFO sqlalchemy.engine.base.Engine COMMIT
2017-07-03 16:24:44,856 INFO sqlalchemy.engine.base.Engine SHOW TABLES
2017-07-03 16:24:44,856 INFO sqlalchemy.engine.base.Engine {}
2017-07-03 16:24:44,858 INFO sqlalchemy.engine.base.Engine 
DROP TABLE tmp_adddropcol
2017-07-03 16:24:44,858 INFO sqlalchemy.engine.base.Engine {}
2017-07-03 16:24:44,862 INFO sqlalchemy.engine.base.Engine COMMIT
2017-07-03 16:24:44,879 INFO sqlalchemy.engine.base.Engine SHOW TABLES
2017-07-03 16:24:44,879 INFO sqlalchemy.engine.base.Engine {}
2017-07-03 16:24:44,880 INFO sqlalchemy.engine.base.Engine 
DROP TABLE tmp_adddropcol_idx
2017-07-03 16:24:44,880 INFO sqlalchemy.engine.base.Engine {}
2017-07-03 16:24:44,884 INFO sqlalchemy.engine.base.Engine COMMIT
{0} migrate.tests.changeset.test_changeset.TestAddDropColumn.test_drop_column_of_composite_index [0.127102s] ... FAILED

Captured traceback:
~~~~~~~~~~~~~~~~~~~
    Traceback (most recent call last):
      File "<decorator-gen-28>", line 2, in test_drop_column_of_composite_index
      File "migrate/tests/fixture/database.py", line 109, in dec
        six.reraise(*fail)
      File "migrate/tests/fixture/database.py", line 96, in dec
        f(self, *a, **kw)
      File "migrate/tests/changeset/test_changeset.py", line 281, in test_drop_column_of_composite_index
        self.table_idx.c.b.drop()
      File "migrate/changeset/schema.py", line 597, in drop
        visitorcallable = get_engine_visitor(engine, 'columndropper')
      File "migrate/changeset/databases/visitor.py", line 47, in get_engine_visitor
        return get_dialect_visitor(engine.dialect, name)
      File "migrate/changeset/databases/visitor.py", line 62, in get_dialect_visitor
        migrate_dialect_cls = DIALECTS[sa_dialect_name]
    KeyError: 'cockroachdb'
    
2017-07-03 16:24:44,902 INFO sqlalchemy.engine.base.Engine SELECT CAST('test plain returns' AS VARCHAR(60)) AS anon_1
2017-07-03 16:24:44,902 INFO sqlalchemy.engine.base.Engine {}
2017-07-03 16:24:44,902 INFO sqlalchemy.engine.base.Engine SELECT CAST('test unicode returns' AS VARCHAR(60)) AS anon_1
2017-07-03 16:24:44,903 INFO sqlalchemy.engine.base.Engine {}
2017-07-03 16:24:44,903 INFO sqlalchemy.engine.base.Engine SHOW TABLES
2017-07-03 16:24:44,903 INFO sqlalchemy.engine.base.Engine {}
2017-07-03 16:24:44,906 INFO sqlalchemy.engine.base.Engine SHOW TABLES
2017-07-03 16:24:44,906 INFO sqlalchemy.engine.base.Engine {}
2017-07-03 16:24:44,907 INFO sqlalchemy.engine.base.Engine SHOW TABLES
2017-07-03 16:24:44,907 INFO sqlalchemy.engine.base.Engine {}
2017-07-03 16:24:44,909 INFO sqlalchemy.engine.base.Engine 
CREATE TABLE tmp_adddropcol (
	id INTEGER, 
	UNIQUE (id)
)


2017-07-03 16:24:44,909 INFO sqlalchemy.engine.base.Engine {}
2017-07-03 16:24:44,914 INFO sqlalchemy.engine.base.Engine COMMIT
2017-07-03 16:24:44,916 INFO sqlalchemy.engine.base.Engine 
CREATE TABLE tmp_adddropcol_idx (
	id INTEGER DEFAULT unique_rowid() NOT NULL, 
	a INTEGER, 
	b INTEGER, 
	PRIMARY KEY (id)
)


2017-07-03 16:24:44,916 INFO sqlalchemy.engine.base.Engine {}
2017-07-03 16:24:44,930 INFO sqlalchemy.engine.base.Engine COMMIT
2017-07-03 16:24:44,934 INFO sqlalchemy.engine.base.Engine CREATE INDEX test_idx ON tmp_adddropcol_idx (a, b)
2017-07-03 16:24:44,934 INFO sqlalchemy.engine.base.Engine {}
2017-07-03 16:24:44,940 INFO sqlalchemy.engine.base.Engine COMMIT
2017-07-03 16:24:44,992 INFO sqlalchemy.engine.base.Engine 
DROP TABLE tmp_adddropcol
2017-07-03 16:24:44,992 INFO sqlalchemy.engine.base.Engine {}
2017-07-03 16:24:44,996 INFO sqlalchemy.engine.base.Engine COMMIT
2017-07-03 16:24:45,013 INFO sqlalchemy.engine.base.Engine 
CREATE TABLE tmp_adddropcol (
	id INTEGER DEFAULT unique_rowid() NOT NULL, 
	d1 VARCHAR(10), 
	d2 VARCHAR(10), 
	PRIMARY KEY (id)
)


2017-07-03 16:24:45,013 INFO sqlalchemy.engine.base.Engine {}
2017-07-03 16:24:45,018 INFO sqlalchemy.engine.base.Engine COMMIT
2017-07-03 16:24:45,020 INFO sqlalchemy.engine.base.Engine CREATE INDEX ix_tmp_adddropcol_d1 ON tmp_adddropcol (d1)
2017-07-03 16:24:45,020 INFO sqlalchemy.engine.base.Engine {}
2017-07-03 16:24:45,028 INFO sqlalchemy.engine.base.Engine COMMIT
2017-07-03 16:24:45,083 INFO sqlalchemy.engine.base.Engine CREATE INDEX ix_tmp_adddropcol_d2 ON tmp_adddropcol (d2)
2017-07-03 16:24:45,083 INFO sqlalchemy.engine.base.Engine {}
2017-07-03 16:24:45,087 INFO sqlalchemy.engine.base.Engine COMMIT
2017-07-03 16:24:45,171 INFO sqlalchemy.engine.base.Engine SHOW COLUMNS FROM "tmp_adddropcol"
2017-07-03 16:24:45,171 INFO sqlalchemy.engine.base.Engine {}
2017-07-03 16:24:45,177 INFO sqlalchemy.engine.base.Engine SHOW TABLES
2017-07-03 16:24:45,177 INFO sqlalchemy.engine.base.Engine {}
2017-07-03 16:24:45,178 INFO sqlalchemy.engine.base.Engine 
DROP TABLE tmp_adddropcol
2017-07-03 16:24:45,179 INFO sqlalchemy.engine.base.Engine {}
2017-07-03 16:24:45,182 INFO sqlalchemy.engine.base.Engine COMMIT
2017-07-03 16:24:45,198 INFO sqlalchemy.engine.base.Engine SHOW TABLES
2017-07-03 16:24:45,198 INFO sqlalchemy.engine.base.Engine {}
2017-07-03 16:24:45,200 INFO sqlalchemy.engine.base.Engine 
DROP TABLE tmp_adddropcol_idx
2017-07-03 16:24:45,200 INFO sqlalchemy.engine.base.Engine {}
2017-07-03 16:24:45,206 INFO sqlalchemy.engine.base.Engine COMMIT
{0} migrate.tests.changeset.test_changeset.TestAddDropColumn.test_drop_doesnt_delete_other_indexes [0.327573s] ... FAILED

Captured traceback:
~~~~~~~~~~~~~~~~~~~
    Traceback (most recent call last):
      File "<decorator-gen-40>", line 2, in test_drop_doesnt_delete_other_indexes
      File "migrate/tests/fixture/database.py", line 109, in dec
        six.reraise(*fail)
      File "migrate/tests/fixture/database.py", line 96, in dec
        f(self, *a, **kw)
      File "migrate/tests/changeset/test_changeset.py", line 381, in test_drop_doesnt_delete_other_indexes
        self.refresh_table()
      File "migrate/tests/fixture/database.py", line 189, in refresh_table
        self.table = Table(name, self.meta, autoload=True)
      File "/opt/stack/sqlalchemy-migrate/.tox/py27/local/lib/python2.7/site-packages/sqlalchemy/sql/schema.py", line 439, in __new__
        metadata._remove_table(name, schema)
      File "/opt/stack/sqlalchemy-migrate/.tox/py27/local/lib/python2.7/site-packages/sqlalchemy/util/langhelpers.py", line 66, in __exit__
        compat.reraise(exc_type, exc_value, exc_tb)
      File "/opt/stack/sqlalchemy-migrate/.tox/py27/local/lib/python2.7/site-packages/sqlalchemy/sql/schema.py", line 434, in __new__
        table._init(name, metadata, *args, **kw)
      File "/opt/stack/sqlalchemy-migrate/.tox/py27/local/lib/python2.7/site-packages/sqlalchemy/sql/schema.py", line 514, in _init
        include_columns, _extend_on=_extend_on)
      File "/opt/stack/sqlalchemy-migrate/.tox/py27/local/lib/python2.7/site-packages/sqlalchemy/sql/schema.py", line 540, in _autoload
        _extend_on=_extend_on
      File "/opt/stack/sqlalchemy-migrate/.tox/py27/local/lib/python2.7/site-packages/sqlalchemy/engine/base.py", line 2045, in run_callable
        return conn.run_callable(callable_, *args, **kwargs)
      File "/opt/stack/sqlalchemy-migrate/.tox/py27/local/lib/python2.7/site-packages/sqlalchemy/engine/base.py", line 1534, in run_callable
        return callable_(self, *args, **kwargs)
      File "/opt/stack/sqlalchemy-migrate/.tox/py27/local/lib/python2.7/site-packages/sqlalchemy/engine/default.py", line 372, in reflecttable
        table, include_columns, exclude_columns, **opts)
      File "/opt/stack/sqlalchemy-migrate/.tox/py27/local/lib/python2.7/site-packages/sqlalchemy/engine/reflection.py", line 598, in reflecttable
        table_name, schema, **table.dialect_kwargs):
      File "/opt/stack/sqlalchemy-migrate/.tox/py27/local/lib/python2.7/site-packages/sqlalchemy/engine/reflection.py", line 369, in get_columns
        **kw)
      File "/opt/stack/sqlalchemy-migrate/.tox/py27/local/lib/python2.7/site-packages/cockroachdb/sqlalchemy/dialect.py", line 96, in get_columns
        name, type_name, nullable, default = row
    ValueError: too many values to unpack
    
2017-07-03 16:24:45,230 INFO sqlalchemy.engine.base.Engine SELECT CAST('test plain returns' AS VARCHAR(60)) AS anon_1
2017-07-03 16:24:45,230 INFO sqlalchemy.engine.base.Engine {}
2017-07-03 16:24:45,230 INFO sqlalchemy.engine.base.Engine SELECT CAST('test unicode returns' AS VARCHAR(60)) AS anon_1
2017-07-03 16:24:45,231 INFO sqlalchemy.engine.base.Engine {}
2017-07-03 16:24:45,231 INFO sqlalchemy.engine.base.Engine SHOW TABLES
2017-07-03 16:24:45,231 INFO sqlalchemy.engine.base.Engine {}
2017-07-03 16:24:45,234 INFO sqlalchemy.engine.base.Engine SHOW TABLES
2017-07-03 16:24:45,234 INFO sqlalchemy.engine.base.Engine {}
2017-07-03 16:24:45,236 INFO sqlalchemy.engine.base.Engine SHOW TABLES
2017-07-03 16:24:45,236 INFO sqlalchemy.engine.base.Engine {}
2017-07-03 16:24:45,238 INFO sqlalchemy.engine.base.Engine 
CREATE TABLE tmp_adddropcol (
	id INTEGER, 
	UNIQUE (id)
)


2017-07-03 16:24:45,238 INFO sqlalchemy.engine.base.Engine {}
2017-07-03 16:24:45,243 INFO sqlalchemy.engine.base.Engine COMMIT
2017-07-03 16:24:45,245 INFO sqlalchemy.engine.base.Engine 
CREATE TABLE tmp_adddropcol_idx (
	id INTEGER DEFAULT unique_rowid() NOT NULL, 
	a INTEGER, 
	b INTEGER, 
	PRIMARY KEY (id)
)


2017-07-03 16:24:45,246 INFO sqlalchemy.engine.base.Engine {}
2017-07-03 16:24:45,253 INFO sqlalchemy.engine.base.Engine COMMIT
2017-07-03 16:24:45,256 INFO sqlalchemy.engine.base.Engine CREATE INDEX test_idx ON tmp_adddropcol_idx (a, b)
2017-07-03 16:24:45,256 INFO sqlalchemy.engine.base.Engine {}
2017-07-03 16:24:45,261 INFO sqlalchemy.engine.base.Engine COMMIT
2017-07-03 16:24:45,315 INFO sqlalchemy.engine.base.Engine 
DROP TABLE tmp_adddropcol
2017-07-03 16:24:45,315 INFO sqlalchemy.engine.base.Engine {}
2017-07-03 16:24:45,319 INFO sqlalchemy.engine.base.Engine COMMIT
2017-07-03 16:24:45,335 INFO sqlalchemy.engine.base.Engine SHOW TABLES
2017-07-03 16:24:45,335 INFO sqlalchemy.engine.base.Engine {}
2017-07-03 16:24:45,337 INFO sqlalchemy.engine.base.Engine 
CREATE TABLE tmp_ref (
	id INTEGER DEFAULT unique_rowid() NOT NULL, 
	jd INTEGER NOT NULL, 
	PRIMARY KEY (id), 
	UNIQUE (id, jd)
)


2017-07-03 16:24:45,337 INFO sqlalchemy.engine.base.Engine {}
2017-07-03 16:24:45,342 INFO sqlalchemy.engine.base.Engine COMMIT
2017-07-03 16:24:45,345 INFO sqlalchemy.engine.base.Engine 
CREATE TABLE tmp_adddropcol (
	id INTEGER DEFAULT unique_rowid() NOT NULL, 
	r1 INTEGER NOT NULL, 
	r2 INTEGER NOT NULL, 
	PRIMARY KEY (id)
)


2017-07-03 16:24:45,345 INFO sqlalchemy.engine.base.Engine {}
2017-07-03 16:24:45,353 INFO sqlalchemy.engine.base.Engine COMMIT
2017-07-03 16:24:45,356 INFO sqlalchemy.engine.base.Engine SHOW TABLES
2017-07-03 16:24:45,356 INFO sqlalchemy.engine.base.Engine {}
2017-07-03 16:24:45,367 INFO sqlalchemy.engine.base.Engine 
DROP TABLE tmp_adddropcol
2017-07-03 16:24:45,367 INFO sqlalchemy.engine.base.Engine {}
2017-07-03 16:24:45,372 INFO sqlalchemy.engine.base.Engine COMMIT
2017-07-03 16:24:45,386 INFO sqlalchemy.engine.base.Engine SHOW TABLES
2017-07-03 16:24:45,386 INFO sqlalchemy.engine.base.Engine {}
2017-07-03 16:24:45,388 INFO sqlalchemy.engine.base.Engine 
DROP TABLE tmp_adddropcol_idx
2017-07-03 16:24:45,388 INFO sqlalchemy.engine.base.Engine {}
2017-07-03 16:24:45,392 INFO sqlalchemy.engine.base.Engine COMMIT
{0} migrate.tests.changeset.test_changeset.TestAddDropColumn.test_drop_with_complex_foreign_keys [0.180760s] ... FAILED

Captured traceback:
~~~~~~~~~~~~~~~~~~~
    Traceback (most recent call last):
      File "<decorator-gen-44>", line 2, in test_drop_with_complex_foreign_keys
      File "migrate/tests/fixture/database.py", line 109, in dec
        six.reraise(*fail)
      File "migrate/tests/fixture/database.py", line 96, in dec
        f(self, *a, **kw)
      File "migrate/tests/changeset/test_changeset.py", line 491, in test_drop_with_complex_foreign_keys
        self.table.c.r2.drop()
      File "migrate/changeset/schema.py", line 597, in drop
        visitorcallable = get_engine_visitor(engine, 'columndropper')
      File "migrate/changeset/databases/visitor.py", line 47, in get_engine_visitor
        return get_dialect_visitor(engine.dialect, name)
      File "migrate/changeset/databases/visitor.py", line 62, in get_dialect_visitor
        migrate_dialect_cls = DIALECTS[sa_dialect_name]
    KeyError: 'cockroachdb'
    
2017-07-03 16:24:45,411 INFO sqlalchemy.engine.base.Engine SELECT CAST('test plain returns' AS VARCHAR(60)) AS anon_1
2017-07-03 16:24:45,411 INFO sqlalchemy.engine.base.Engine {}
2017-07-03 16:24:45,411 INFO sqlalchemy.engine.base.Engine SELECT CAST('test unicode returns' AS VARCHAR(60)) AS anon_1
2017-07-03 16:24:45,411 INFO sqlalchemy.engine.base.Engine {}
2017-07-03 16:24:45,412 INFO sqlalchemy.engine.base.Engine SHOW TABLES
2017-07-03 16:24:45,412 INFO sqlalchemy.engine.base.Engine {}
2017-07-03 16:24:45,414 INFO sqlalchemy.engine.base.Engine SHOW COLUMNS FROM "tmp_ref"
2017-07-03 16:24:45,414 INFO sqlalchemy.engine.base.Engine {}
{0} migrate.tests.changeset.test_changeset.TestAddDropColumn.test_drop_with_foreign_keys [0.010894s] ... FAILED

Captured traceback:
~~~~~~~~~~~~~~~~~~~
    Traceback (most recent call last):
      File "<decorator-gen-42>", line 2, in test_drop_with_foreign_keys
      File "migrate/tests/fixture/database.py", line 109, in dec
        six.reraise(*fail)
      File "migrate/tests/fixture/database.py", line 93, in dec
        raise RuntimeError('Exception during _setup(): %r' % e)
    RuntimeError: Exception during _setup(): ValueError('too many values to unpack',)
    
2017-07-03 16:24:45,422 INFO sqlalchemy.engine.base.Engine SELECT CAST('test plain returns' AS VARCHAR(60)) AS anon_1
2017-07-03 16:24:45,422 INFO sqlalchemy.engine.base.Engine {}
2017-07-03 16:24:45,423 INFO sqlalchemy.engine.base.Engine SELECT CAST('test unicode returns' AS VARCHAR(60)) AS anon_1
2017-07-03 16:24:45,423 INFO sqlalchemy.engine.base.Engine {}
2017-07-03 16:24:45,423 INFO sqlalchemy.engine.base.Engine SHOW TABLES
2017-07-03 16:24:45,424 INFO sqlalchemy.engine.base.Engine {}
2017-07-03 16:24:45,425 INFO sqlalchemy.engine.base.Engine SHOW COLUMNS FROM "tmp_ref"
2017-07-03 16:24:45,425 INFO sqlalchemy.engine.base.Engine {}
{0} migrate.tests.changeset.test_changeset.TestAddDropColumn.test_fk [0.011221s] ... FAILED

Captured traceback:
~~~~~~~~~~~~~~~~~~~
    Traceback (most recent call last):
      File "<decorator-gen-20>", line 2, in test_fk
      File "migrate/tests/fixture/database.py", line 109, in dec
        six.reraise(*fail)
      File "migrate/tests/fixture/database.py", line 93, in dec
        raise RuntimeError('Exception during _setup(): %r' % e)
    RuntimeError: Exception during _setup(): ValueError('too many values to unpack',)
    
2017-07-03 16:24:45,433 INFO sqlalchemy.engine.base.Engine SELECT CAST('test plain returns' AS VARCHAR(60)) AS anon_1
2017-07-03 16:24:45,433 INFO sqlalchemy.engine.base.Engine {}
2017-07-03 16:24:45,434 INFO sqlalchemy.engine.base.Engine SELECT CAST('test unicode returns' AS VARCHAR(60)) AS anon_1
2017-07-03 16:24:45,434 INFO sqlalchemy.engine.base.Engine {}
2017-07-03 16:24:45,435 INFO sqlalchemy.engine.base.Engine SHOW TABLES
2017-07-03 16:24:45,435 INFO sqlalchemy.engine.base.Engine {}
2017-07-03 16:24:45,437 INFO sqlalchemy.engine.base.Engine SHOW COLUMNS FROM "tmp_ref"
2017-07-03 16:24:45,437 INFO sqlalchemy.engine.base.Engine {}
{0} migrate.tests.changeset.test_changeset.TestAddDropColumn.test_index [0.010274s] ... FAILED

Captured traceback:
~~~~~~~~~~~~~~~~~~~
    Traceback (most recent call last):
      File "<decorator-gen-32>", line 2, in test_index
      File "migrate/tests/fixture/database.py", line 109, in dec
        six.reraise(*fail)
      File "migrate/tests/fixture/database.py", line 93, in dec
        raise RuntimeError('Exception during _setup(): %r' % e)
    RuntimeError: Exception during _setup(): ValueError('too many values to unpack',)
    
2017-07-03 16:24:45,444 INFO sqlalchemy.engine.base.Engine SELECT CAST('test plain returns' AS VARCHAR(60)) AS anon_1
2017-07-03 16:24:45,444 INFO sqlalchemy.engine.base.Engine {}
2017-07-03 16:24:45,444 INFO sqlalchemy.engine.base.Engine SELECT CAST('test unicode returns' AS VARCHAR(60)) AS anon_1
2017-07-03 16:24:45,444 INFO sqlalchemy.engine.base.Engine {}
2017-07-03 16:24:45,445 INFO sqlalchemy.engine.base.Engine SHOW TABLES
2017-07-03 16:24:45,445 INFO sqlalchemy.engine.base.Engine {}
2017-07-03 16:24:45,447 INFO sqlalchemy.engine.base.Engine SHOW COLUMNS FROM "tmp_ref"
2017-07-03 16:24:45,447 INFO sqlalchemy.engine.base.Engine {}
{0} migrate.tests.changeset.test_changeset.TestAddDropColumn.test_index_unique [0.009917s] ... FAILED

Captured traceback:
~~~~~~~~~~~~~~~~~~~
    Traceback (most recent call last):
      File "<decorator-gen-34>", line 2, in test_index_unique
      File "migrate/tests/fixture/database.py", line 109, in dec
        six.reraise(*fail)
      File "migrate/tests/fixture/database.py", line 93, in dec
        raise RuntimeError('Exception during _setup(): %r' % e)
    RuntimeError: Exception during _setup(): ValueError('too many values to unpack',)
    
2017-07-03 16:24:45,454 INFO sqlalchemy.engine.base.Engine SELECT CAST('test plain returns' AS VARCHAR(60)) AS anon_1
2017-07-03 16:24:45,454 INFO sqlalchemy.engine.base.Engine {}
2017-07-03 16:24:45,455 INFO sqlalchemy.engine.base.Engine SELECT CAST('test unicode returns' AS VARCHAR(60)) AS anon_1
2017-07-03 16:24:45,455 INFO sqlalchemy.engine.base.Engine {}
2017-07-03 16:24:45,455 INFO sqlalchemy.engine.base.Engine SHOW TABLES
2017-07-03 16:24:45,455 INFO sqlalchemy.engine.base.Engine {}
2017-07-03 16:24:45,457 INFO sqlalchemy.engine.base.Engine SHOW COLUMNS FROM "tmp_ref"
2017-07-03 16:24:45,457 INFO sqlalchemy.engine.base.Engine {}
{0} migrate.tests.changeset.test_changeset.TestAddDropColumn.test_method_bound [0.009950s] ... FAILED

Captured traceback:
~~~~~~~~~~~~~~~~~~~
    Traceback (most recent call last):
      File "<decorator-gen-8>", line 2, in test_method_bound
      File "migrate/tests/fixture/database.py", line 109, in dec
        six.reraise(*fail)
      File "migrate/tests/fixture/database.py", line 93, in dec
        raise RuntimeError('Exception during _setup(): %r' % e)
    RuntimeError: Exception during _setup(): ValueError('too many values to unpack',)
    
2017-07-03 16:24:45,464 INFO sqlalchemy.engine.base.Engine SELECT CAST('test plain returns' AS VARCHAR(60)) AS anon_1
2017-07-03 16:24:45,464 INFO sqlalchemy.engine.base.Engine {}
2017-07-03 16:24:45,465 INFO sqlalchemy.engine.base.Engine SELECT CAST('test unicode returns' AS VARCHAR(60)) AS anon_1
2017-07-03 16:24:45,465 INFO sqlalchemy.engine.base.Engine {}
2017-07-03 16:24:45,465 INFO sqlalchemy.engine.base.Engine SHOW TABLES
2017-07-03 16:24:45,465 INFO sqlalchemy.engine.base.Engine {}
2017-07-03 16:24:45,467 INFO sqlalchemy.engine.base.Engine SHOW COLUMNS FROM "tmp_ref"
2017-07-03 16:24:45,467 INFO sqlalchemy.engine.base.Engine {}
{0} migrate.tests.changeset.test_changeset.TestAddDropColumn.test_method_notbound [0.009677s] ... FAILED

Captured traceback:
~~~~~~~~~~~~~~~~~~~
    Traceback (most recent call last):
      File "<decorator-gen-10>", line 2, in test_method_notbound
      File "migrate/tests/fixture/database.py", line 109, in dec
        six.reraise(*fail)
      File "migrate/tests/fixture/database.py", line 93, in dec
        raise RuntimeError('Exception during _setup(): %r' % e)
    RuntimeError: Exception during _setup(): ValueError('too many values to unpack',)
    
2017-07-03 16:24:45,474 INFO sqlalchemy.engine.base.Engine SELECT CAST('test plain returns' AS VARCHAR(60)) AS anon_1
2017-07-03 16:24:45,474 INFO sqlalchemy.engine.base.Engine {}
2017-07-03 16:24:45,475 INFO sqlalchemy.engine.base.Engine SELECT CAST('test unicode returns' AS VARCHAR(60)) AS anon_1
2017-07-03 16:24:45,475 INFO sqlalchemy.engine.base.Engine {}
2017-07-03 16:24:45,476 INFO sqlalchemy.engine.base.Engine SHOW TABLES
2017-07-03 16:24:45,476 INFO sqlalchemy.engine.base.Engine {}
2017-07-03 16:24:45,477 INFO sqlalchemy.engine.base.Engine SHOW COLUMNS FROM "tmp_ref"
2017-07-03 16:24:45,477 INFO sqlalchemy.engine.base.Engine {}
{0} migrate.tests.changeset.test_changeset.TestAddDropColumn.test_pk [0.009916s] ... FAILED

Captured traceback:
~~~~~~~~~~~~~~~~~~~
    Traceback (most recent call last):
      File "<decorator-gen-22>", line 2, in test_pk
      File "migrate/tests/fixture/database.py", line 109, in dec
        six.reraise(*fail)
      File "migrate/tests/fixture/database.py", line 93, in dec
        raise RuntimeError('Exception during _setup(): %r' % e)
    RuntimeError: Exception during _setup(): ValueError('too many values to unpack',)
    
2017-07-03 16:24:45,485 INFO sqlalchemy.engine.base.Engine SELECT CAST('test plain returns' AS VARCHAR(60)) AS anon_1
2017-07-03 16:24:45,485 INFO sqlalchemy.engine.base.Engine {}
2017-07-03 16:24:45,486 INFO sqlalchemy.engine.base.Engine SELECT CAST('test unicode returns' AS VARCHAR(60)) AS anon_1
2017-07-03 16:24:45,486 INFO sqlalchemy.engine.base.Engine {}
2017-07-03 16:24:45,487 INFO sqlalchemy.engine.base.Engine SHOW TABLES
2017-07-03 16:24:45,487 INFO sqlalchemy.engine.base.Engine {}
2017-07-03 16:24:45,488 INFO sqlalchemy.engine.base.Engine SHOW COLUMNS FROM "tmp_ref"
2017-07-03 16:24:45,489 INFO sqlalchemy.engine.base.Engine {}
{0} migrate.tests.changeset.test_changeset.TestAddDropColumn.test_populate_default [0.010839s] ... FAILED

Captured traceback:
~~~~~~~~~~~~~~~~~~~
    Traceback (most recent call last):
      File "<decorator-gen-38>", line 2, in test_populate_default
      File "migrate/tests/fixture/database.py", line 109, in dec
        six.reraise(*fail)
      File "migrate/tests/fixture/database.py", line 93, in dec
        raise RuntimeError('Exception during _setup(): %r' % e)
    RuntimeError: Exception during _setup(): ValueError('too many values to unpack',)
    
2017-07-03 16:24:45,495 INFO sqlalchemy.engine.base.Engine SELECT CAST('test plain returns' AS VARCHAR(60)) AS anon_1
2017-07-03 16:24:45,495 INFO sqlalchemy.engine.base.Engine {}
2017-07-03 16:24:45,496 INFO sqlalchemy.engine.base.Engine SELECT CAST('test unicode returns' AS VARCHAR(60)) AS anon_1
2017-07-03 16:24:45,496 INFO sqlalchemy.engine.base.Engine {}
2017-07-03 16:24:45,497 INFO sqlalchemy.engine.base.Engine SHOW TABLES
2017-07-03 16:24:45,497 INFO sqlalchemy.engine.base.Engine {}
2017-07-03 16:24:45,501 INFO sqlalchemy.engine.base.Engine SHOW COLUMNS FROM "tmp_ref"
2017-07-03 16:24:45,501 INFO sqlalchemy.engine.base.Engine {}
{0} migrate.tests.changeset.test_changeset.TestAddDropColumn.test_server_defaults [0.014594s] ... FAILED

Captured traceback:
~~~~~~~~~~~~~~~~~~~
    Traceback (most recent call last):
      File "<decorator-gen-36>", line 2, in test_server_defaults
      File "migrate/tests/fixture/database.py", line 109, in dec
        six.reraise(*fail)
      File "migrate/tests/fixture/database.py", line 93, in dec
        raise RuntimeError('Exception during _setup(): %r' % e)
    RuntimeError: Exception during _setup(): ValueError('too many values to unpack',)
    
2017-07-03 16:24:45,511 INFO sqlalchemy.engine.base.Engine SELECT CAST('test plain returns' AS VARCHAR(60)) AS anon_1
2017-07-03 16:24:45,511 INFO sqlalchemy.engine.base.Engine {}
2017-07-03 16:24:45,511 INFO sqlalchemy.engine.base.Engine SELECT CAST('test unicode returns' AS VARCHAR(60)) AS anon_1
2017-07-03 16:24:45,511 INFO sqlalchemy.engine.base.Engine {}
2017-07-03 16:24:45,512 INFO sqlalchemy.engine.base.Engine SHOW TABLES
2017-07-03 16:24:45,512 INFO sqlalchemy.engine.base.Engine {}
2017-07-03 16:24:45,514 INFO sqlalchemy.engine.base.Engine SHOW COLUMNS FROM "tmp_ref"
2017-07-03 16:24:45,514 INFO sqlalchemy.engine.base.Engine {}
{0} migrate.tests.changeset.test_changeset.TestAddDropColumn.test_tablemethod_name [0.010446s] ... FAILED

Captured traceback:
~~~~~~~~~~~~~~~~~~~
    Traceback (most recent call last):
      File "<decorator-gen-14>", line 2, in test_tablemethod_name
      File "migrate/tests/fixture/database.py", line 109, in dec
        six.reraise(*fail)
      File "migrate/tests/fixture/database.py", line 93, in dec
        raise RuntimeError('Exception during _setup(): %r' % e)
    RuntimeError: Exception during _setup(): ValueError('too many values to unpack',)
    
2017-07-03 16:24:45,521 INFO sqlalchemy.engine.base.Engine SELECT CAST('test plain returns' AS VARCHAR(60)) AS anon_1
2017-07-03 16:24:45,521 INFO sqlalchemy.engine.base.Engine {}
2017-07-03 16:24:45,522 INFO sqlalchemy.engine.base.Engine SELECT CAST('test unicode returns' AS VARCHAR(60)) AS anon_1
2017-07-03 16:24:45,522 INFO sqlalchemy.engine.base.Engine {}
2017-07-03 16:24:45,522 INFO sqlalchemy.engine.base.Engine SHOW TABLES
2017-07-03 16:24:45,522 INFO sqlalchemy.engine.base.Engine {}
2017-07-03 16:24:45,524 INFO sqlalchemy.engine.base.Engine SHOW COLUMNS FROM "tmp_ref"
2017-07-03 16:24:45,524 INFO sqlalchemy.engine.base.Engine {}
{0} migrate.tests.changeset.test_changeset.TestAddDropColumn.test_tablemethod_obj [0.009915s] ... FAILED

Captured traceback:
~~~~~~~~~~~~~~~~~~~
    Traceback (most recent call last):
      File "<decorator-gen-12>", line 2, in test_tablemethod_obj
      File "migrate/tests/fixture/database.py", line 109, in dec
        six.reraise(*fail)
      File "migrate/tests/fixture/database.py", line 93, in dec
        raise RuntimeError('Exception during _setup(): %r' % e)
    RuntimeError: Exception during _setup(): ValueError('too many values to unpack',)
    
2017-07-03 16:24:45,531 INFO sqlalchemy.engine.base.Engine SELECT CAST('test plain returns' AS VARCHAR(60)) AS anon_1
2017-07-03 16:24:45,531 INFO sqlalchemy.engine.base.Engine {}
2017-07-03 16:24:45,532 INFO sqlalchemy.engine.base.Engine SELECT CAST('test unicode returns' AS VARCHAR(60)) AS anon_1
2017-07-03 16:24:45,532 INFO sqlalchemy.engine.base.Engine {}
2017-07-03 16:24:45,532 INFO sqlalchemy.engine.base.Engine SHOW TABLES
2017-07-03 16:24:45,532 INFO sqlalchemy.engine.base.Engine {}
2017-07-03 16:24:45,534 INFO sqlalchemy.engine.base.Engine SHOW COLUMNS FROM "tmp_ref"
2017-07-03 16:24:45,534 INFO sqlalchemy.engine.base.Engine {}
{0} migrate.tests.changeset.test_changeset.TestAddDropColumn.test_undefined [0.010543s] ... FAILED

Captured traceback:
~~~~~~~~~~~~~~~~~~~
    Traceback (most recent call last):
      File "<decorator-gen-4>", line 2, in test_undefined
      File "migrate/tests/fixture/database.py", line 109, in dec
        six.reraise(*fail)
      File "migrate/tests/fixture/database.py", line 93, in dec
        raise RuntimeError('Exception during _setup(): %r' % e)
    RuntimeError: Exception during _setup(): ValueError('too many values to unpack',)
    
2017-07-03 16:24:45,542 INFO sqlalchemy.engine.base.Engine SELECT CAST('test plain returns' AS VARCHAR(60)) AS anon_1
2017-07-03 16:24:45,542 INFO sqlalchemy.engine.base.Engine {}
2017-07-03 16:24:45,543 INFO sqlalchemy.engine.base.Engine SELECT CAST('test unicode returns' AS VARCHAR(60)) AS anon_1
2017-07-03 16:24:45,543 INFO sqlalchemy.engine.base.Engine {}
2017-07-03 16:24:45,543 INFO sqlalchemy.engine.base.Engine SHOW TABLES
2017-07-03 16:24:45,543 INFO sqlalchemy.engine.base.Engine {}
2017-07-03 16:24:45,545 INFO sqlalchemy.engine.base.Engine SHOW COLUMNS FROM "tmp_ref"
2017-07-03 16:24:45,545 INFO sqlalchemy.engine.base.Engine {}
{0} migrate.tests.changeset.test_changeset.TestAddDropColumn.test_unique_constraint [0.010722s] ... FAILED

Captured traceback:
~~~~~~~~~~~~~~~~~~~
    Traceback (most recent call last):
      File "<decorator-gen-26>", line 2, in test_unique_constraint
      File "migrate/tests/fixture/database.py", line 109, in dec
        six.reraise(*fail)
      File "migrate/tests/fixture/database.py", line 93, in dec
        raise RuntimeError('Exception during _setup(): %r' % e)
    RuntimeError: Exception during _setup(): ValueError('too many values to unpack',)
    
2017-07-03 16:24:45,553 INFO sqlalchemy.engine.base.Engine SELECT CAST('test plain returns' AS VARCHAR(60)) AS anon_1
2017-07-03 16:24:45,553 INFO sqlalchemy.engine.base.Engine {}
2017-07-03 16:24:45,554 INFO sqlalchemy.engine.base.Engine SELECT CAST('test unicode returns' AS VARCHAR(60)) AS anon_1
2017-07-03 16:24:45,554 INFO sqlalchemy.engine.base.Engine {}
2017-07-03 16:24:45,554 INFO sqlalchemy.engine.base.Engine SHOW TABLES
2017-07-03 16:24:45,554 INFO sqlalchemy.engine.base.Engine {}
2017-07-03 16:24:45,556 INFO sqlalchemy.engine.base.Engine SHOW COLUMNS FROM "tmp_ref"
2017-07-03 16:24:45,556 INFO sqlalchemy.engine.base.Engine {}
{0} migrate.tests.changeset.test_changeset.TestColumnChange.test_alter_all [0.010620s] ... FAILED

Captured traceback:
~~~~~~~~~~~~~~~~~~~
    Traceback (most recent call last):
      File "<decorator-gen-60>", line 2, in test_alter_all
      File "migrate/tests/fixture/database.py", line 109, in dec
        six.reraise(*fail)
      File "migrate/tests/fixture/database.py", line 93, in dec
        raise RuntimeError('Exception during _setup(): %r' % e)
    RuntimeError: Exception during _setup(): ValueError('too many values to unpack',)
    
2017-07-03 16:24:45,564 INFO sqlalchemy.engine.base.Engine SELECT CAST('test plain returns' AS VARCHAR(60)) AS anon_1
2017-07-03 16:24:45,564 INFO sqlalchemy.engine.base.Engine {}
2017-07-03 16:24:45,564 INFO sqlalchemy.engine.base.Engine SELECT CAST('test unicode returns' AS VARCHAR(60)) AS anon_1
2017-07-03 16:24:45,565 INFO sqlalchemy.engine.base.Engine {}
2017-07-03 16:24:45,565 INFO sqlalchemy.engine.base.Engine SHOW TABLES
2017-07-03 16:24:45,565 INFO sqlalchemy.engine.base.Engine {}
2017-07-03 16:24:45,567 INFO sqlalchemy.engine.base.Engine SHOW COLUMNS FROM "tmp_ref"
2017-07-03 16:24:45,567 INFO sqlalchemy.engine.base.Engine {}
{0} migrate.tests.changeset.test_changeset.TestColumnChange.test_alter_deprecated [0.009848s] ... FAILED

Captured traceback:
~~~~~~~~~~~~~~~~~~~
    Traceback (most recent call last):
      File "<decorator-gen-56>", line 2, in test_alter_deprecated
      File "migrate/tests/fixture/database.py", line 109, in dec
        six.reraise(*fail)
      File "migrate/tests/fixture/database.py", line 93, in dec
        raise RuntimeError('Exception during _setup(): %r' % e)
    RuntimeError: Exception during _setup(): ValueError('too many values to unpack',)
    
2017-07-03 16:24:45,574 INFO sqlalchemy.engine.base.Engine SELECT CAST('test plain returns' AS VARCHAR(60)) AS anon_1
2017-07-03 16:24:45,574 INFO sqlalchemy.engine.base.Engine {}
2017-07-03 16:24:45,575 INFO sqlalchemy.engine.base.Engine SELECT CAST('test unicode returns' AS VARCHAR(60)) AS anon_1
2017-07-03 16:24:45,575 INFO sqlalchemy.engine.base.Engine {}
2017-07-03 16:24:45,576 INFO sqlalchemy.engine.base.Engine SHOW TABLES
2017-07-03 16:24:45,576 INFO sqlalchemy.engine.base.Engine {}
2017-07-03 16:24:45,577 INFO sqlalchemy.engine.base.Engine SHOW COLUMNS FROM "tmp_ref"
2017-07-03 16:24:45,577 INFO sqlalchemy.engine.base.Engine {}
{0} migrate.tests.changeset.test_changeset.TestColumnChange.test_alter_returns_delta [0.010282s] ... FAILED

Captured traceback:
~~~~~~~~~~~~~~~~~~~
    Traceback (most recent call last):
      File "<decorator-gen-58>", line 2, in test_alter_returns_delta
      File "migrate/tests/fixture/database.py", line 109, in dec
        six.reraise(*fail)
      File "migrate/tests/fixture/database.py", line 93, in dec
        raise RuntimeError('Exception during _setup(): %r' % e)
    RuntimeError: Exception during _setup(): ValueError('too many values to unpack',)
    
2017-07-03 16:24:45,586 INFO sqlalchemy.engine.base.Engine SELECT CAST('test plain returns' AS VARCHAR(60)) AS anon_1
2017-07-03 16:24:45,586 INFO sqlalchemy.engine.base.Engine {}
2017-07-03 16:24:45,586 INFO sqlalchemy.engine.base.Engine SELECT CAST('test unicode returns' AS VARCHAR(60)) AS anon_1
2017-07-03 16:24:45,586 INFO sqlalchemy.engine.base.Engine {}
2017-07-03 16:24:45,587 INFO sqlalchemy.engine.base.Engine SHOW TABLES
2017-07-03 16:24:45,587 INFO sqlalchemy.engine.base.Engine {}
2017-07-03 16:24:45,589 INFO sqlalchemy.engine.base.Engine SHOW COLUMNS FROM "tmp_ref"
2017-07-03 16:24:45,589 INFO sqlalchemy.engine.base.Engine {}
{0} migrate.tests.changeset.test_changeset.TestColumnChange.test_default [0.010956s] ... FAILED

Captured traceback:
~~~~~~~~~~~~~~~~~~~
    Traceback (most recent call last):
      File "<decorator-gen-52>", line 2, in test_default
      File "migrate/tests/fixture/database.py", line 109, in dec
        six.reraise(*fail)
      File "migrate/tests/fixture/database.py", line 93, in dec
        raise RuntimeError('Exception during _setup(): %r' % e)
    RuntimeError: Exception during _setup(): ValueError('too many values to unpack',)
    
2017-07-03 16:24:45,596 INFO sqlalchemy.engine.base.Engine SELECT CAST('test plain returns' AS VARCHAR(60)) AS anon_1
2017-07-03 16:24:45,596 INFO sqlalchemy.engine.base.Engine {}
2017-07-03 16:24:45,596 INFO sqlalchemy.engine.base.Engine SELECT CAST('test unicode returns' AS VARCHAR(60)) AS anon_1
2017-07-03 16:24:45,596 INFO sqlalchemy.engine.base.Engine {}
2017-07-03 16:24:45,597 INFO sqlalchemy.engine.base.Engine SHOW TABLES
2017-07-03 16:24:45,597 INFO sqlalchemy.engine.base.Engine {}
2017-07-03 16:24:45,599 INFO sqlalchemy.engine.base.Engine SHOW COLUMNS FROM "tmp_ref"
2017-07-03 16:24:45,599 INFO sqlalchemy.engine.base.Engine {}
{0} migrate.tests.changeset.test_changeset.TestColumnChange.test_null [0.009804s] ... FAILED

Captured traceback:
~~~~~~~~~~~~~~~~~~~
    Traceback (most recent call last):
      File "<decorator-gen-54>", line 2, in test_null
      File "migrate/tests/fixture/database.py", line 109, in dec
        six.reraise(*fail)
      File "migrate/tests/fixture/database.py", line 93, in dec
        raise RuntimeError('Exception during _setup(): %r' % e)
    RuntimeError: Exception during _setup(): ValueError('too many values to unpack',)
    
2017-07-03 16:24:45,609 INFO sqlalchemy.engine.base.Engine SELECT CAST('test plain returns' AS VARCHAR(60)) AS anon_1
2017-07-03 16:24:45,609 INFO sqlalchemy.engine.base.Engine {}
2017-07-03 16:24:45,610 INFO sqlalchemy.engine.base.Engine SELECT CAST('test unicode returns' AS VARCHAR(60)) AS anon_1
2017-07-03 16:24:45,610 INFO sqlalchemy.engine.base.Engine {}
2017-07-03 16:24:45,611 INFO sqlalchemy.engine.base.Engine SHOW TABLES
2017-07-03 16:24:45,611 INFO sqlalchemy.engine.base.Engine {}
2017-07-03 16:24:45,613 INFO sqlalchemy.engine.base.Engine SHOW COLUMNS FROM "tmp_ref"
2017-07-03 16:24:45,613 INFO sqlalchemy.engine.base.Engine {}
{0} migrate.tests.changeset.test_changeset.TestColumnChange.test_rename [0.013633s] ... FAILED

Captured traceback:
~~~~~~~~~~~~~~~~~~~
    Traceback (most recent call last):
      File "<decorator-gen-48>", line 2, in test_rename
      File "migrate/tests/fixture/database.py", line 109, in dec
        six.reraise(*fail)
      File "migrate/tests/fixture/database.py", line 93, in dec
        raise RuntimeError('Exception during _setup(): %r' % e)
    RuntimeError: Exception during _setup(): ValueError('too many values to unpack',)
    
2017-07-03 16:24:45,620 INFO sqlalchemy.engine.base.Engine SELECT CAST('test plain returns' AS VARCHAR(60)) AS anon_1
2017-07-03 16:24:45,620 INFO sqlalchemy.engine.base.Engine {}
2017-07-03 16:24:45,621 INFO sqlalchemy.engine.base.Engine SELECT CAST('test unicode returns' AS VARCHAR(60)) AS anon_1
2017-07-03 16:24:45,621 INFO sqlalchemy.engine.base.Engine {}
2017-07-03 16:24:45,622 INFO sqlalchemy.engine.base.Engine SHOW TABLES
2017-07-03 16:24:45,622 INFO sqlalchemy.engine.base.Engine {}
2017-07-03 16:24:45,624 INFO sqlalchemy.engine.base.Engine SHOW COLUMNS FROM "tmp_ref"
2017-07-03 16:24:45,624 INFO sqlalchemy.engine.base.Engine {}
{0} migrate.tests.changeset.test_changeset.TestColumnChange.test_type [0.012070s] ... FAILED

Captured traceback:
~~~~~~~~~~~~~~~~~~~
    Traceback (most recent call last):
      File "<decorator-gen-50>", line 2, in test_type
      File "migrate/tests/fixture/database.py", line 109, in dec
        six.reraise(*fail)
      File "migrate/tests/fixture/database.py", line 93, in dec
        raise RuntimeError('Exception during _setup(): %r' % e)
    RuntimeError: Exception during _setup(): ValueError('too many values to unpack',)
    
{0} migrate.tests.changeset.test_changeset.TestColumnDelta.test_deltas_one_column [0.001216s] ... ok
{0} migrate.tests.changeset.test_changeset.TestColumnDelta.test_deltas_two_columns [0.003203s] ... ok
2017-07-03 16:24:45,637 INFO sqlalchemy.engine.base.Engine SELECT CAST('test plain returns' AS VARCHAR(60)) AS anon_1
2017-07-03 16:24:45,637 INFO sqlalchemy.engine.base.Engine {}
2017-07-03 16:24:45,638 INFO sqlalchemy.engine.base.Engine SELECT CAST('test unicode returns' AS VARCHAR(60)) AS anon_1
2017-07-03 16:24:45,638 INFO sqlalchemy.engine.base.Engine {}
2017-07-03 16:24:45,639 INFO sqlalchemy.engine.base.Engine SHOW TABLES
2017-07-03 16:24:45,639 INFO sqlalchemy.engine.base.Engine {}
2017-07-03 16:24:45,642 INFO sqlalchemy.engine.base.Engine SHOW COLUMNS FROM "tmp_ref"
2017-07-03 16:24:45,642 INFO sqlalchemy.engine.base.Engine {}
{0} migrate.tests.changeset.test_changeset.TestColumnDelta.test_deltas_zero_columns [0.011854s] ... FAILED

Captured traceback:
~~~~~~~~~~~~~~~~~~~
    Traceback (most recent call last):
      File "<decorator-gen-62>", line 2, in test_deltas_zero_columns
      File "migrate/tests/fixture/database.py", line 109, in dec
        six.reraise(*fail)
      File "migrate/tests/fixture/database.py", line 93, in dec
        raise RuntimeError('Exception during _setup(): %r' % e)
    RuntimeError: Exception during _setup(): ValueError('too many values to unpack',)
    
2017-07-03 16:24:45,650 INFO sqlalchemy.engine.base.Engine SELECT CAST('test plain returns' AS VARCHAR(60)) AS anon_1
2017-07-03 16:24:45,650 INFO sqlalchemy.engine.base.Engine {}
2017-07-03 16:24:45,650 INFO sqlalchemy.engine.base.Engine SELECT CAST('test unicode returns' AS VARCHAR(60)) AS anon_1
2017-07-03 16:24:45,650 INFO sqlalchemy.engine.base.Engine {}
2017-07-03 16:24:45,651 INFO sqlalchemy.engine.base.Engine SHOW TABLES
2017-07-03 16:24:45,651 INFO sqlalchemy.engine.base.Engine {}
2017-07-03 16:24:45,653 INFO sqlalchemy.engine.base.Engine SHOW COLUMNS FROM "tmp_ref"
2017-07-03 16:24:45,653 INFO sqlalchemy.engine.base.Engine {}
{0} migrate.tests.changeset.test_changeset.TestRename.test_rename_table [0.016087s] ... FAILED

Captured traceback:
~~~~~~~~~~~~~~~~~~~
    Traceback (most recent call last):
      File "<decorator-gen-46>", line 2, in test_rename_table
      File "migrate/tests/fixture/database.py", line 109, in dec
        six.reraise(*fail)
      File "migrate/tests/fixture/database.py", line 93, in dec
        raise RuntimeError('Exception during _setup(): %r' % e)
    RuntimeError: Exception during _setup(): ValueError('too many values to unpack',)
    
2017-07-03 16:24:45,666 INFO sqlalchemy.engine.base.Engine SELECT CAST('test plain returns' AS VARCHAR(60)) AS anon_1
2017-07-03 16:24:45,667 INFO sqlalchemy.engine.base.Engine {}
2017-07-03 16:24:45,667 INFO sqlalchemy.engine.base.Engine SELECT CAST('test unicode returns' AS VARCHAR(60)) AS anon_1
2017-07-03 16:24:45,667 INFO sqlalchemy.engine.base.Engine {}
2017-07-03 16:24:45,668 INFO sqlalchemy.engine.base.Engine SHOW TABLES
2017-07-03 16:24:45,668 INFO sqlalchemy.engine.base.Engine {}
2017-07-03 16:24:45,670 INFO sqlalchemy.engine.base.Engine SHOW COLUMNS FROM "tmp_ref"
2017-07-03 16:24:45,670 INFO sqlalchemy.engine.base.Engine {}
{0} migrate.tests.changeset.test_constraint.TestAutoname.test_autoname_check [0.011186s] ... FAILED

Captured traceback:
~~~~~~~~~~~~~~~~~~~
    Traceback (most recent call last):
      File "<decorator-gen-80>", line 2, in test_autoname_check
      File "migrate/tests/fixture/database.py", line 109, in dec
        six.reraise(*fail)
      File "migrate/tests/fixture/database.py", line 93, in dec
        raise RuntimeError('Exception during _setup(): %r' % e)
    RuntimeError: Exception during _setup(): ValueError('too many values to unpack',)
    
2017-07-03 16:24:45,678 INFO sqlalchemy.engine.base.Engine SELECT CAST('test plain returns' AS VARCHAR(60)) AS anon_1
2017-07-03 16:24:45,678 INFO sqlalchemy.engine.base.Engine {}
2017-07-03 16:24:45,678 INFO sqlalchemy.engine.base.Engine SELECT CAST('test unicode returns' AS VARCHAR(60)) AS anon_1
2017-07-03 16:24:45,678 INFO sqlalchemy.engine.base.Engine {}
2017-07-03 16:24:45,679 INFO sqlalchemy.engine.base.Engine SHOW TABLES
2017-07-03 16:24:45,679 INFO sqlalchemy.engine.base.Engine {}
2017-07-03 16:24:45,681 INFO sqlalchemy.engine.base.Engine SHOW COLUMNS FROM "tmp_ref"
2017-07-03 16:24:45,681 INFO sqlalchemy.engine.base.Engine {}
{0} migrate.tests.changeset.test_constraint.TestAutoname.test_autoname_fk [0.011116s] ... FAILED

Captured traceback:
~~~~~~~~~~~~~~~~~~~
    Traceback (most recent call last):
      File "<decorator-gen-78>", line 2, in test_autoname_fk
      File "migrate/tests/fixture/database.py", line 109, in dec
        six.reraise(*fail)
      File "migrate/tests/fixture/database.py", line 93, in dec
        raise RuntimeError('Exception during _setup(): %r' % e)
    RuntimeError: Exception during _setup(): ValueError('too many values to unpack',)
    
2017-07-03 16:24:45,689 INFO sqlalchemy.engine.base.Engine SELECT CAST('test plain returns' AS VARCHAR(60)) AS anon_1
2017-07-03 16:24:45,689 INFO sqlalchemy.engine.base.Engine {}
2017-07-03 16:24:45,690 INFO sqlalchemy.engine.base.Engine SELECT CAST('test unicode returns' AS VARCHAR(60)) AS anon_1
2017-07-03 16:24:45,690 INFO sqlalchemy.engine.base.Engine {}
2017-07-03 16:24:45,691 INFO sqlalchemy.engine.base.Engine SHOW TABLES
2017-07-03 16:24:45,691 INFO sqlalchemy.engine.base.Engine {}
2017-07-03 16:24:45,692 INFO sqlalchemy.engine.base.Engine SHOW COLUMNS FROM "tmp_ref"
2017-07-03 16:24:45,692 INFO sqlalchemy.engine.base.Engine {}
{0} migrate.tests.changeset.test_constraint.TestAutoname.test_autoname_pk [0.010763s] ... FAILED

Captured traceback:
~~~~~~~~~~~~~~~~~~~
    Traceback (most recent call last):
      File "<decorator-gen-76>", line 2, in test_autoname_pk
      File "migrate/tests/fixture/database.py", line 109, in dec
        six.reraise(*fail)
      File "migrate/tests/fixture/database.py", line 93, in dec
        raise RuntimeError('Exception during _setup(): %r' % e)
    RuntimeError: Exception during _setup(): ValueError('too many values to unpack',)
    
2017-07-03 16:24:45,700 INFO sqlalchemy.engine.base.Engine SELECT CAST('test plain returns' AS VARCHAR(60)) AS anon_1
2017-07-03 16:24:45,700 INFO sqlalchemy.engine.base.Engine {}
2017-07-03 16:24:45,701 INFO sqlalchemy.engine.base.Engine SELECT CAST('test unicode returns' AS VARCHAR(60)) AS anon_1
2017-07-03 16:24:45,701 INFO sqlalchemy.engine.base.Engine {}
2017-07-03 16:24:45,702 INFO sqlalchemy.engine.base.Engine SHOW TABLES
2017-07-03 16:24:45,702 INFO sqlalchemy.engine.base.Engine {}
2017-07-03 16:24:45,704 INFO sqlalchemy.engine.base.Engine SHOW COLUMNS FROM "tmp_ref"
2017-07-03 16:24:45,704 INFO sqlalchemy.engine.base.Engine {}
{0} migrate.tests.changeset.test_constraint.TestAutoname.test_autoname_unique [0.010848s] ... FAILED

Captured traceback:
~~~~~~~~~~~~~~~~~~~
    Traceback (most recent call last):
      File "<decorator-gen-82>", line 2, in test_autoname_unique
      File "migrate/tests/fixture/database.py", line 109, in dec
        six.reraise(*fail)
      File "migrate/tests/fixture/database.py", line 93, in dec
        raise RuntimeError('Exception during _setup(): %r' % e)
    RuntimeError: Exception during _setup(): ValueError('too many values to unpack',)
    
2017-07-03 16:24:45,711 INFO sqlalchemy.engine.base.Engine SELECT CAST('test plain returns' AS VARCHAR(60)) AS anon_1
2017-07-03 16:24:45,711 INFO sqlalchemy.engine.base.Engine {}
2017-07-03 16:24:45,712 INFO sqlalchemy.engine.base.Engine SELECT CAST('test unicode returns' AS VARCHAR(60)) AS anon_1
2017-07-03 16:24:45,712 INFO sqlalchemy.engine.base.Engine {}
2017-07-03 16:24:45,713 INFO sqlalchemy.engine.base.Engine SHOW TABLES
2017-07-03 16:24:45,713 INFO sqlalchemy.engine.base.Engine {}
2017-07-03 16:24:45,715 INFO sqlalchemy.engine.base.Engine SHOW COLUMNS FROM "tmp_ref"
2017-07-03 16:24:45,715 INFO sqlalchemy.engine.base.Engine {}
{0} migrate.tests.changeset.test_constraint.TestConstraint.test_define_fk [0.011645s] ... FAILED

Captured traceback:
~~~~~~~~~~~~~~~~~~~
    Traceback (most recent call last):
      File "<decorator-gen-64>", line 2, in test_define_fk
      File "migrate/tests/fixture/database.py", line 109, in dec
        six.reraise(*fail)
      File "migrate/tests/fixture/database.py", line 93, in dec
        raise RuntimeError('Exception during _setup(): %r' % e)
    RuntimeError: Exception during _setup(): ValueError('too many values to unpack',)
    
2017-07-03 16:24:45,723 INFO sqlalchemy.engine.base.Engine SELECT CAST('test plain returns' AS VARCHAR(60)) AS anon_1
2017-07-03 16:24:45,723 INFO sqlalchemy.engine.base.Engine {}
2017-07-03 16:24:45,723 INFO sqlalchemy.engine.base.Engine SELECT CAST('test unicode returns' AS VARCHAR(60)) AS anon_1
2017-07-03 16:24:45,723 INFO sqlalchemy.engine.base.Engine {}
2017-07-03 16:24:45,724 INFO sqlalchemy.engine.base.Engine SHOW TABLES
2017-07-03 16:24:45,724 INFO sqlalchemy.engine.base.Engine {}
2017-07-03 16:24:45,726 INFO sqlalchemy.engine.base.Engine SHOW COLUMNS FROM "tmp_ref"
2017-07-03 16:24:45,726 INFO sqlalchemy.engine.base.Engine {}
{0} migrate.tests.changeset.test_constraint.TestConstraint.test_define_pk [0.010375s] ... FAILED

Captured traceback:
~~~~~~~~~~~~~~~~~~~
    Traceback (most recent call last):
      File "<decorator-gen-66>", line 2, in test_define_pk
      File "migrate/tests/fixture/database.py", line 109, in dec
        six.reraise(*fail)
      File "migrate/tests/fixture/database.py", line 93, in dec
        raise RuntimeError('Exception during _setup(): %r' % e)
    RuntimeError: Exception during _setup(): ValueError('too many values to unpack',)
    
2017-07-03 16:24:45,733 INFO sqlalchemy.engine.base.Engine SELECT CAST('test plain returns' AS VARCHAR(60)) AS anon_1
2017-07-03 16:24:45,733 INFO sqlalchemy.engine.base.Engine {}
2017-07-03 16:24:45,734 INFO sqlalchemy.engine.base.Engine SELECT CAST('test unicode returns' AS VARCHAR(60)) AS anon_1
2017-07-03 16:24:45,734 INFO sqlalchemy.engine.base.Engine {}
2017-07-03 16:24:45,735 INFO sqlalchemy.engine.base.Engine SHOW TABLES
2017-07-03 16:24:45,735 INFO sqlalchemy.engine.base.Engine {}
2017-07-03 16:24:45,737 INFO sqlalchemy.engine.base.Engine SHOW COLUMNS FROM "tmp_ref"
2017-07-03 16:24:45,737 INFO sqlalchemy.engine.base.Engine {}
{0} migrate.tests.changeset.test_constraint.TestConstraint.test_define_pk_multi [0.010471s] ... FAILED

Captured traceback:
~~~~~~~~~~~~~~~~~~~
    Traceback (most recent call last):
      File "<decorator-gen-68>", line 2, in test_define_pk_multi
      File "migrate/tests/fixture/database.py", line 109, in dec
        six.reraise(*fail)
      File "migrate/tests/fixture/database.py", line 93, in dec
        raise RuntimeError('Exception during _setup(): %r' % e)
    RuntimeError: Exception during _setup(): ValueError('too many values to unpack',)
    
2017-07-03 16:24:45,745 INFO sqlalchemy.engine.base.Engine SELECT CAST('test plain returns' AS VARCHAR(60)) AS anon_1
2017-07-03 16:24:45,745 INFO sqlalchemy.engine.base.Engine {}
2017-07-03 16:24:45,745 INFO sqlalchemy.engine.base.Engine SELECT CAST('test unicode returns' AS VARCHAR(60)) AS anon_1
2017-07-03 16:24:45,746 INFO sqlalchemy.engine.base.Engine {}
2017-07-03 16:24:45,746 INFO sqlalchemy.engine.base.Engine SHOW TABLES
2017-07-03 16:24:45,746 INFO sqlalchemy.engine.base.Engine {}
2017-07-03 16:24:45,748 INFO sqlalchemy.engine.base.Engine SHOW COLUMNS FROM "tmp_ref"
2017-07-03 16:24:45,748 INFO sqlalchemy.engine.base.Engine {}
{0} migrate.tests.changeset.test_constraint.TestConstraint.test_drop_cascade [0.011300s] ... FAILED

Captured traceback:
~~~~~~~~~~~~~~~~~~~
    Traceback (most recent call last):
      File "<decorator-gen-70>", line 2, in test_drop_cascade
      File "migrate/tests/fixture/database.py", line 109, in dec
        six.reraise(*fail)
      File "migrate/tests/fixture/database.py", line 93, in dec
        raise RuntimeError('Exception during _setup(): %r' % e)
    RuntimeError: Exception during _setup(): ValueError('too many values to unpack',)
    
{0} migrate.tests.changeset.test_constraint.TestConstraint.test_fail_mysql_check_constraints [0.000074s] ... ok
2017-07-03 16:24:45,756 INFO sqlalchemy.engine.base.Engine SELECT CAST('test plain returns' AS VARCHAR(60)) AS anon_1
2017-07-03 16:24:45,756 INFO sqlalchemy.engine.base.Engine {}
2017-07-03 16:24:45,757 INFO sqlalchemy.engine.base.Engine SELECT CAST('test unicode returns' AS VARCHAR(60)) AS anon_1
2017-07-03 16:24:45,757 INFO sqlalchemy.engine.base.Engine {}
2017-07-03 16:24:45,757 INFO sqlalchemy.engine.base.Engine SHOW TABLES
2017-07-03 16:24:45,757 INFO sqlalchemy.engine.base.Engine {}
2017-07-03 16:24:45,759 INFO sqlalchemy.engine.base.Engine SHOW COLUMNS FROM "tmp_ref"
2017-07-03 16:24:45,759 INFO sqlalchemy.engine.base.Engine {}
{0} migrate.tests.changeset.test_constraint.TestConstraint.test_named_check_constraints [0.010048s] ... FAILED

Captured traceback:
~~~~~~~~~~~~~~~~~~~
    Traceback (most recent call last):
      File "<decorator-gen-74>", line 2, in test_named_check_constraints
      File "migrate/tests/fixture/database.py", line 109, in dec
        six.reraise(*fail)
      File "migrate/tests/fixture/database.py", line 93, in dec
        raise RuntimeError('Exception during _setup(): %r' % e)
    RuntimeError: Exception during _setup(): ValueError('too many values to unpack',)
    
{0} migrate.tests.versioning.test_api.TestAPI.test_create [0.002553s] ... ok
{0} migrate.tests.versioning.test_api.TestAPI.test_help [0.000367s] ... ok
{0} migrate.tests.versioning.test_api.TestAPI.test_manage [0.000505s] ... ok
{0} migrate.tests.versioning.test_api.TestAPI.test_script [0.002293s] ... ok
{0} migrate.tests.versioning.test_api.TestAPI.test_script_sql [0.002427s] ... ok
{0} migrate.tests.versioning.test_api.TestAPI.test_source [0.003827s] ... ok
{0} migrate.tests.versioning.test_api.TestAPI.test_version [0.001993s] ... ok
{0} migrate.tests.versioning.test_api.TestAPI.test_version_control [0.017196s] ... ok
2017-07-03 16:24:45,798 INFO sqlalchemy.engine.base.Engine SELECT CAST('test plain returns' AS VARCHAR(60)) AS anon_1
2017-07-03 16:24:45,798 INFO sqlalchemy.engine.base.Engine {}
2017-07-03 16:24:45,799 INFO sqlalchemy.engine.base.Engine SELECT CAST('test unicode returns' AS VARCHAR(60)) AS anon_1
2017-07-03 16:24:45,799 INFO sqlalchemy.engine.base.Engine {}
2017-07-03 16:24:45,800 INFO sqlalchemy.engine.base.Engine SHOW TABLES
2017-07-03 16:24:45,800 INFO sqlalchemy.engine.base.Engine {}
2017-07-03 16:24:45,802 INFO sqlalchemy.engine.base.Engine SHOW COLUMNS FROM "tmp_ref"
2017-07-03 16:24:45,802 INFO sqlalchemy.engine.base.Engine {}
{0} migrate.tests.versioning.test_api.TestSchemaAPI.test_compare_model_to_db [0.010694s] ... FAILED

Captured traceback:
~~~~~~~~~~~~~~~~~~~
    Traceback (most recent call last):
      File "<decorator-gen-99>", line 2, in test_compare_model_to_db
      File "migrate/tests/fixture/database.py", line 109, in dec
        six.reraise(*fail)
      File "migrate/tests/fixture/database.py", line 93, in dec
        raise RuntimeError('Exception during _setup(): %r' % e)
    RuntimeError: Exception during _setup(): ValueError('too many values to unpack',)
    
2017-07-03 16:24:45,809 INFO sqlalchemy.engine.base.Engine SELECT CAST('test plain returns' AS VARCHAR(60)) AS anon_1
2017-07-03 16:24:45,809 INFO sqlalchemy.engine.base.Engine {}
2017-07-03 16:24:45,810 INFO sqlalchemy.engine.base.Engine SELECT CAST('test unicode returns' AS VARCHAR(60)) AS anon_1
2017-07-03 16:24:45,810 INFO sqlalchemy.engine.base.Engine {}
2017-07-03 16:24:45,811 INFO sqlalchemy.engine.base.Engine SHOW TABLES
2017-07-03 16:24:45,811 INFO sqlalchemy.engine.base.Engine {}
2017-07-03 16:24:45,812 INFO sqlalchemy.engine.base.Engine SHOW COLUMNS FROM "tmp_ref"
2017-07-03 16:24:45,812 INFO sqlalchemy.engine.base.Engine {}
{0} migrate.tests.versioning.test_api.TestSchemaAPI.test_create_model [0.009948s] ... FAILED

Captured traceback:
~~~~~~~~~~~~~~~~~~~
    Traceback (most recent call last):
      File "<decorator-gen-101>", line 2, in test_create_model
      File "migrate/tests/fixture/database.py", line 109, in dec
        six.reraise(*fail)
      File "migrate/tests/fixture/database.py", line 93, in dec
        raise RuntimeError('Exception during _setup(): %r' % e)
    RuntimeError: Exception during _setup(): ValueError('too many values to unpack',)
    
2017-07-03 16:24:45,820 INFO sqlalchemy.engine.base.Engine SELECT CAST('test plain returns' AS VARCHAR(60)) AS anon_1
2017-07-03 16:24:45,820 INFO sqlalchemy.engine.base.Engine {}
2017-07-03 16:24:45,820 INFO sqlalchemy.engine.base.Engine SELECT CAST('test unicode returns' AS VARCHAR(60)) AS anon_1
2017-07-03 16:24:45,820 INFO sqlalchemy.engine.base.Engine {}
2017-07-03 16:24:45,821 INFO sqlalchemy.engine.base.Engine SHOW TABLES
2017-07-03 16:24:45,821 INFO sqlalchemy.engine.base.Engine {}
2017-07-03 16:24:45,823 INFO sqlalchemy.engine.base.Engine SHOW COLUMNS FROM "tmp_ref"
2017-07-03 16:24:45,823 INFO sqlalchemy.engine.base.Engine {}
{0} migrate.tests.versioning.test_api.TestSchemaAPI.test_make_update_script_for_model [0.010285s] ... FAILED

Captured traceback:
~~~~~~~~~~~~~~~~~~~
    Traceback (most recent call last):
      File "<decorator-gen-103>", line 2, in test_make_update_script_for_model
      File "migrate/tests/fixture/database.py", line 109, in dec
        six.reraise(*fail)
      File "migrate/tests/fixture/database.py", line 93, in dec
        raise RuntimeError('Exception during _setup(): %r' % e)
    RuntimeError: Exception during _setup(): ValueError('too many values to unpack',)
    
2017-07-03 16:24:45,830 INFO sqlalchemy.engine.base.Engine SELECT CAST('test plain returns' AS VARCHAR(60)) AS anon_1
2017-07-03 16:24:45,830 INFO sqlalchemy.engine.base.Engine {}
2017-07-03 16:24:45,831 INFO sqlalchemy.engine.base.Engine SELECT CAST('test unicode returns' AS VARCHAR(60)) AS anon_1
2017-07-03 16:24:45,831 INFO sqlalchemy.engine.base.Engine {}
2017-07-03 16:24:45,832 INFO sqlalchemy.engine.base.Engine SHOW TABLES
2017-07-03 16:24:45,832 INFO sqlalchemy.engine.base.Engine {}
2017-07-03 16:24:45,833 INFO sqlalchemy.engine.base.Engine SHOW COLUMNS FROM "tmp_ref"
2017-07-03 16:24:45,834 INFO sqlalchemy.engine.base.Engine {}
{0} migrate.tests.versioning.test_api.TestSchemaAPI.test_update_db_from_model [0.010119s] ... FAILED

Captured traceback:
~~~~~~~~~~~~~~~~~~~
    Traceback (most recent call last):
      File "<decorator-gen-105>", line 2, in test_update_db_from_model
      File "migrate/tests/fixture/database.py", line 109, in dec
        six.reraise(*fail)
      File "migrate/tests/fixture/database.py", line 93, in dec
        raise RuntimeError('Exception during _setup(): %r' % e)
    RuntimeError: Exception during _setup(): ValueError('too many values to unpack',)
    
2017-07-03 16:24:45,840 INFO sqlalchemy.engine.base.Engine SELECT CAST('test plain returns' AS VARCHAR(60)) AS anon_1
2017-07-03 16:24:45,840 INFO sqlalchemy.engine.base.Engine {}
2017-07-03 16:24:45,841 INFO sqlalchemy.engine.base.Engine SELECT CAST('test unicode returns' AS VARCHAR(60)) AS anon_1
2017-07-03 16:24:45,841 INFO sqlalchemy.engine.base.Engine {}
2017-07-03 16:24:45,842 INFO sqlalchemy.engine.base.Engine SHOW TABLES
2017-07-03 16:24:45,842 INFO sqlalchemy.engine.base.Engine {}
2017-07-03 16:24:45,847 INFO sqlalchemy.engine.base.Engine SHOW COLUMNS FROM "tmp_ref"
2017-07-03 16:24:45,847 INFO sqlalchemy.engine.base.Engine {}
{0} migrate.tests.versioning.test_api.TestSchemaAPI.test_workflow [0.013610s] ... FAILED

Captured traceback:
~~~~~~~~~~~~~~~~~~~
    Traceback (most recent call last):
      File "<decorator-gen-97>", line 2, in test_workflow
      File "migrate/tests/fixture/database.py", line 109, in dec
        six.reraise(*fail)
      File "migrate/tests/fixture/database.py", line 93, in dec
        raise RuntimeError('Exception during _setup(): %r' % e)
    RuntimeError: Exception during _setup(): ValueError('too many values to unpack',)
    
{0} migrate.tests.versioning.test_cfgparse.TestConfigParser.test_table_config [0.000777s] ... ok
{0} migrate.tests.versioning.test_cfgparse.TestConfigParser.test_to_dict [0.000163s] ... ok
2017-07-03 16:24:45,856 INFO sqlalchemy.engine.base.Engine SELECT CAST('test plain returns' AS VARCHAR(60)) AS anon_1
2017-07-03 16:24:45,856 INFO sqlalchemy.engine.base.Engine {}
2017-07-03 16:24:45,856 INFO sqlalchemy.engine.base.Engine SELECT CAST('test unicode returns' AS VARCHAR(60)) AS anon_1
2017-07-03 16:24:45,856 INFO sqlalchemy.engine.base.Engine {}
2017-07-03 16:24:45,857 INFO sqlalchemy.engine.base.Engine SHOW TABLES
2017-07-03 16:24:45,857 INFO sqlalchemy.engine.base.Engine {}
2017-07-03 16:24:45,859 INFO sqlalchemy.engine.base.Engine SHOW COLUMNS FROM "tmp_ref"
2017-07-03 16:24:45,859 INFO sqlalchemy.engine.base.Engine {}
{0} migrate.tests.versioning.test_database.TestConnect.test_connect [0.010308s] ... FAILED

Captured traceback:
~~~~~~~~~~~~~~~~~~~
    Traceback (most recent call last):
      File "<decorator-gen-159>", line 2, in test_connect
      File "migrate/tests/fixture/database.py", line 109, in dec
        six.reraise(*fail)
      File "migrate/tests/fixture/database.py", line 93, in dec
        raise RuntimeError('Exception during _setup(): %r' % e)
    RuntimeError: Exception during _setup(): ValueError('too many values to unpack',)
    
2017-07-03 16:24:45,866 INFO sqlalchemy.engine.base.Engine SELECT CAST('test plain returns' AS VARCHAR(60)) AS anon_1
2017-07-03 16:24:45,866 INFO sqlalchemy.engine.base.Engine {}
2017-07-03 16:24:45,867 INFO sqlalchemy.engine.base.Engine SELECT CAST('test unicode returns' AS VARCHAR(60)) AS anon_1
2017-07-03 16:24:45,867 INFO sqlalchemy.engine.base.Engine {}
2017-07-03 16:24:45,867 INFO sqlalchemy.engine.base.Engine SHOW TABLES
2017-07-03 16:24:45,868 INFO sqlalchemy.engine.base.Engine {}
2017-07-03 16:24:45,869 INFO sqlalchemy.engine.base.Engine SHOW COLUMNS FROM "tmp_ref"
2017-07-03 16:24:45,869 INFO sqlalchemy.engine.base.Engine {}
{0} migrate.tests.versioning.test_genmodel.TestSchemaDiff.test_functional [0.009832s] ... FAILED

Captured traceback:
~~~~~~~~~~~~~~~~~~~
    Traceback (most recent call last):
      File "<decorator-gen-107>", line 2, in test_functional
      File "migrate/tests/fixture/database.py", line 109, in dec
        six.reraise(*fail)
      File "migrate/tests/fixture/database.py", line 93, in dec
        raise RuntimeError('Exception during _setup(): %r' % e)
    RuntimeError: Exception during _setup(): ValueError('too many values to unpack',)
    
{0} migrate.tests.versioning.test_keyedinstance.TestKeydInstance.test_unique [0.000241s] ... ok
{0} migrate.tests.versioning.test_pathed.TestPathed.test_new [0.000101s] ... ok
{0} migrate.tests.versioning.test_pathed.TestPathed.test_parent [0.000128s] ... ok
{0} migrate.tests.versioning.test_pathed.TestPathed.test_parent_path [0.000068s] ... ok
{0} migrate.tests.versioning.test_repository.TestRepository.test_create [0.002147s] ... ok
{0} migrate.tests.versioning.test_repository.TestRepository.test_load [0.002119s] ... ok
{0} migrate.tests.versioning.test_repository.TestRepository.test_load_invalid [0.000350s] ... ok
{0} migrate.tests.versioning.test_repository.TestRepository.test_load_notfound [0.000343s] ... ok
{0} migrate.tests.versioning.test_repository.TestVersionedRepository.test_changeset [0.012273s] ... ok
{0} migrate.tests.versioning.test_repository.TestVersionedRepository.test_latestversion [0.002366s] ... ok
{0} migrate.tests.versioning.test_repository.TestVersionedRepository.test_many_versions [1.157888s] ... ok
{'postgres': {'downgrade': <migrate.versioning.script.sql.SqlScript object at 0x7f8315ab7b10>,
              'upgrade': <migrate.versioning.script.sql.SqlScript object at 0x7f8315ab7bd0>}}
{0} migrate.tests.versioning.test_repository.TestVersionedRepository.test_source [0.003564s] ... ok
{0} migrate.tests.versioning.test_repository.TestVersionedRepository.test_timestmap_numbering_version [0.002350s] ... ok
{0} migrate.tests.versioning.test_repository.TestVersionedRepository.test_version [0.002658s] ... ok
2017-07-03 16:24:47,065 INFO sqlalchemy.engine.base.Engine SELECT CAST('test plain returns' AS VARCHAR(60)) AS anon_1
2017-07-03 16:24:47,065 INFO sqlalchemy.engine.base.Engine {}
2017-07-03 16:24:47,065 INFO sqlalchemy.engine.base.Engine SELECT CAST('test unicode returns' AS VARCHAR(60)) AS anon_1
2017-07-03 16:24:47,065 INFO sqlalchemy.engine.base.Engine {}
2017-07-03 16:24:47,066 INFO sqlalchemy.engine.base.Engine SHOW TABLES
2017-07-03 16:24:47,066 INFO sqlalchemy.engine.base.Engine {}
2017-07-03 16:24:47,068 INFO sqlalchemy.engine.base.Engine SHOW COLUMNS FROM "tmp_ref"
2017-07-03 16:24:47,069 INFO sqlalchemy.engine.base.Engine {}
{0} migrate.tests.versioning.test_runchangeset.TestRunChangeset.test_changeset_run [0.011341s] ... FAILED

Captured traceback:
~~~~~~~~~~~~~~~~~~~
    Traceback (most recent call last):
      File "<decorator-gen-109>", line 2, in test_changeset_run
      File "migrate/tests/fixture/database.py", line 109, in dec
        six.reraise(*fail)
      File "migrate/tests/fixture/database.py", line 93, in dec
        raise RuntimeError('Exception during _setup(): %r' % e)
    RuntimeError: Exception during _setup(): ValueError('too many values to unpack',)
    
2017-07-03 16:24:47,079 INFO sqlalchemy.engine.base.Engine SELECT CAST('test plain returns' AS VARCHAR(60)) AS anon_1
2017-07-03 16:24:47,079 INFO sqlalchemy.engine.base.Engine {}
2017-07-03 16:24:47,080 INFO sqlalchemy.engine.base.Engine SELECT CAST('test unicode returns' AS VARCHAR(60)) AS anon_1
2017-07-03 16:24:47,080 INFO sqlalchemy.engine.base.Engine {}
2017-07-03 16:24:47,081 INFO sqlalchemy.engine.base.Engine SHOW TABLES
2017-07-03 16:24:47,081 INFO sqlalchemy.engine.base.Engine {}
2017-07-03 16:24:47,083 INFO sqlalchemy.engine.base.Engine SHOW COLUMNS FROM "tmp_ref"
2017-07-03 16:24:47,083 INFO sqlalchemy.engine.base.Engine {}
2017-07-03 16:24:47,088 INFO sqlalchemy.engine.base.Engine SHOW COLUMNS FROM "migrate_version"
2017-07-03 16:24:47,088 INFO sqlalchemy.engine.base.Engine {}
2017-07-03 16:24:47,089 INFO sqlalchemy.engine.base.Engine ROLLBACK
{0} migrate.tests.versioning.test_schema.TestControlledSchema.test_changeset [0.015840s] ... FAILED

Captured traceback:
~~~~~~~~~~~~~~~~~~~
    Traceback (most recent call last):
      File "<decorator-gen-117>", line 2, in test_changeset
      File "migrate/tests/fixture/database.py", line 109, in dec
        six.reraise(*fail)
      File "migrate/tests/fixture/database.py", line 93, in dec
        raise RuntimeError('Exception during _setup(): %r' % e)
    RuntimeError: Exception during _setup(): ValueError('too many values to unpack',)
    
2017-07-03 16:24:47,096 INFO sqlalchemy.engine.base.Engine SELECT CAST('test plain returns' AS VARCHAR(60)) AS anon_1
2017-07-03 16:24:47,096 INFO sqlalchemy.engine.base.Engine {}
2017-07-03 16:24:47,096 INFO sqlalchemy.engine.base.Engine SELECT CAST('test unicode returns' AS VARCHAR(60)) AS anon_1
2017-07-03 16:24:47,096 INFO sqlalchemy.engine.base.Engine {}
2017-07-03 16:24:47,097 INFO sqlalchemy.engine.base.Engine SHOW TABLES
2017-07-03 16:24:47,097 INFO sqlalchemy.engine.base.Engine {}
2017-07-03 16:24:47,099 INFO sqlalchemy.engine.base.Engine SHOW COLUMNS FROM "tmp_ref"
2017-07-03 16:24:47,099 INFO sqlalchemy.engine.base.Engine {}
2017-07-03 16:24:47,104 INFO sqlalchemy.engine.base.Engine SHOW COLUMNS FROM "migrate_version"
2017-07-03 16:24:47,104 INFO sqlalchemy.engine.base.Engine {}
2017-07-03 16:24:47,106 INFO sqlalchemy.engine.base.Engine ROLLBACK
{0} migrate.tests.versioning.test_schema.TestControlledSchema.test_compare_model_to_db [0.016231s] ... FAILED

Captured traceback:
~~~~~~~~~~~~~~~~~~~
    Traceback (most recent call last):
      File "<decorator-gen-123>", line 2, in test_compare_model_to_db
      File "migrate/tests/fixture/database.py", line 109, in dec
        six.reraise(*fail)
      File "migrate/tests/fixture/database.py", line 93, in dec
        raise RuntimeError('Exception during _setup(): %r' % e)
    RuntimeError: Exception during _setup(): ValueError('too many values to unpack',)
    
2017-07-03 16:24:47,112 INFO sqlalchemy.engine.base.Engine SELECT CAST('test plain returns' AS VARCHAR(60)) AS anon_1
2017-07-03 16:24:47,112 INFO sqlalchemy.engine.base.Engine {}
2017-07-03 16:24:47,112 INFO sqlalchemy.engine.base.Engine SELECT CAST('test unicode returns' AS VARCHAR(60)) AS anon_1
2017-07-03 16:24:47,112 INFO sqlalchemy.engine.base.Engine {}
2017-07-03 16:24:47,113 INFO sqlalchemy.engine.base.Engine SHOW TABLES
2017-07-03 16:24:47,113 INFO sqlalchemy.engine.base.Engine {}
2017-07-03 16:24:47,115 INFO sqlalchemy.engine.base.Engine SHOW COLUMNS FROM "tmp_ref"
2017-07-03 16:24:47,115 INFO sqlalchemy.engine.base.Engine {}
2017-07-03 16:24:47,120 INFO sqlalchemy.engine.base.Engine SHOW COLUMNS FROM "migrate_version"
2017-07-03 16:24:47,120 INFO sqlalchemy.engine.base.Engine {}
2017-07-03 16:24:47,122 INFO sqlalchemy.engine.base.Engine ROLLBACK
{0} migrate.tests.versioning.test_schema.TestControlledSchema.test_create_model [0.015657s] ... FAILED

Captured traceback:
~~~~~~~~~~~~~~~~~~~
    Traceback (most recent call last):
      File "<decorator-gen-121>", line 2, in test_create_model
      File "migrate/tests/fixture/database.py", line 109, in dec
        six.reraise(*fail)
      File "migrate/tests/fixture/database.py", line 93, in dec
        raise RuntimeError('Exception during _setup(): %r' % e)
    RuntimeError: Exception during _setup(): ValueError('too many values to unpack',)
    
2017-07-03 16:24:47,128 INFO sqlalchemy.engine.base.Engine SELECT CAST('test plain returns' AS VARCHAR(60)) AS anon_1
2017-07-03 16:24:47,128 INFO sqlalchemy.engine.base.Engine {}
2017-07-03 16:24:47,129 INFO sqlalchemy.engine.base.Engine SELECT CAST('test unicode returns' AS VARCHAR(60)) AS anon_1
2017-07-03 16:24:47,129 INFO sqlalchemy.engine.base.Engine {}
2017-07-03 16:24:47,129 INFO sqlalchemy.engine.base.Engine SHOW TABLES
2017-07-03 16:24:47,130 INFO sqlalchemy.engine.base.Engine {}
2017-07-03 16:24:47,131 INFO sqlalchemy.engine.base.Engine SHOW COLUMNS FROM "tmp_ref"
2017-07-03 16:24:47,131 INFO sqlalchemy.engine.base.Engine {}
2017-07-03 16:24:47,140 INFO sqlalchemy.engine.base.Engine SHOW COLUMNS FROM "migrate_version"
2017-07-03 16:24:47,140 INFO sqlalchemy.engine.base.Engine {}
2017-07-03 16:24:47,143 INFO sqlalchemy.engine.base.Engine ROLLBACK
{0} migrate.tests.versioning.test_schema.TestControlledSchema.test_update_db_from_model [0.021460s] ... FAILED

Captured traceback:
~~~~~~~~~~~~~~~~~~~
    Traceback (most recent call last):
      File "<decorator-gen-125>", line 2, in test_update_db_from_model
      File "migrate/tests/fixture/database.py", line 109, in dec
        six.reraise(*fail)
      File "migrate/tests/fixture/database.py", line 93, in dec
        raise RuntimeError('Exception during _setup(): %r' % e)
    RuntimeError: Exception during _setup(): ValueError('too many values to unpack',)
    
2017-07-03 16:24:47,150 INFO sqlalchemy.engine.base.Engine SELECT CAST('test plain returns' AS VARCHAR(60)) AS anon_1
2017-07-03 16:24:47,150 INFO sqlalchemy.engine.base.Engine {}
2017-07-03 16:24:47,150 INFO sqlalchemy.engine.base.Engine SELECT CAST('test unicode returns' AS VARCHAR(60)) AS anon_1
2017-07-03 16:24:47,151 INFO sqlalchemy.engine.base.Engine {}
2017-07-03 16:24:47,151 INFO sqlalchemy.engine.base.Engine SHOW TABLES
2017-07-03 16:24:47,151 INFO sqlalchemy.engine.base.Engine {}
2017-07-03 16:24:47,153 INFO sqlalchemy.engine.base.Engine SHOW COLUMNS FROM "tmp_ref"
2017-07-03 16:24:47,153 INFO sqlalchemy.engine.base.Engine {}
2017-07-03 16:24:47,161 INFO sqlalchemy.engine.base.Engine SHOW COLUMNS FROM "migrate_version"
2017-07-03 16:24:47,161 INFO sqlalchemy.engine.base.Engine {}
2017-07-03 16:24:47,163 INFO sqlalchemy.engine.base.Engine ROLLBACK
{0} migrate.tests.versioning.test_schema.TestControlledSchema.test_upgrade_runchange [0.018766s] ... FAILED

Captured traceback:
~~~~~~~~~~~~~~~~~~~
    Traceback (most recent call last):
      File "<decorator-gen-119>", line 2, in test_upgrade_runchange
      File "migrate/tests/fixture/database.py", line 109, in dec
        six.reraise(*fail)
      File "migrate/tests/fixture/database.py", line 93, in dec
        raise RuntimeError('Exception during _setup(): %r' % e)
    RuntimeError: Exception during _setup(): ValueError('too many values to unpack',)
    
2017-07-03 16:24:47,169 INFO sqlalchemy.engine.base.Engine SELECT CAST('test plain returns' AS VARCHAR(60)) AS anon_1
2017-07-03 16:24:47,169 INFO sqlalchemy.engine.base.Engine {}
2017-07-03 16:24:47,169 INFO sqlalchemy.engine.base.Engine SELECT CAST('test unicode returns' AS VARCHAR(60)) AS anon_1
2017-07-03 16:24:47,169 INFO sqlalchemy.engine.base.Engine {}
2017-07-03 16:24:47,170 INFO sqlalchemy.engine.base.Engine SHOW TABLES
2017-07-03 16:24:47,170 INFO sqlalchemy.engine.base.Engine {}
2017-07-03 16:24:47,172 INFO sqlalchemy.engine.base.Engine SHOW COLUMNS FROM "tmp_ref"
2017-07-03 16:24:47,172 INFO sqlalchemy.engine.base.Engine {}
2017-07-03 16:24:47,177 INFO sqlalchemy.engine.base.Engine SHOW COLUMNS FROM "migrate_version"
2017-07-03 16:24:47,177 INFO sqlalchemy.engine.base.Engine {}
2017-07-03 16:24:47,178 INFO sqlalchemy.engine.base.Engine ROLLBACK
{0} migrate.tests.versioning.test_schema.TestControlledSchema.test_version_control [0.015387s] ... FAILED

Captured traceback:
~~~~~~~~~~~~~~~~~~~
    Traceback (most recent call last):
      File "<decorator-gen-111>", line 2, in test_version_control
      File "migrate/tests/fixture/database.py", line 109, in dec
        six.reraise(*fail)
      File "migrate/tests/fixture/database.py", line 93, in dec
        raise RuntimeError('Exception during _setup(): %r' % e)
    RuntimeError: Exception during _setup(): ValueError('too many values to unpack',)
    
2017-07-03 16:24:47,184 INFO sqlalchemy.engine.base.Engine SELECT CAST('test plain returns' AS VARCHAR(60)) AS anon_1
2017-07-03 16:24:47,184 INFO sqlalchemy.engine.base.Engine {}
2017-07-03 16:24:47,185 INFO sqlalchemy.engine.base.Engine SELECT CAST('test unicode returns' AS VARCHAR(60)) AS anon_1
2017-07-03 16:24:47,185 INFO sqlalchemy.engine.base.Engine {}
2017-07-03 16:24:47,185 INFO sqlalchemy.engine.base.Engine SHOW TABLES
2017-07-03 16:24:47,185 INFO sqlalchemy.engine.base.Engine {}
2017-07-03 16:24:47,187 INFO sqlalchemy.engine.base.Engine SHOW COLUMNS FROM "tmp_ref"
2017-07-03 16:24:47,187 INFO sqlalchemy.engine.base.Engine {}
2017-07-03 16:24:47,193 INFO sqlalchemy.engine.base.Engine SHOW COLUMNS FROM "migrate_version"
2017-07-03 16:24:47,193 INFO sqlalchemy.engine.base.Engine {}
2017-07-03 16:24:47,194 INFO sqlalchemy.engine.base.Engine ROLLBACK
{0} migrate.tests.versioning.test_schema.TestControlledSchema.test_version_control_invalid [0.015826s] ... FAILED

Captured traceback:
~~~~~~~~~~~~~~~~~~~
    Traceback (most recent call last):
      File "<decorator-gen-115>", line 2, in test_version_control_invalid
      File "migrate/tests/fixture/database.py", line 109, in dec
        six.reraise(*fail)
      File "migrate/tests/fixture/database.py", line 93, in dec
        raise RuntimeError('Exception during _setup(): %r' % e)
    RuntimeError: Exception during _setup(): ValueError('too many values to unpack',)
    
2017-07-03 16:24:47,201 INFO sqlalchemy.engine.base.Engine SELECT CAST('test plain returns' AS VARCHAR(60)) AS anon_1
2017-07-03 16:24:47,201 INFO sqlalchemy.engine.base.Engine {}
2017-07-03 16:24:47,201 INFO sqlalchemy.engine.base.Engine SELECT CAST('test unicode returns' AS VARCHAR(60)) AS anon_1
2017-07-03 16:24:47,201 INFO sqlalchemy.engine.base.Engine {}
2017-07-03 16:24:47,202 INFO sqlalchemy.engine.base.Engine SHOW TABLES
2017-07-03 16:24:47,202 INFO sqlalchemy.engine.base.Engine {}
2017-07-03 16:24:47,204 INFO sqlalchemy.engine.base.Engine SHOW COLUMNS FROM "tmp_ref"
2017-07-03 16:24:47,204 INFO sqlalchemy.engine.base.Engine {}
2017-07-03 16:24:47,209 INFO sqlalchemy.engine.base.Engine SHOW COLUMNS FROM "migrate_version"
2017-07-03 16:24:47,209 INFO sqlalchemy.engine.base.Engine {}
2017-07-03 16:24:47,211 INFO sqlalchemy.engine.base.Engine ROLLBACK
{0} migrate.tests.versioning.test_schema.TestControlledSchema.test_version_control_specified [0.016035s] ... FAILED

Captured traceback:
~~~~~~~~~~~~~~~~~~~
    Traceback (most recent call last):
      File "<decorator-gen-113>", line 2, in test_version_control_specified
      File "migrate/tests/fixture/database.py", line 109, in dec
        six.reraise(*fail)
      File "migrate/tests/fixture/database.py", line 93, in dec
        raise RuntimeError('Exception during _setup(): %r' % e)
    RuntimeError: Exception during _setup(): ValueError('too many values to unpack',)
    
2017-07-03 16:24:47,213 INFO sqlalchemy.engine.base.Engine SELECT CAST('test plain returns' AS VARCHAR(60)) AS anon_1
2017-07-03 16:24:47,214 INFO sqlalchemy.engine.base.Engine {}
2017-07-03 16:24:47,214 INFO sqlalchemy.engine.base.Engine SELECT CAST('test unicode returns' AS VARCHAR(60)) AS anon_1
2017-07-03 16:24:47,214 INFO sqlalchemy.engine.base.Engine {}
2017-07-03 16:24:47,215 INFO sqlalchemy.engine.base.Engine SHOW TABLES
2017-07-03 16:24:47,215 INFO sqlalchemy.engine.base.Engine {}
2017-07-03 16:24:47,217 INFO sqlalchemy.engine.base.Engine SHOW COLUMNS FROM "tmp_ref"
2017-07-03 16:24:47,217 INFO sqlalchemy.engine.base.Engine {}
{0} migrate.tests.versioning.test_schemadiff.Test_getDiffOfModelAgainstDatabase.test_column_missing_in_db [0.010093s] ... FAILED

Captured traceback:
~~~~~~~~~~~~~~~~~~~
    Traceback (most recent call last):
      File "<decorator-gen-165>", line 2, in test_column_missing_in_db
      File "migrate/tests/fixture/database.py", line 109, in dec
        six.reraise(*fail)
      File "migrate/tests/fixture/database.py", line 93, in dec
        raise RuntimeError('Exception during _setup(): %r' % e)
    RuntimeError: Exception during _setup(): ValueError('too many values to unpack',)
    
2017-07-03 16:24:47,224 INFO sqlalchemy.engine.base.Engine SELECT CAST('test plain returns' AS VARCHAR(60)) AS anon_1
2017-07-03 16:24:47,224 INFO sqlalchemy.engine.base.Engine {}
2017-07-03 16:24:47,225 INFO sqlalchemy.engine.base.Engine SELECT CAST('test unicode returns' AS VARCHAR(60)) AS anon_1
2017-07-03 16:24:47,225 INFO sqlalchemy.engine.base.Engine {}
2017-07-03 16:24:47,226 INFO sqlalchemy.engine.base.Engine SHOW TABLES
2017-07-03 16:24:47,226 INFO sqlalchemy.engine.base.Engine {}
2017-07-03 16:24:47,228 INFO sqlalchemy.engine.base.Engine SHOW COLUMNS FROM "tmp_ref"
2017-07-03 16:24:47,228 INFO sqlalchemy.engine.base.Engine {}
{0} migrate.tests.versioning.test_schemadiff.Test_getDiffOfModelAgainstDatabase.test_column_missing_in_model [0.011295s] ... FAILED

Captured traceback:
~~~~~~~~~~~~~~~~~~~
    Traceback (most recent call last):
      File "<decorator-gen-167>", line 2, in test_column_missing_in_model
      File "migrate/tests/fixture/database.py", line 109, in dec
        six.reraise(*fail)
      File "migrate/tests/fixture/database.py", line 93, in dec
        raise RuntimeError('Exception during _setup(): %r' % e)
    RuntimeError: Exception during _setup(): ValueError('too many values to unpack',)
    
2017-07-03 16:24:47,235 INFO sqlalchemy.engine.base.Engine SELECT CAST('test plain returns' AS VARCHAR(60)) AS anon_1
2017-07-03 16:24:47,235 INFO sqlalchemy.engine.base.Engine {}
2017-07-03 16:24:47,236 INFO sqlalchemy.engine.base.Engine SELECT CAST('test unicode returns' AS VARCHAR(60)) AS anon_1
2017-07-03 16:24:47,236 INFO sqlalchemy.engine.base.Engine {}
2017-07-03 16:24:47,237 INFO sqlalchemy.engine.base.Engine SHOW TABLES
2017-07-03 16:24:47,237 INFO sqlalchemy.engine.base.Engine {}
2017-07-03 16:24:47,239 INFO sqlalchemy.engine.base.Engine SHOW COLUMNS FROM "tmp_ref"
2017-07-03 16:24:47,239 INFO sqlalchemy.engine.base.Engine {}
{0} migrate.tests.versioning.test_schemadiff.Test_getDiffOfModelAgainstDatabase.test_different_type [0.009846s] ... FAILED

Captured traceback:
~~~~~~~~~~~~~~~~~~~
    Traceback (most recent call last):
      File "<decorator-gen-173>", line 2, in test_different_type
      File "migrate/tests/fixture/database.py", line 109, in dec
        six.reraise(*fail)
      File "migrate/tests/fixture/database.py", line 93, in dec
        raise RuntimeError('Exception during _setup(): %r' % e)
    RuntimeError: Exception during _setup(): ValueError('too many values to unpack',)
    
2017-07-03 16:24:47,245 INFO sqlalchemy.engine.base.Engine SELECT CAST('test plain returns' AS VARCHAR(60)) AS anon_1
2017-07-03 16:24:47,245 INFO sqlalchemy.engine.base.Engine {}
2017-07-03 16:24:47,246 INFO sqlalchemy.engine.base.Engine SELECT CAST('test unicode returns' AS VARCHAR(60)) AS anon_1
2017-07-03 16:24:47,246 INFO sqlalchemy.engine.base.Engine {}
2017-07-03 16:24:47,247 INFO sqlalchemy.engine.base.Engine SHOW TABLES
2017-07-03 16:24:47,247 INFO sqlalchemy.engine.base.Engine {}
2017-07-03 16:24:47,248 INFO sqlalchemy.engine.base.Engine SHOW COLUMNS FROM "tmp_ref"
2017-07-03 16:24:47,248 INFO sqlalchemy.engine.base.Engine {}
{0} migrate.tests.versioning.test_schemadiff.Test_getDiffOfModelAgainstDatabase.test_exclude_tables [0.009620s] ... FAILED

Captured traceback:
~~~~~~~~~~~~~~~~~~~
    Traceback (most recent call last):
      File "<decorator-gen-169>", line 2, in test_exclude_tables
      File "migrate/tests/fixture/database.py", line 109, in dec
        six.reraise(*fail)
      File "migrate/tests/fixture/database.py", line 93, in dec
        raise RuntimeError('Exception during _setup(): %r' % e)
    RuntimeError: Exception during _setup(): ValueError('too many values to unpack',)
    
2017-07-03 16:24:47,255 INFO sqlalchemy.engine.base.Engine SELECT CAST('test plain returns' AS VARCHAR(60)) AS anon_1
2017-07-03 16:24:47,256 INFO sqlalchemy.engine.base.Engine {}
2017-07-03 16:24:47,256 INFO sqlalchemy.engine.base.Engine SELECT CAST('test unicode returns' AS VARCHAR(60)) AS anon_1
2017-07-03 16:24:47,256 INFO sqlalchemy.engine.base.Engine {}
2017-07-03 16:24:47,257 INFO sqlalchemy.engine.base.Engine SHOW TABLES
2017-07-03 16:24:47,257 INFO sqlalchemy.engine.base.Engine {}
2017-07-03 16:24:47,258 INFO sqlalchemy.engine.base.Engine SHOW COLUMNS FROM "tmp_ref"
2017-07-03 16:24:47,259 INFO sqlalchemy.engine.base.Engine {}
{0} migrate.tests.versioning.test_schemadiff.Test_getDiffOfModelAgainstDatabase.test_float_vs_numeric [0.010119s] ... FAILED

Captured traceback:
~~~~~~~~~~~~~~~~~~~
    Traceback (most recent call last):
      File "<decorator-gen-177>", line 2, in test_float_vs_numeric
      File "migrate/tests/fixture/database.py", line 109, in dec
        six.reraise(*fail)
      File "migrate/tests/fixture/database.py", line 93, in dec
        raise RuntimeError('Exception during _setup(): %r' % e)
    RuntimeError: Exception during _setup(): ValueError('too many values to unpack',)
    
2017-07-03 16:24:47,266 INFO sqlalchemy.engine.base.Engine SELECT CAST('test plain returns' AS VARCHAR(60)) AS anon_1
2017-07-03 16:24:47,266 INFO sqlalchemy.engine.base.Engine {}
2017-07-03 16:24:47,266 INFO sqlalchemy.engine.base.Engine SELECT CAST('test unicode returns' AS VARCHAR(60)) AS anon_1
2017-07-03 16:24:47,266 INFO sqlalchemy.engine.base.Engine {}
2017-07-03 16:24:47,267 INFO sqlalchemy.engine.base.Engine SHOW TABLES
2017-07-03 16:24:47,267 INFO sqlalchemy.engine.base.Engine {}
2017-07-03 16:24:47,269 INFO sqlalchemy.engine.base.Engine SHOW COLUMNS FROM "tmp_ref"
2017-07-03 16:24:47,269 INFO sqlalchemy.engine.base.Engine {}
{0} migrate.tests.versioning.test_schemadiff.Test_getDiffOfModelAgainstDatabase.test_identical_just_pk [0.009668s] ... FAILED

Captured traceback:
~~~~~~~~~~~~~~~~~~~
    Traceback (most recent call last):
      File "<decorator-gen-171>", line 2, in test_identical_just_pk
      File "migrate/tests/fixture/database.py", line 109, in dec
        six.reraise(*fail)
      File "migrate/tests/fixture/database.py", line 93, in dec
        raise RuntimeError('Exception during _setup(): %r' % e)
    RuntimeError: Exception during _setup(): ValueError('too many values to unpack',)
    
2017-07-03 16:24:47,275 INFO sqlalchemy.engine.base.Engine SELECT CAST('test plain returns' AS VARCHAR(60)) AS anon_1
2017-07-03 16:24:47,276 INFO sqlalchemy.engine.base.Engine {}
2017-07-03 16:24:47,276 INFO sqlalchemy.engine.base.Engine SELECT CAST('test unicode returns' AS VARCHAR(60)) AS anon_1
2017-07-03 16:24:47,276 INFO sqlalchemy.engine.base.Engine {}
2017-07-03 16:24:47,277 INFO sqlalchemy.engine.base.Engine SHOW TABLES
2017-07-03 16:24:47,277 INFO sqlalchemy.engine.base.Engine {}
2017-07-03 16:24:47,278 INFO sqlalchemy.engine.base.Engine SHOW COLUMNS FROM "tmp_ref"
2017-07-03 16:24:47,278 INFO sqlalchemy.engine.base.Engine {}
{0} migrate.tests.versioning.test_schemadiff.Test_getDiffOfModelAgainstDatabase.test_int_vs_float [0.009508s] ... FAILED

Captured traceback:
~~~~~~~~~~~~~~~~~~~
    Traceback (most recent call last):
      File "<decorator-gen-175>", line 2, in test_int_vs_float
      File "migrate/tests/fixture/database.py", line 109, in dec
        six.reraise(*fail)
      File "migrate/tests/fixture/database.py", line 93, in dec
        raise RuntimeError('Exception during _setup(): %r' % e)
    RuntimeError: Exception during _setup(): ValueError('too many values to unpack',)
    
2017-07-03 16:24:47,285 INFO sqlalchemy.engine.base.Engine SELECT CAST('test plain returns' AS VARCHAR(60)) AS anon_1
2017-07-03 16:24:47,285 INFO sqlalchemy.engine.base.Engine {}
2017-07-03 16:24:47,286 INFO sqlalchemy.engine.base.Engine SELECT CAST('test unicode returns' AS VARCHAR(60)) AS anon_1
2017-07-03 16:24:47,286 INFO sqlalchemy.engine.base.Engine {}
2017-07-03 16:24:47,287 INFO sqlalchemy.engine.base.Engine SHOW TABLES
2017-07-03 16:24:47,287 INFO sqlalchemy.engine.base.Engine {}
2017-07-03 16:24:47,288 INFO sqlalchemy.engine.base.Engine SHOW COLUMNS FROM "tmp_ref"
2017-07-03 16:24:47,288 INFO sqlalchemy.engine.base.Engine {}
{0} migrate.tests.versioning.test_schemadiff.Test_getDiffOfModelAgainstDatabase.test_integer_identical [0.009915s] ... FAILED

Captured traceback:
~~~~~~~~~~~~~~~~~~~
    Traceback (most recent call last):
      File "<decorator-gen-185>", line 2, in test_integer_identical
      File "migrate/tests/fixture/database.py", line 109, in dec
        six.reraise(*fail)
      File "migrate/tests/fixture/database.py", line 93, in dec
        raise RuntimeError('Exception during _setup(): %r' % e)
    RuntimeError: Exception during _setup(): ValueError('too many values to unpack',)
    
2017-07-03 16:24:47,296 INFO sqlalchemy.engine.base.Engine SELECT CAST('test plain returns' AS VARCHAR(60)) AS anon_1
2017-07-03 16:24:47,296 INFO sqlalchemy.engine.base.Engine {}
2017-07-03 16:24:47,296 INFO sqlalchemy.engine.base.Engine SELECT CAST('test unicode returns' AS VARCHAR(60)) AS anon_1
2017-07-03 16:24:47,296 INFO sqlalchemy.engine.base.Engine {}
2017-07-03 16:24:47,297 INFO sqlalchemy.engine.base.Engine SHOW TABLES
2017-07-03 16:24:47,297 INFO sqlalchemy.engine.base.Engine {}
2017-07-03 16:24:47,299 INFO sqlalchemy.engine.base.Engine SHOW COLUMNS FROM "tmp_ref"
2017-07-03 16:24:47,299 INFO sqlalchemy.engine.base.Engine {}
{0} migrate.tests.versioning.test_schemadiff.Test_getDiffOfModelAgainstDatabase.test_numeric_precision [0.013130s] ... FAILED

Captured traceback:
~~~~~~~~~~~~~~~~~~~
    Traceback (most recent call last):
      File "<decorator-gen-179>", line 2, in test_numeric_precision
      File "migrate/tests/fixture/database.py", line 109, in dec
        six.reraise(*fail)
      File "migrate/tests/fixture/database.py", line 93, in dec
        raise RuntimeError('Exception during _setup(): %r' % e)
    RuntimeError: Exception during _setup(): ValueError('too many values to unpack',)
    
2017-07-03 16:24:47,309 INFO sqlalchemy.engine.base.Engine SELECT CAST('test plain returns' AS VARCHAR(60)) AS anon_1
2017-07-03 16:24:47,309 INFO sqlalchemy.engine.base.Engine {}
2017-07-03 16:24:47,310 INFO sqlalchemy.engine.base.Engine SELECT CAST('test unicode returns' AS VARCHAR(60)) AS anon_1
2017-07-03 16:24:47,310 INFO sqlalchemy.engine.base.Engine {}
2017-07-03 16:24:47,311 INFO sqlalchemy.engine.base.Engine SHOW TABLES
2017-07-03 16:24:47,311 INFO sqlalchemy.engine.base.Engine {}
2017-07-03 16:24:47,313 INFO sqlalchemy.engine.base.Engine SHOW COLUMNS FROM "tmp_ref"
2017-07-03 16:24:47,313 INFO sqlalchemy.engine.base.Engine {}
{0} migrate.tests.versioning.test_schemadiff.Test_getDiffOfModelAgainstDatabase.test_numeric_scale [0.010456s] ... FAILED

Captured traceback:
~~~~~~~~~~~~~~~~~~~
    Traceback (most recent call last):
      File "<decorator-gen-181>", line 2, in test_numeric_scale
      File "migrate/tests/fixture/database.py", line 109, in dec
        six.reraise(*fail)
      File "migrate/tests/fixture/database.py", line 93, in dec
        raise RuntimeError('Exception during _setup(): %r' % e)
    RuntimeError: Exception during _setup(): ValueError('too many values to unpack',)
    
2017-07-03 16:24:47,320 INFO sqlalchemy.engine.base.Engine SELECT CAST('test plain returns' AS VARCHAR(60)) AS anon_1
2017-07-03 16:24:47,320 INFO sqlalchemy.engine.base.Engine {}
2017-07-03 16:24:47,320 INFO sqlalchemy.engine.base.Engine SELECT CAST('test unicode returns' AS VARCHAR(60)) AS anon_1
2017-07-03 16:24:47,321 INFO sqlalchemy.engine.base.Engine {}
2017-07-03 16:24:47,321 INFO sqlalchemy.engine.base.Engine SHOW TABLES
2017-07-03 16:24:47,321 INFO sqlalchemy.engine.base.Engine {}
2017-07-03 16:24:47,323 INFO sqlalchemy.engine.base.Engine SHOW COLUMNS FROM "tmp_ref"
2017-07-03 16:24:47,323 INFO sqlalchemy.engine.base.Engine {}
{0} migrate.tests.versioning.test_schemadiff.Test_getDiffOfModelAgainstDatabase.test_string_identical [0.010083s] ... FAILED

Captured traceback:
~~~~~~~~~~~~~~~~~~~
    Traceback (most recent call last):
      File "<decorator-gen-187>", line 2, in test_string_identical
      File "migrate/tests/fixture/database.py", line 109, in dec
        six.reraise(*fail)
      File "migrate/tests/fixture/database.py", line 93, in dec
        raise RuntimeError('Exception during _setup(): %r' % e)
    RuntimeError: Exception during _setup(): ValueError('too many values to unpack',)
    
2017-07-03 16:24:47,330 INFO sqlalchemy.engine.base.Engine SELECT CAST('test plain returns' AS VARCHAR(60)) AS anon_1
2017-07-03 16:24:47,330 INFO sqlalchemy.engine.base.Engine {}
2017-07-03 16:24:47,331 INFO sqlalchemy.engine.base.Engine SELECT CAST('test unicode returns' AS VARCHAR(60)) AS anon_1
2017-07-03 16:24:47,331 INFO sqlalchemy.engine.base.Engine {}
2017-07-03 16:24:47,331 INFO sqlalchemy.engine.base.Engine SHOW TABLES
2017-07-03 16:24:47,331 INFO sqlalchemy.engine.base.Engine {}
2017-07-03 16:24:47,333 INFO sqlalchemy.engine.base.Engine SHOW COLUMNS FROM "tmp_ref"
2017-07-03 16:24:47,333 INFO sqlalchemy.engine.base.Engine {}
{0} migrate.tests.versioning.test_schemadiff.Test_getDiffOfModelAgainstDatabase.test_string_length [0.010017s] ... FAILED

Captured traceback:
~~~~~~~~~~~~~~~~~~~
    Traceback (most recent call last):
      File "<decorator-gen-183>", line 2, in test_string_length
      File "migrate/tests/fixture/database.py", line 109, in dec
        six.reraise(*fail)
      File "migrate/tests/fixture/database.py", line 93, in dec
        raise RuntimeError('Exception during _setup(): %r' % e)
    RuntimeError: Exception during _setup(): ValueError('too many values to unpack',)
    
2017-07-03 16:24:47,340 INFO sqlalchemy.engine.base.Engine SELECT CAST('test plain returns' AS VARCHAR(60)) AS anon_1
2017-07-03 16:24:47,340 INFO sqlalchemy.engine.base.Engine {}
2017-07-03 16:24:47,341 INFO sqlalchemy.engine.base.Engine SELECT CAST('test unicode returns' AS VARCHAR(60)) AS anon_1
2017-07-03 16:24:47,341 INFO sqlalchemy.engine.base.Engine {}
2017-07-03 16:24:47,342 INFO sqlalchemy.engine.base.Engine SHOW TABLES
2017-07-03 16:24:47,342 INFO sqlalchemy.engine.base.Engine {}
2017-07-03 16:24:47,343 INFO sqlalchemy.engine.base.Engine SHOW COLUMNS FROM "tmp_ref"
2017-07-03 16:24:47,344 INFO sqlalchemy.engine.base.Engine {}
{0} migrate.tests.versioning.test_schemadiff.Test_getDiffOfModelAgainstDatabase.test_table_missing_in_db [0.010025s] ... FAILED

Captured traceback:
~~~~~~~~~~~~~~~~~~~
    Traceback (most recent call last):
      File "<decorator-gen-161>", line 2, in test_table_missing_in_db
      File "migrate/tests/fixture/database.py", line 109, in dec
        six.reraise(*fail)
      File "migrate/tests/fixture/database.py", line 93, in dec
        raise RuntimeError('Exception during _setup(): %r' % e)
    RuntimeError: Exception during _setup(): ValueError('too many values to unpack',)
    
2017-07-03 16:24:47,351 INFO sqlalchemy.engine.base.Engine SELECT CAST('test plain returns' AS VARCHAR(60)) AS anon_1
2017-07-03 16:24:47,351 INFO sqlalchemy.engine.base.Engine {}
2017-07-03 16:24:47,351 INFO sqlalchemy.engine.base.Engine SELECT CAST('test unicode returns' AS VARCHAR(60)) AS anon_1
2017-07-03 16:24:47,351 INFO sqlalchemy.engine.base.Engine {}
2017-07-03 16:24:47,352 INFO sqlalchemy.engine.base.Engine SHOW TABLES
2017-07-03 16:24:47,352 INFO sqlalchemy.engine.base.Engine {}
2017-07-03 16:24:47,354 INFO sqlalchemy.engine.base.Engine SHOW COLUMNS FROM "tmp_ref"
2017-07-03 16:24:47,354 INFO sqlalchemy.engine.base.Engine {}
{0} migrate.tests.versioning.test_schemadiff.Test_getDiffOfModelAgainstDatabase.test_table_missing_in_model [0.010250s] ... FAILED

Captured traceback:
~~~~~~~~~~~~~~~~~~~
    Traceback (most recent call last):
      File "<decorator-gen-163>", line 2, in test_table_missing_in_model
      File "migrate/tests/fixture/database.py", line 109, in dec
        six.reraise(*fail)
      File "migrate/tests/fixture/database.py", line 93, in dec
        raise RuntimeError('Exception during _setup(): %r' % e)
    RuntimeError: Exception during _setup(): ValueError('too many values to unpack',)
    
2017-07-03 16:24:47,362 INFO sqlalchemy.engine.base.Engine SELECT CAST('test plain returns' AS VARCHAR(60)) AS anon_1
2017-07-03 16:24:47,362 INFO sqlalchemy.engine.base.Engine {}
2017-07-03 16:24:47,362 INFO sqlalchemy.engine.base.Engine SELECT CAST('test unicode returns' AS VARCHAR(60)) AS anon_1
2017-07-03 16:24:47,362 INFO sqlalchemy.engine.base.Engine {}
2017-07-03 16:24:47,363 INFO sqlalchemy.engine.base.Engine SHOW TABLES
2017-07-03 16:24:47,363 INFO sqlalchemy.engine.base.Engine {}
2017-07-03 16:24:47,365 INFO sqlalchemy.engine.base.Engine SHOW COLUMNS FROM "tmp_ref"
2017-07-03 16:24:47,365 INFO sqlalchemy.engine.base.Engine {}
{0} migrate.tests.versioning.test_schemadiff.Test_getDiffOfModelAgainstDatabase.test_text_identical [0.010366s] ... FAILED

Captured traceback:
~~~~~~~~~~~~~~~~~~~
    Traceback (most recent call last):
      File "<decorator-gen-189>", line 2, in test_text_identical
      File "migrate/tests/fixture/database.py", line 109, in dec
        six.reraise(*fail)
      File "migrate/tests/fixture/database.py", line 93, in dec
        raise RuntimeError('Exception during _setup(): %r' % e)
    RuntimeError: Exception during _setup(): ValueError('too many values to unpack',)
    
2017-07-03 16:24:47,372 INFO sqlalchemy.engine.base.Engine SELECT CAST('test plain returns' AS VARCHAR(60)) AS anon_1
2017-07-03 16:24:47,372 INFO sqlalchemy.engine.base.Engine {}
2017-07-03 16:24:47,372 INFO sqlalchemy.engine.base.Engine SELECT CAST('test unicode returns' AS VARCHAR(60)) AS anon_1
2017-07-03 16:24:47,372 INFO sqlalchemy.engine.base.Engine {}
2017-07-03 16:24:47,373 INFO sqlalchemy.engine.base.Engine SHOW TABLES
2017-07-03 16:24:47,373 INFO sqlalchemy.engine.base.Engine {}
2017-07-03 16:24:47,375 INFO sqlalchemy.engine.base.Engine SHOW COLUMNS FROM "tmp_ref"
2017-07-03 16:24:47,375 INFO sqlalchemy.engine.base.Engine {}
{0} migrate.tests.versioning.test_schemadiff.Test_getDiffOfModelAgainstModel.test_column_missing_in_db [0.009808s] ... FAILED

Captured traceback:
~~~~~~~~~~~~~~~~~~~
    Traceback (most recent call last):
      File "<decorator-gen-165>", line 2, in test_column_missing_in_db
      File "migrate/tests/fixture/database.py", line 109, in dec
        six.reraise(*fail)
      File "migrate/tests/fixture/database.py", line 93, in dec
        raise RuntimeError('Exception during _setup(): %r' % e)
    RuntimeError: Exception during _setup(): ValueError('too many values to unpack',)
    
2017-07-03 16:24:47,382 INFO sqlalchemy.engine.base.Engine SELECT CAST('test plain returns' AS VARCHAR(60)) AS anon_1
2017-07-03 16:24:47,382 INFO sqlalchemy.engine.base.Engine {}
2017-07-03 16:24:47,383 INFO sqlalchemy.engine.base.Engine SELECT CAST('test unicode returns' AS VARCHAR(60)) AS anon_1
2017-07-03 16:24:47,383 INFO sqlalchemy.engine.base.Engine {}
2017-07-03 16:24:47,383 INFO sqlalchemy.engine.base.Engine SHOW TABLES
2017-07-03 16:24:47,383 INFO sqlalchemy.engine.base.Engine {}
2017-07-03 16:24:47,385 INFO sqlalchemy.engine.base.Engine SHOW COLUMNS FROM "tmp_ref"
2017-07-03 16:24:47,385 INFO sqlalchemy.engine.base.Engine {}
{0} migrate.tests.versioning.test_schemadiff.Test_getDiffOfModelAgainstModel.test_column_missing_in_model [0.009863s] ... FAILED

Captured traceback:
~~~~~~~~~~~~~~~~~~~
    Traceback (most recent call last):
      File "<decorator-gen-167>", line 2, in test_column_missing_in_model
      File "migrate/tests/fixture/database.py", line 109, in dec
        six.reraise(*fail)
      File "migrate/tests/fixture/database.py", line 93, in dec
        raise RuntimeError('Exception during _setup(): %r' % e)
    RuntimeError: Exception during _setup(): ValueError('too many values to unpack',)
    
2017-07-03 16:24:47,392 INFO sqlalchemy.engine.base.Engine SELECT CAST('test plain returns' AS VARCHAR(60)) AS anon_1
2017-07-03 16:24:47,392 INFO sqlalchemy.engine.base.Engine {}
2017-07-03 16:24:47,393 INFO sqlalchemy.engine.base.Engine SELECT CAST('test unicode returns' AS VARCHAR(60)) AS anon_1
2017-07-03 16:24:47,393 INFO sqlalchemy.engine.base.Engine {}
2017-07-03 16:24:47,393 INFO sqlalchemy.engine.base.Engine SHOW TABLES
2017-07-03 16:24:47,393 INFO sqlalchemy.engine.base.Engine {}
2017-07-03 16:24:47,395 INFO sqlalchemy.engine.base.Engine SHOW COLUMNS FROM "tmp_ref"
2017-07-03 16:24:47,395 INFO sqlalchemy.engine.base.Engine {}
{0} migrate.tests.versioning.test_schemadiff.Test_getDiffOfModelAgainstModel.test_different_type [0.009751s] ... FAILED

Captured traceback:
~~~~~~~~~~~~~~~~~~~
    Traceback (most recent call last):
      File "<decorator-gen-173>", line 2, in test_different_type
      File "migrate/tests/fixture/database.py", line 109, in dec
        six.reraise(*fail)
      File "migrate/tests/fixture/database.py", line 93, in dec
        raise RuntimeError('Exception during _setup(): %r' % e)
    RuntimeError: Exception during _setup(): ValueError('too many values to unpack',)
    
2017-07-03 16:24:47,402 INFO sqlalchemy.engine.base.Engine SELECT CAST('test plain returns' AS VARCHAR(60)) AS anon_1
2017-07-03 16:24:47,402 INFO sqlalchemy.engine.base.Engine {}
2017-07-03 16:24:47,403 INFO sqlalchemy.engine.base.Engine SELECT CAST('test unicode returns' AS VARCHAR(60)) AS anon_1
2017-07-03 16:24:47,403 INFO sqlalchemy.engine.base.Engine {}
2017-07-03 16:24:47,403 INFO sqlalchemy.engine.base.Engine SHOW TABLES
2017-07-03 16:24:47,403 INFO sqlalchemy.engine.base.Engine {}
2017-07-03 16:24:47,405 INFO sqlalchemy.engine.base.Engine SHOW COLUMNS FROM "tmp_ref"
2017-07-03 16:24:47,405 INFO sqlalchemy.engine.base.Engine {}
{0} migrate.tests.versioning.test_schemadiff.Test_getDiffOfModelAgainstModel.test_exclude_tables [0.009652s] ... FAILED

Captured traceback:
~~~~~~~~~~~~~~~~~~~
    Traceback (most recent call last):
      File "<decorator-gen-169>", line 2, in test_exclude_tables
      File "migrate/tests/fixture/database.py", line 109, in dec
        six.reraise(*fail)
      File "migrate/tests/fixture/database.py", line 93, in dec
        raise RuntimeError('Exception during _setup(): %r' % e)
    RuntimeError: Exception during _setup(): ValueError('too many values to unpack',)
    
2017-07-03 16:24:47,412 INFO sqlalchemy.engine.base.Engine SELECT CAST('test plain returns' AS VARCHAR(60)) AS anon_1
2017-07-03 16:24:47,412 INFO sqlalchemy.engine.base.Engine {}
2017-07-03 16:24:47,413 INFO sqlalchemy.engine.base.Engine SELECT CAST('test unicode returns' AS VARCHAR(60)) AS anon_1
2017-07-03 16:24:47,413 INFO sqlalchemy.engine.base.Engine {}
2017-07-03 16:24:47,413 INFO sqlalchemy.engine.base.Engine SHOW TABLES
2017-07-03 16:24:47,413 INFO sqlalchemy.engine.base.Engine {}
2017-07-03 16:24:47,415 INFO sqlalchemy.engine.base.Engine SHOW COLUMNS FROM "tmp_ref"
2017-07-03 16:24:47,415 INFO sqlalchemy.engine.base.Engine {}
{0} migrate.tests.versioning.test_schemadiff.Test_getDiffOfModelAgainstModel.test_float_vs_numeric [0.010441s] ... FAILED

Captured traceback:
~~~~~~~~~~~~~~~~~~~
    Traceback (most recent call last):
      File "<decorator-gen-177>", line 2, in test_float_vs_numeric
      File "migrate/tests/fixture/database.py", line 109, in dec
        six.reraise(*fail)
      File "migrate/tests/fixture/database.py", line 93, in dec
        raise RuntimeError('Exception during _setup(): %r' % e)
    RuntimeError: Exception during _setup(): ValueError('too many values to unpack',)
    
2017-07-03 16:24:47,423 INFO sqlalchemy.engine.base.Engine SELECT CAST('test plain returns' AS VARCHAR(60)) AS anon_1
2017-07-03 16:24:47,423 INFO sqlalchemy.engine.base.Engine {}
2017-07-03 16:24:47,424 INFO sqlalchemy.engine.base.Engine SELECT CAST('test unicode returns' AS VARCHAR(60)) AS anon_1
2017-07-03 16:24:47,424 INFO sqlalchemy.engine.base.Engine {}
2017-07-03 16:24:47,425 INFO sqlalchemy.engine.base.Engine SHOW TABLES
2017-07-03 16:24:47,425 INFO sqlalchemy.engine.base.Engine {}
2017-07-03 16:24:47,426 INFO sqlalchemy.engine.base.Engine SHOW COLUMNS FROM "tmp_ref"
2017-07-03 16:24:47,427 INFO sqlalchemy.engine.base.Engine {}
{0} migrate.tests.versioning.test_schemadiff.Test_getDiffOfModelAgainstModel.test_identical_just_pk [0.010497s] ... FAILED

Captured traceback:
~~~~~~~~~~~~~~~~~~~
    Traceback (most recent call last):
      File "<decorator-gen-171>", line 2, in test_identical_just_pk
      File "migrate/tests/fixture/database.py", line 109, in dec
        six.reraise(*fail)
      File "migrate/tests/fixture/database.py", line 93, in dec
        raise RuntimeError('Exception during _setup(): %r' % e)
    RuntimeError: Exception during _setup(): ValueError('too many values to unpack',)
    
2017-07-03 16:24:47,434 INFO sqlalchemy.engine.base.Engine SELECT CAST('test plain returns' AS VARCHAR(60)) AS anon_1
2017-07-03 16:24:47,434 INFO sqlalchemy.engine.base.Engine {}
2017-07-03 16:24:47,434 INFO sqlalchemy.engine.base.Engine SELECT CAST('test unicode returns' AS VARCHAR(60)) AS anon_1
2017-07-03 16:24:47,434 INFO sqlalchemy.engine.base.Engine {}
2017-07-03 16:24:47,435 INFO sqlalchemy.engine.base.Engine SHOW TABLES
2017-07-03 16:24:47,435 INFO sqlalchemy.engine.base.Engine {}
2017-07-03 16:24:47,437 INFO sqlalchemy.engine.base.Engine SHOW COLUMNS FROM "tmp_ref"
2017-07-03 16:24:47,437 INFO sqlalchemy.engine.base.Engine {}
{0} migrate.tests.versioning.test_schemadiff.Test_getDiffOfModelAgainstModel.test_int_vs_float [0.009831s] ... FAILED

Captured traceback:
~~~~~~~~~~~~~~~~~~~
    Traceback (most recent call last):
      File "<decorator-gen-175>", line 2, in test_int_vs_float
      File "migrate/tests/fixture/database.py", line 109, in dec
        six.reraise(*fail)
      File "migrate/tests/fixture/database.py", line 93, in dec
        raise RuntimeError('Exception during _setup(): %r' % e)
    RuntimeError: Exception during _setup(): ValueError('too many values to unpack',)
    
2017-07-03 16:24:47,444 INFO sqlalchemy.engine.base.Engine SELECT CAST('test plain returns' AS VARCHAR(60)) AS anon_1
2017-07-03 16:24:47,444 INFO sqlalchemy.engine.base.Engine {}
2017-07-03 16:24:47,445 INFO sqlalchemy.engine.base.Engine SELECT CAST('test unicode returns' AS VARCHAR(60)) AS anon_1
2017-07-03 16:24:47,445 INFO sqlalchemy.engine.base.Engine {}
2017-07-03 16:24:47,445 INFO sqlalchemy.engine.base.Engine SHOW TABLES
2017-07-03 16:24:47,445 INFO sqlalchemy.engine.base.Engine {}
2017-07-03 16:24:47,447 INFO sqlalchemy.engine.base.Engine SHOW COLUMNS FROM "tmp_ref"
2017-07-03 16:24:47,447 INFO sqlalchemy.engine.base.Engine {}
{0} migrate.tests.versioning.test_schemadiff.Test_getDiffOfModelAgainstModel.test_integer_identical [0.010179s] ... FAILED

Captured traceback:
~~~~~~~~~~~~~~~~~~~
    Traceback (most recent call last):
      File "<decorator-gen-185>", line 2, in test_integer_identical
      File "migrate/tests/fixture/database.py", line 109, in dec
        six.reraise(*fail)
      File "migrate/tests/fixture/database.py", line 93, in dec
        raise RuntimeError('Exception during _setup(): %r' % e)
    RuntimeError: Exception during _setup(): ValueError('too many values to unpack',)
    
2017-07-03 16:24:47,460 INFO sqlalchemy.engine.base.Engine SELECT CAST('test plain returns' AS VARCHAR(60)) AS anon_1
2017-07-03 16:24:47,460 INFO sqlalchemy.engine.base.Engine {}
2017-07-03 16:24:47,461 INFO sqlalchemy.engine.base.Engine SELECT CAST('test unicode returns' AS VARCHAR(60)) AS anon_1
2017-07-03 16:24:47,461 INFO sqlalchemy.engine.base.Engine {}
2017-07-03 16:24:47,462 INFO sqlalchemy.engine.base.Engine SHOW TABLES
2017-07-03 16:24:47,462 INFO sqlalchemy.engine.base.Engine {}
2017-07-03 16:24:47,463 INFO sqlalchemy.engine.base.Engine SHOW COLUMNS FROM "tmp_ref"
2017-07-03 16:24:47,464 INFO sqlalchemy.engine.base.Engine {}
{0} migrate.tests.versioning.test_schemadiff.Test_getDiffOfModelAgainstModel.test_numeric_precision [0.016042s] ... FAILED

Captured traceback:
~~~~~~~~~~~~~~~~~~~
    Traceback (most recent call last):
      File "<decorator-gen-179>", line 2, in test_numeric_precision
      File "migrate/tests/fixture/database.py", line 109, in dec
        six.reraise(*fail)
      File "migrate/tests/fixture/database.py", line 93, in dec
        raise RuntimeError('Exception during _setup(): %r' % e)
    RuntimeError: Exception during _setup(): ValueError('too many values to unpack',)
    
2017-07-03 16:24:47,471 INFO sqlalchemy.engine.base.Engine SELECT CAST('test plain returns' AS VARCHAR(60)) AS anon_1
2017-07-03 16:24:47,471 INFO sqlalchemy.engine.base.Engine {}
2017-07-03 16:24:47,471 INFO sqlalchemy.engine.base.Engine SELECT CAST('test unicode returns' AS VARCHAR(60)) AS anon_1
2017-07-03 16:24:47,471 INFO sqlalchemy.engine.base.Engine {}
2017-07-03 16:24:47,472 INFO sqlalchemy.engine.base.Engine SHOW TABLES
2017-07-03 16:24:47,472 INFO sqlalchemy.engine.base.Engine {}
2017-07-03 16:24:47,474 INFO sqlalchemy.engine.base.Engine SHOW COLUMNS FROM "tmp_ref"
2017-07-03 16:24:47,474 INFO sqlalchemy.engine.base.Engine {}
{0} migrate.tests.versioning.test_schemadiff.Test_getDiffOfModelAgainstModel.test_numeric_scale [0.010227s] ... FAILED

Captured traceback:
~~~~~~~~~~~~~~~~~~~
    Traceback (most recent call last):
      File "<decorator-gen-181>", line 2, in test_numeric_scale
      File "migrate/tests/fixture/database.py", line 109, in dec
        six.reraise(*fail)
      File "migrate/tests/fixture/database.py", line 93, in dec
        raise RuntimeError('Exception during _setup(): %r' % e)
    RuntimeError: Exception during _setup(): ValueError('too many values to unpack',)
    
2017-07-03 16:24:47,481 INFO sqlalchemy.engine.base.Engine SELECT CAST('test plain returns' AS VARCHAR(60)) AS anon_1
2017-07-03 16:24:47,482 INFO sqlalchemy.engine.base.Engine {}
2017-07-03 16:24:47,482 INFO sqlalchemy.engine.base.Engine SELECT CAST('test unicode returns' AS VARCHAR(60)) AS anon_1
2017-07-03 16:24:47,482 INFO sqlalchemy.engine.base.Engine {}
2017-07-03 16:24:47,483 INFO sqlalchemy.engine.base.Engine SHOW TABLES
2017-07-03 16:24:47,483 INFO sqlalchemy.engine.base.Engine {}
2017-07-03 16:24:47,485 INFO sqlalchemy.engine.base.Engine SHOW COLUMNS FROM "tmp_ref"
2017-07-03 16:24:47,485 INFO sqlalchemy.engine.base.Engine {}
{0} migrate.tests.versioning.test_schemadiff.Test_getDiffOfModelAgainstModel.test_string_identical [0.010254s] ... FAILED

Captured traceback:
~~~~~~~~~~~~~~~~~~~
    Traceback (most recent call last):
      File "<decorator-gen-187>", line 2, in test_string_identical
      File "migrate/tests/fixture/database.py", line 109, in dec
        six.reraise(*fail)
      File "migrate/tests/fixture/database.py", line 93, in dec
        raise RuntimeError('Exception during _setup(): %r' % e)
    RuntimeError: Exception during _setup(): ValueError('too many values to unpack',)
    
2017-07-03 16:24:47,492 INFO sqlalchemy.engine.base.Engine SELECT CAST('test plain returns' AS VARCHAR(60)) AS anon_1
2017-07-03 16:24:47,492 INFO sqlalchemy.engine.base.Engine {}
2017-07-03 16:24:47,492 INFO sqlalchemy.engine.base.Engine SELECT CAST('test unicode returns' AS VARCHAR(60)) AS anon_1
2017-07-03 16:24:47,492 INFO sqlalchemy.engine.base.Engine {}
2017-07-03 16:24:47,493 INFO sqlalchemy.engine.base.Engine SHOW TABLES
2017-07-03 16:24:47,493 INFO sqlalchemy.engine.base.Engine {}
2017-07-03 16:24:47,495 INFO sqlalchemy.engine.base.Engine SHOW COLUMNS FROM "tmp_ref"
2017-07-03 16:24:47,495 INFO sqlalchemy.engine.base.Engine {}
{0} migrate.tests.versioning.test_schemadiff.Test_getDiffOfModelAgainstModel.test_string_length [0.010063s] ... FAILED

Captured traceback:
~~~~~~~~~~~~~~~~~~~
    Traceback (most recent call last):
      File "<decorator-gen-183>", line 2, in test_string_length
      File "migrate/tests/fixture/database.py", line 109, in dec
        six.reraise(*fail)
      File "migrate/tests/fixture/database.py", line 93, in dec
        raise RuntimeError('Exception during _setup(): %r' % e)
    RuntimeError: Exception during _setup(): ValueError('too many values to unpack',)
    
2017-07-03 16:24:47,502 INFO sqlalchemy.engine.base.Engine SELECT CAST('test plain returns' AS VARCHAR(60)) AS anon_1
2017-07-03 16:24:47,502 INFO sqlalchemy.engine.base.Engine {}
2017-07-03 16:24:47,503 INFO sqlalchemy.engine.base.Engine SELECT CAST('test unicode returns' AS VARCHAR(60)) AS anon_1
2017-07-03 16:24:47,503 INFO sqlalchemy.engine.base.Engine {}
2017-07-03 16:24:47,503 INFO sqlalchemy.engine.base.Engine SHOW TABLES
2017-07-03 16:24:47,503 INFO sqlalchemy.engine.base.Engine {}
2017-07-03 16:24:47,505 INFO sqlalchemy.engine.base.Engine SHOW COLUMNS FROM "tmp_ref"
2017-07-03 16:24:47,505 INFO sqlalchemy.engine.base.Engine {}
{0} migrate.tests.versioning.test_schemadiff.Test_getDiffOfModelAgainstModel.test_table_missing_in_db [0.010210s] ... FAILED

Captured traceback:
~~~~~~~~~~~~~~~~~~~
    Traceback (most recent call last):
      File "<decorator-gen-161>", line 2, in test_table_missing_in_db
      File "migrate/tests/fixture/database.py", line 109, in dec
        six.reraise(*fail)
      File "migrate/tests/fixture/database.py", line 93, in dec
        raise RuntimeError('Exception during _setup(): %r' % e)
    RuntimeError: Exception during _setup(): ValueError('too many values to unpack',)
    
2017-07-03 16:24:47,512 INFO sqlalchemy.engine.base.Engine SELECT CAST('test plain returns' AS VARCHAR(60)) AS anon_1
2017-07-03 16:24:47,513 INFO sqlalchemy.engine.base.Engine {}
2017-07-03 16:24:47,513 INFO sqlalchemy.engine.base.Engine SELECT CAST('test unicode returns' AS VARCHAR(60)) AS anon_1
2017-07-03 16:24:47,513 INFO sqlalchemy.engine.base.Engine {}
2017-07-03 16:24:47,514 INFO sqlalchemy.engine.base.Engine SHOW TABLES
2017-07-03 16:24:47,514 INFO sqlalchemy.engine.base.Engine {}
2017-07-03 16:24:47,516 INFO sqlalchemy.engine.base.Engine SHOW COLUMNS FROM "tmp_ref"
2017-07-03 16:24:47,516 INFO sqlalchemy.engine.base.Engine {}
{0} migrate.tests.versioning.test_schemadiff.Test_getDiffOfModelAgainstModel.test_table_missing_in_model [0.010930s] ... FAILED

Captured traceback:
~~~~~~~~~~~~~~~~~~~
    Traceback (most recent call last):
      File "<decorator-gen-163>", line 2, in test_table_missing_in_model
      File "migrate/tests/fixture/database.py", line 109, in dec
        six.reraise(*fail)
      File "migrate/tests/fixture/database.py", line 93, in dec
        raise RuntimeError('Exception during _setup(): %r' % e)
    RuntimeError: Exception during _setup(): ValueError('too many values to unpack',)
    
2017-07-03 16:24:47,524 INFO sqlalchemy.engine.base.Engine SELECT CAST('test plain returns' AS VARCHAR(60)) AS anon_1
2017-07-03 16:24:47,524 INFO sqlalchemy.engine.base.Engine {}
2017-07-03 16:24:47,524 INFO sqlalchemy.engine.base.Engine SELECT CAST('test unicode returns' AS VARCHAR(60)) AS anon_1
2017-07-03 16:24:47,524 INFO sqlalchemy.engine.base.Engine {}
2017-07-03 16:24:47,525 INFO sqlalchemy.engine.base.Engine SHOW TABLES
2017-07-03 16:24:47,525 INFO sqlalchemy.engine.base.Engine {}
2017-07-03 16:24:47,527 INFO sqlalchemy.engine.base.Engine SHOW COLUMNS FROM "tmp_ref"
2017-07-03 16:24:47,527 INFO sqlalchemy.engine.base.Engine {}
{0} migrate.tests.versioning.test_schemadiff.Test_getDiffOfModelAgainstModel.test_text_identical [0.010623s] ... FAILED

Captured traceback:
~~~~~~~~~~~~~~~~~~~
    Traceback (most recent call last):
      File "<decorator-gen-189>", line 2, in test_text_identical
      File "migrate/tests/fixture/database.py", line 109, in dec
        six.reraise(*fail)
      File "migrate/tests/fixture/database.py", line 93, in dec
        raise RuntimeError('Exception during _setup(): %r' % e)
    RuntimeError: Exception during _setup(): ValueError('too many values to unpack',)
    
{0} migrate.tests.versioning.test_script.TestBaseScript.test_all [0.000488s] ... ok
{0} migrate.tests.versioning.test_script.TestPyScript.test_create [0.000538s] ... ok
2017-07-03 16:24:47,536 INFO sqlalchemy.engine.base.Engine SELECT CAST('test plain returns' AS VARCHAR(60)) AS anon_1
2017-07-03 16:24:47,536 INFO sqlalchemy.engine.base.Engine {}
2017-07-03 16:24:47,537 INFO sqlalchemy.engine.base.Engine SELECT CAST('test unicode returns' AS VARCHAR(60)) AS anon_1
2017-07-03 16:24:47,537 INFO sqlalchemy.engine.base.Engine {}
2017-07-03 16:24:47,538 INFO sqlalchemy.engine.base.Engine SHOW TABLES
2017-07-03 16:24:47,538 INFO sqlalchemy.engine.base.Engine {}
2017-07-03 16:24:47,540 INFO sqlalchemy.engine.base.Engine SHOW COLUMNS FROM "tmp_ref"
2017-07-03 16:24:47,540 INFO sqlalchemy.engine.base.Engine {}
{0} migrate.tests.versioning.test_script.TestPyScript.test_make_update_script_direction [0.010800s] ... FAILED

Captured traceback:
~~~~~~~~~~~~~~~~~~~
    Traceback (most recent call last):
      File "<decorator-gen-135>", line 2, in test_make_update_script_direction
      File "migrate/tests/fixture/database.py", line 109, in dec
        six.reraise(*fail)
      File "migrate/tests/fixture/database.py", line 93, in dec
        raise RuntimeError('Exception during _setup(): %r' % e)
    RuntimeError: Exception during _setup(): ValueError('too many values to unpack',)
    
2017-07-03 16:24:47,547 INFO sqlalchemy.engine.base.Engine SELECT CAST('test plain returns' AS VARCHAR(60)) AS anon_1
2017-07-03 16:24:47,547 INFO sqlalchemy.engine.base.Engine {}
2017-07-03 16:24:47,548 INFO sqlalchemy.engine.base.Engine SELECT CAST('test unicode returns' AS VARCHAR(60)) AS anon_1
2017-07-03 16:24:47,548 INFO sqlalchemy.engine.base.Engine {}
2017-07-03 16:24:47,548 INFO sqlalchemy.engine.base.Engine SHOW TABLES
2017-07-03 16:24:47,548 INFO sqlalchemy.engine.base.Engine {}
2017-07-03 16:24:47,550 INFO sqlalchemy.engine.base.Engine SHOW COLUMNS FROM "tmp_ref"
2017-07-03 16:24:47,550 INFO sqlalchemy.engine.base.Engine {}
{0} migrate.tests.versioning.test_script.TestPyScript.test_make_update_script_for_equal_models [0.010245s] ... FAILED

Captured traceback:
~~~~~~~~~~~~~~~~~~~
    Traceback (most recent call last):
      File "<decorator-gen-133>", line 2, in test_make_update_script_for_equal_models
      File "migrate/tests/fixture/database.py", line 109, in dec
        six.reraise(*fail)
      File "migrate/tests/fixture/database.py", line 93, in dec
        raise RuntimeError('Exception during _setup(): %r' % e)
    RuntimeError: Exception during _setup(): ValueError('too many values to unpack',)
    
2017-07-03 16:24:47,558 INFO sqlalchemy.engine.base.Engine SELECT CAST('test plain returns' AS VARCHAR(60)) AS anon_1
2017-07-03 16:24:47,558 INFO sqlalchemy.engine.base.Engine {}
2017-07-03 16:24:47,559 INFO sqlalchemy.engine.base.Engine SELECT CAST('test unicode returns' AS VARCHAR(60)) AS anon_1
2017-07-03 16:24:47,559 INFO sqlalchemy.engine.base.Engine {}
2017-07-03 16:24:47,560 INFO sqlalchemy.engine.base.Engine SHOW TABLES
2017-07-03 16:24:47,560 INFO sqlalchemy.engine.base.Engine {}
2017-07-03 16:24:47,562 INFO sqlalchemy.engine.base.Engine SHOW COLUMNS FROM "tmp_ref"
2017-07-03 16:24:47,562 INFO sqlalchemy.engine.base.Engine {}
{0} migrate.tests.versioning.test_script.TestPyScript.test_make_update_script_for_model [0.012224s] ... FAILED

Captured traceback:
~~~~~~~~~~~~~~~~~~~
    Traceback (most recent call last):
      File "<decorator-gen-131>", line 2, in test_make_update_script_for_model
      File "migrate/tests/fixture/database.py", line 109, in dec
        six.reraise(*fail)
      File "migrate/tests/fixture/database.py", line 93, in dec
        raise RuntimeError('Exception during _setup(): %r' % e)
    RuntimeError: Exception during _setup(): ValueError('too many values to unpack',)
    
{0} migrate.tests.versioning.test_script.TestPyScript.test_preview_sql [0.000225s] ... ok
{0} migrate.tests.versioning.test_script.TestPyScript.test_run [0.000161s] ... ok
{0} migrate.tests.versioning.test_script.TestPyScript.test_verify_invalidpy [0.000980s] ... ok
{0} migrate.tests.versioning.test_script.TestPyScript.test_verify_nofuncs [0.001111s] ... ok
{0} migrate.tests.versioning.test_script.TestPyScript.test_verify_notfound [0.000641s] ... ok
{0} migrate.tests.versioning.test_script.TestPyScript.test_verify_success [0.000442s] ... ok
2017-07-03 16:24:47,575 INFO sqlalchemy.engine.base.Engine SELECT CAST('test plain returns' AS VARCHAR(60)) AS anon_1
2017-07-03 16:24:47,575 INFO sqlalchemy.engine.base.Engine {}
2017-07-03 16:24:47,575 INFO sqlalchemy.engine.base.Engine SELECT CAST('test unicode returns' AS VARCHAR(60)) AS anon_1
2017-07-03 16:24:47,575 INFO sqlalchemy.engine.base.Engine {}
2017-07-03 16:24:47,576 INFO sqlalchemy.engine.base.Engine SHOW TABLES
2017-07-03 16:24:47,576 INFO sqlalchemy.engine.base.Engine {}
2017-07-03 16:24:47,578 INFO sqlalchemy.engine.base.Engine SHOW COLUMNS FROM "tmp_ref"
2017-07-03 16:24:47,578 INFO sqlalchemy.engine.base.Engine {}
{0} migrate.tests.versioning.test_script.TestSqlScript.test_error [0.011268s] ... FAILED

Captured traceback:
~~~~~~~~~~~~~~~~~~~
    Traceback (most recent call last):
      File "<decorator-gen-137>", line 2, in test_error
      File "migrate/tests/fixture/database.py", line 109, in dec
        six.reraise(*fail)
      File "migrate/tests/fixture/database.py", line 93, in dec
        raise RuntimeError('Exception during _setup(): %r' % e)
    RuntimeError: Exception during _setup(): ValueError('too many values to unpack',)
    
2017-07-03 16:24:47,586 INFO sqlalchemy.engine.base.Engine SELECT CAST('test plain returns' AS VARCHAR(60)) AS anon_1
2017-07-03 16:24:47,586 INFO sqlalchemy.engine.base.Engine {}
2017-07-03 16:24:47,586 INFO sqlalchemy.engine.base.Engine SELECT CAST('test unicode returns' AS VARCHAR(60)) AS anon_1
2017-07-03 16:24:47,587 INFO sqlalchemy.engine.base.Engine {}
2017-07-03 16:24:47,587 INFO sqlalchemy.engine.base.Engine SHOW TABLES
2017-07-03 16:24:47,587 INFO sqlalchemy.engine.base.Engine {}
2017-07-03 16:24:47,589 INFO sqlalchemy.engine.base.Engine SHOW COLUMNS FROM "tmp_ref"
2017-07-03 16:24:47,589 INFO sqlalchemy.engine.base.Engine {}
{0} migrate.tests.versioning.test_script.TestSqlScript.test_success [0.010093s] ... FAILED

Captured traceback:
~~~~~~~~~~~~~~~~~~~
    Traceback (most recent call last):
      File "<decorator-gen-139>", line 2, in test_success
      File "migrate/tests/fixture/database.py", line 109, in dec
        six.reraise(*fail)
      File "migrate/tests/fixture/database.py", line 93, in dec
        raise RuntimeError('Exception during _setup(): %r' % e)
    RuntimeError: Exception during _setup(): ValueError('too many values to unpack',)
    
2017-07-03 16:24:47,596 INFO sqlalchemy.engine.base.Engine SELECT CAST('test plain returns' AS VARCHAR(60)) AS anon_1
2017-07-03 16:24:47,596 INFO sqlalchemy.engine.base.Engine {}
2017-07-03 16:24:47,597 INFO sqlalchemy.engine.base.Engine SELECT CAST('test unicode returns' AS VARCHAR(60)) AS anon_1
2017-07-03 16:24:47,597 INFO sqlalchemy.engine.base.Engine {}
2017-07-03 16:24:47,598 INFO sqlalchemy.engine.base.Engine SHOW TABLES
2017-07-03 16:24:47,598 INFO sqlalchemy.engine.base.Engine {}
2017-07-03 16:24:47,601 INFO sqlalchemy.engine.base.Engine SHOW COLUMNS FROM "tmp_ref"
2017-07-03 16:24:47,601 INFO sqlalchemy.engine.base.Engine {}
{0} migrate.tests.versioning.test_script.TestSqlScript.test_transaction_management_statements [0.012381s] ... FAILED

Captured traceback:
~~~~~~~~~~~~~~~~~~~
    Traceback (most recent call last):
      File "<decorator-gen-141>", line 2, in test_transaction_management_statements
      File "migrate/tests/fixture/database.py", line 109, in dec
        six.reraise(*fail)
      File "migrate/tests/fixture/database.py", line 93, in dec
        raise RuntimeError('Exception during _setup(): %r' % e)
    RuntimeError: Exception during _setup(): ValueError('too many values to unpack',)
    
{0} migrate.tests.versioning.test_shell.TestShellCommands.test_create [0.779259s] ... ok
{0} migrate.tests.versioning.test_shell.TestShellCommands.test_help [1.187146s] ... ok
{0} migrate.tests.versioning.test_shell.TestShellCommands.test_help_commands [6.628901s] ... ok
Usage: run.py COMMAND ...

    Available commands:
        compare_model_to_db          - compare MetaData against the current database state
	create                       - create an empty repository at the specified path
	create_model                 - dump the current database as a Python model to stdout
	db_version                   - show the current version of the repository under version control
	downgrade                    - downgrade a database to an earlier version
	drop_version_control         - removes version control from a database
	help                         - displays help on a given command
	make_update_script_for_model - create a script changing the old MetaData to the new (current) MetaData
	manage                       - creates a Python script that runs Migrate with a set of default values
	script                       - create an empty change Python script
	script_sql                   - create empty change SQL scripts for given database
	source                       - display the Python code for a particular version in this repository
	test                         - performs the upgrade and downgrade command on the given database
	update_db_from_model         - modify the database to match the structure of the current MetaData
	upgrade                      - upgrade a database to a later version
	version                      - display the latest version available in a repository
	version_control              - mark a database as under this repository's version control

    Enter "run.py help COMMAND" for information on a particular command.
    

Options:
  -h, --help            show this help message and exit
  -d, --debug           Shortcut to turn on DEBUG mode for logging
  -q, --disable_logging
                        Use this option to disable logging configuration
Usage: run.py create REPOSITORY_PATH NAME [--table=TABLE]

Create an empty repository at the specified path.

You can specify the version_table to be used; by default, it is
'migrate_version'.  This table is created in all version-controlled
databases.

Options:
  -h, --help            show this help message and exit
  -d, --debug           Shortcut to turn on DEBUG mode for logging
  -q, --disable_logging
                        Use this option to disable logging configuration
  --repository=REPOSITORY
  --name=NAME           
0
0
Loading repository /tmp/tmpC1qR_d/Qdw7F2...
Loading repository /tmp/tmpC1qR_d/Qdw7F2...
Loading repository /tmp/tmpC1qR_d/Qdw7F2...
Repository /tmp/tmpC1qR_d/Qdw7F2 loaded successfully
Repository /tmp/tmpC1qR_d/Qdw7F2 loaded successfully
Repository /tmp/tmpC1qR_d/Qdw7F2 loaded successfully
Config: OrderedDict([('db_settings', OrderedDict([('__name__', 'db_settings'), ('repository_id', 'repo_name'), ('version_table', 'migrate_version'), ('required_dbs', '[]'), ('use_timestamp_numbering', 'False')]))])
Config: OrderedDict([('db_settings', OrderedDict([('__name__', 'db_settings'), ('repository_id', 'repo_name'), ('version_table', 'migrate_version'), ('required_dbs', '[]'), ('use_timestamp_numbering', 'False')]))])
Config: OrderedDict([('db_settings', OrderedDict([('__name__', 'db_settings'), ('repository_id', 'repo_name'), ('version_table', 'migrate_version'), ('required_dbs', '[]'), ('use_timestamp_numbering', 'False')]))])
0
0
0
{0} migrate.tests.versioning.test_shell.TestShellCommands.test_main [0.008110s] ... ok
Usage: X COMMAND ...

    Available commands:
        compare_model_to_db          - compare MetaData against the current database state
	create                       - create an empty repository at the specified path
	create_model                 - dump the current database as a Python model to stdout
	db_version                   - show the current version of the repository under version control
	downgrade                    - downgrade a database to an earlier version
	drop_version_control         - removes version control from a database
	help                         - displays help on a given command
	make_update_script_for_model - create a script changing the old MetaData to the new (current) MetaData
	manage                       - creates a Python script that runs Migrate with a set of default values
	script                       - create an empty change Python script
	script_sql                   - create empty change SQL scripts for given database
	source                       - display the Python code for a particular version in this repository
	test                         - performs the upgrade and downgrade command on the given database
	update_db_from_model         - modify the database to match the structure of the current MetaData
	upgrade                      - upgrade a database to a later version
	version                      - display the latest version available in a repository
	version_control              - mark a database as under this repository's version control

    Enter "X help COMMAND" for information on a particular command.
    

Options:
  -h, --help            show this help message and exit
  -d, --debug           Shortcut to turn on DEBUG mode for logging
  -q, --disable_logging
                        Use this option to disable logging configuration
{0} migrate.tests.versioning.test_shell.TestShellCommands.test_main_with_runpy [0.002275s] ... ok
{0} migrate.tests.versioning.test_shell.TestShellCommands.test_manage [0.385599s] ... ok
{0} migrate.tests.versioning.test_shell.TestShellCommands.test_script [1.555362s] ... ok
{0} migrate.tests.versioning.test_shell.TestShellCommands.test_script_sql [1.168959s] ... ok
0
0
0
0
0
0
{0} migrate.tests.versioning.test_shell.TestShellCommands.test_shutdown_logging [1.167305s] ... ok
2017-07-03 16:2Failed for cockroachdb://root@127.0.0.1:5432/keystone
Failed for cockroachdb://root@127.0.0.1:5432/keystone
Failed for cockroachdb://root@127.0.0.1:5432/keystone
Failed for cockroachdb://root@127.0.0.1:5432/keystone
5:00,496 Failed for cockroachdb://root@127.0.0.1:5432/keystone
Failed for cockroachdb://root@127.0.0.1:5432/keystone
Failed for cockroachdb://root@127.0.0.1:5432/keystone
Failed for cockroachdb://root@127.0.0.1:5432/keystone
INFO sFailed for cockroachdb://root@127.0.0.1:5432/keystone
Failed for cockroachdb://root@127.0.0.1:5432/keystone
Failed for cockroachdb://root@127.0.0.1:5432/keystone
Failed for cockroachdb://root@127.0.0.1:5432/keystone
qlalchemy.engine.base.EngiFailed for cockroachdb://root@127.0.0.1:5432/keystone
Failed for cockroachdb://root@127.0.0.1:5432/keystone
Failed for cockroachdb://root@127.0.0.1:5432/keystone
Failed for cockroachdb://root@127.0.0.1:5432/keystone
ne SELECT CAST('test plain returFailed for cockroachdb://root@127.0.0.1:5432/keystone
Failed for cockroachdb://root@127.0.0.1:5432/keystone
Failed for cockroachdb://root@127.0.0.1:5432/keystone
Failed for cockroachdb://root@127.0.0.1:5432/keystone
ns' AS VARCHAR(60)) AS anon_1
Failed for cockroachdb://root@127.0.0.1:5432/keystone
Failed for cockroachdb://root@127.0.0.1:5432/keystone
Failed for cockroachdb://root@127.0.0.1:5432/keystone
Failed for cockroachdb://root@127.0.0.1:5432/keystone
SELECT CAST('test plain returns' AS VARCHAR(60)) AS anon_1
SELECT CAST('test plain returns' AS VARCHAR(60)) AS anon_1
SELECT CAST('test plain returns' AS VARCHAR(60)) AS anon_1
SELECT CAST('test plain returns' AS VARCHAR(60)) AS anon_1
SELECT CAST('test plain returns' AS VARCHAR(60)) AS anon_1
SELECT CAST('test plain returns' AS VARCHAR(60)) AS anon_1
2017-07-03 16:25:00,497 INFO sqlalchemy.engine.base.Engine {}
{}
{}
{}
{}
{}
{}
2017-07-03 16:25:00,498 INFO sqlalchemy.engine.base.Engine SELECT CAST('test unicode returns' AS VARCHAR(60)) AS anon_1
SELECT CAST('test unicode returns' AS VARCHAR(60)) AS anon_1
SELECT CAST('test unicode returns' AS VARCHAR(60)) AS anon_1
SELECT CAST('test unicode returns' AS VARCHAR(60)) AS anon_1
SELECT CAST('test unicode returns' AS VARCHAR(60)) AS anon_1
SELECT CAST('test unicode returns' AS VARCHAR(60)) AS anon_1
SELECT CAST('test unicode returns' AS VARCHAR(60)) AS anon_1
2017-07-03 16:25:00,499 INFO sqlalchemy.engine.base.Engine {}
{}
{}
{}
{}
{}
{}
2017-07-03 16:25:00,500 INFO sqlalchemy.engine.base.Engine SHOW TABLES
SHOW TABLES
SHOW TABLES
SHOW TABLES
SHOW TABLES
SHOW TABLES
SHOW TABLES
2017-07-03 16:25:00,501 INFO sqlalchemy.engine.base.Engine {}
{}
{}
{}
{}
{}
{}
2017-07-03 16:25:00,503 INFO sqlalchemy.engine.base.Engine SHOW COLUMNS FROM "tmp_ref"
SHOW COLUMNS FROM "tmp_ref"
SHOW COLUMNS FROM "tmp_ref"
SHOW COLUMNS FROM "tmp_ref"
SHOW COLUMNS FROM "tmp_ref"
SHOW COLUMNS FROM "tmp_ref"
SHOW COLUMNS FROM "tmp_ref"
2017-07-03 16:25:00,504 INFO sqlalchemy.engine.base.Engine {}
{}
{}
{}
{}
{}
{}
{0} migrate.tests.versioning.test_shell.TestShellDatabase.test_command_test [0.017027s] ... FAILED

Captured traceback:
~~~~~~~~~~~~~~~~~~~
    Traceback (most recent call last):
      File "<decorator-gen-155>", line 2, in test_command_test
      File "migrate/tests/fixture/database.py", line 109, in dec
        six.reraise(*fail)
      File "migrate/tests/fixture/database.py", line 93, in dec
        raise RuntimeError('Exception during _setup(): %r' % e)
    RuntimeError: Exception during _setup(): ValueError('too many values to unpack',)
    
2017-07-03 16:25:00,512 INFO sqlalchemy.engine.base.Engine SELECT CAST('test plain returns' AS VARCHAR(60)) AS anon_1
SELECT CAST('test plain returns' AS VARCHAR(60)) AS anon_1
SELECT CAST('test plain returns' AS VARCHAR(60)) AS anon_1
SELECT CAST('test plain returns' AS VARCHAR(60)) AS anon_1
SELECT CAST('test plain returns' AS VARCHAR(60)) AS anon_1
SELECT CAST('test plain returns' AS VARCHAR(60)) AS anon_1
SELECT CAST('test plain returns' AS VARCHAR(60)) AS anon_1
2017-07-03 16:25:00,512 INFO sqlalchemy.engine.base.Engine {}
{}
{}
{}
{}
{}
{}
2017-07-03 16:25:00,512 INFO sqlalchemy.engine.base.Engine SELECT CAST('test unicode returns' AS VARCHAR(60)) AS anon_1
SELECT CAST('test unicode returns' AS VARCHAR(60)) AS anon_1
SELECT CAST('test unicode returns' AS VARCHAR(60)) AS anon_1
SELECT CAST('test unicode returns' AS VARCHAR(60)) AS anon_1
SELECT CAST('test unicode returns' AS VARCHAR(60)) AS anon_1
SELECT CAST('test unicode returns' AS VARCHAR(60)) AS anon_1
SELECT CAST('test unicode returns' AS VARCHAR(60)) AS anon_1
2017-07-03 16:25:00,513 INFO sqlalchemy.engine.base.Engine {}
{}
{}
{}
{}
{}
{}
2017-07-03 16:25:00,513 INFO sqlalchemy.engine.base.Engine SHOW TABLES
SHOW TABLES
SHOW TABLES
SHOW TABLES
SHOW TABLES
SHOW TABLES
SHOW TABLES
2017-07-03 16:25:00,514 INFO sqlalchemy.engine.base.Engine {}
{}
{}
{}
{}
{}
{}
2017-07-03 16:25:00,516 INFO sqlalchemy.engine.base.Engine SHOW COLUMNS FROM "tmp_ref"
SHOW COLUMNS FROM "tmp_ref"
SHOW COLUMNS FROM "tmp_ref"
SHOW COLUMNS FROM "tmp_ref"
SHOW COLUMNS FROM "tmp_ref"
SHOW COLUMNS FROM "tmp_ref"
SHOW COLUMNS FROM "tmp_ref"
2017-07-03 16:25:00,516 INFO sqlalchemy.engine.base.Engine {}
{}
{}
{}
{}
{}
{}
{0} migrate.tests.versioning.test_shell.TestShellDatabase.test_rundiffs_in_shell [0.011183s] ... FAILED

Captured traceback:
~~~~~~~~~~~~~~~~~~~
    Traceback (most recent call last):
      File "<decorator-gen-157>", line 2, in test_rundiffs_in_shell
      File "migrate/tests/fixture/database.py", line 109, in dec
        six.reraise(*fail)
      File "migrate/tests/fixture/database.py", line 93, in dec
        raise RuntimeError('Exception during _setup(): %r' % e)
    RuntimeError: Exception during _setup(): ValueError('too many values to unpack',)
    
{0} migrate.tests.versioning.test_shell.TestShellDatabase.test_sqlfile [0.000357s] ... ok
{0} migrate.tests.versioning.test_shell.TestShellDatabase.test_sqlfile_comment [0.000297s] ... ok
2017-07-03 16:25:00,524 INFO sqlalchemy.engine.base.Engine SELECT CAST('test plain returns' AS VARCHAR(60)) AS anon_1
SELECT CAST('test plain returns' AS VARCHAR(60)) AS anon_1
SELECT CAST('test plain returns' AS VARCHAR(60)) AS anon_1
SELECT CAST('test plain returns' AS VARCHAR(60)) AS anon_1
SELECT CAST('test plain returns' AS VARCHAR(60)) AS anon_1
SELECT CAST('test plain returns' AS VARCHAR(60)) AS anon_1
SELECT CAST('test plain returns' AS VARCHAR(60)) AS anon_1
2017-07-03 16:25:00,524 INFO sqlalchemy.engine.base.Engine {}
{}
{}
{}
{}
{}
{}
2017-07-03 16:25:00,525 INFO sqlalchemy.engine.base.Engine SELECT CAST('test unicode returns' AS VARCHAR(60)) AS anon_1
SELECT CAST('test unicode returns' AS VARCHAR(60)) AS anon_1
SELECT CAST('test unicode returns' AS VARCHAR(60)) AS anon_1
SELECT CAST('test unicode returns' AS VARCHAR(60)) AS anon_1
SELECT CAST('test unicode returns' AS VARCHAR(60)) AS anon_1
SELECT CAST('test unicode returns' AS VARCHAR(60)) AS anon_1
SELECT CAST('test unicode returns' AS VARCHAR(60)) AS anon_1
2017-07-03 16:25:00,525 INFO sqlalchemy.engine.base.Engine {}
{}
{}
{}
{}
{}
{}
2017-07-03 16:25:00,526 INFO sqlalchemy.engine.base.Engine SHOW TABLES
SHOW TABLES
SHOW TABLES
SHOW TABLES
SHOW TABLES
SHOW TABLES
SHOW TABLES
2017-07-03 16:25:00,526 INFO sqlalchemy.engine.base.Engine {}
{}
{}
{}
{}
{}
{}
2017-07-03 16:25:00,528 INFO sqlalchemy.engine.base.Engine SHOW COLUMNS FROM "tmp_ref"
SHOW COLUMNS FROM "tmp_ref"
SHOW COLUMNS FROM "tmp_ref"
SHOW COLUMNS FROM "tmp_ref"
SHOW COLUMNS FROM "tmp_ref"
SHOW COLUMNS FROM "tmp_ref"
SHOW COLUMNS FROM "tmp_ref"
2017-07-03 16:25:00,528 INFO sqlalchemy.engine.base.Engine {}
{}
{}
{}
{}
{}
{}
{0} migrate.tests.versioning.test_shell.TestShellDatabase.test_upgrade [0.011425s] ... FAILED

Captured traceback:
~~~~~~~~~~~~~~~~~~~
    Traceback (most recent call last):
      File "<decorator-gen-149>", line 2, in test_upgrade
      File "migrate/tests/fixture/database.py", line 109, in dec
        six.reraise(*fail)
      File "migrate/tests/fixture/database.py", line 93, in dec
        raise RuntimeError('Exception during _setup(): %r' % e)
    RuntimeError: Exception during _setup(): ValueError('too many values to unpack',)
    
2017-07-03 16:25:00,536 INFO sqlalchemy.engine.base.Engine SELECT CAST('test plain returns' AS VARCHAR(60)) AS anon_1
SELECT CAST('test plain returns' AS VARCHAR(60)) AS anon_1
SELECT CAST('test plain returns' AS VARCHAR(60)) AS anon_1
SELECT CAST('test plain returns' AS VARCHAR(60)) AS anon_1
SELECT CAST('test plain returns' AS VARCHAR(60)) AS anon_1
SELECT CAST('test plain returns' AS VARCHAR(60)) AS anon_1
SELECT CAST('test plain returns' AS VARCHAR(60)) AS anon_1
2017-07-03 16:25:00,536 INFO sqlalchemy.engine.base.Engine {}
{}
{}
{}
{}
{}
{}
2017-07-03 16:25:00,537 INFO sqlalchemy.engine.base.Engine SELECT CAST('test unicode returns' AS VARCHAR(60)) AS anon_1
SELECT CAST('test unicode returns' AS VARCHAR(60)) AS anon_1
SELECT CAST('test unicode returns' AS VARCHAR(60)) AS anon_1
SELECT CAST('test unicode returns' AS VARCHAR(60)) AS anon_1
SELECT CAST('test unicode returns' AS VARCHAR(60)) AS anon_1
SELECT CAST('test unicode returns' AS VARCHAR(60)) AS anon_1
SELECT CAST('test unicode returns' AS VARCHAR(60)) AS anon_1
2017-07-03 16:25:00,537 INFO sqlalchemy.engine.base.Engine {}
{}
{}
{}
{}
{}
{}
2017-07-03 16:25:00,538 INFO sqlalchemy.engine.base.Engine SHOW TABLES
SHOW TABLES
SHOW TABLES
SHOW TABLES
SHOW TABLES
SHOW TABLES
SHOW TABLES
2017-07-03 16:25:00,538 INFO sqlalchemy.engine.base.Engine {}
{}
{}
{}
{}
{}
{}
2017-07-03 16:25:00,540 INFO sqlalchemy.engine.base.Engine SHOW COLUMNS FROM "tmp_ref"
SHOW COLUMNS FROM "tmp_ref"
SHOW COLUMNS FROM "tmp_ref"
SHOW COLUMNS FROM "tmp_ref"
SHOW COLUMNS FROM "tmp_ref"
SHOW COLUMNS FROM "tmp_ref"
SHOW COLUMNS FROM "tmp_ref"
2017-07-03 16:25:00,540 INFO sqlalchemy.engine.base.Engine {}
{}
{}
{}
{}
{}
{}
{0} migrate.tests.versioning.test_shell.TestShellDatabase.test_version_control [0.011184s] ... FAILED

Captured traceback:
~~~~~~~~~~~~~~~~~~~
    Traceback (most recent call last):
      File "<decorator-gen-143>", line 2, in test_version_control
      File "migrate/tests/fixture/database.py", line 109, in dec
        six.reraise(*fail)
      File "migrate/tests/fixture/database.py", line 93, in dec
        raise RuntimeError('Exception during _setup(): %r' % e)
    RuntimeError: Exception during _setup(): ValueError('too many values to unpack',)
    
2017-07-03 16:25:00,547 INFO sqlalchemy.engine.base.Engine SELECT CAST('test plain returns' AS VARCHAR(60)) AS anon_1
SELECT CAST('test plain returns' AS VARCHAR(60)) AS anon_1
SELECT CAST('test plain returns' AS VARCHAR(60)) AS anon_1
SELECT CAST('test plain returns' AS VARCHAR(60)) AS anon_1
SELECT CAST('test plain returns' AS VARCHAR(60)) AS anon_1
SELECT CAST('test plain returns' AS VARCHAR(60)) AS anon_1
SELECT CAST('test plain returns' AS VARCHAR(60)) AS anon_1
2017-07-03 16:25:00,547 INFO sqlalchemy.engine.base.Engine {}
{}
{}
{}
{}
{}
{}
2017-07-03 16:25:00,548 INFO sqlalchemy.engine.base.Engine SELECT CAST('test unicode returns' AS VARCHAR(60)) AS anon_1
SELECT CAST('test unicode returns' AS VARCHAR(60)) AS anon_1
SELECT CAST('test unicode returns' AS VARCHAR(60)) AS anon_1
SELECT CAST('test unicode returns' AS VARCHAR(60)) AS anon_1
SELECT CAST('test unicode returns' AS VARCHAR(60)) AS anon_1
SELECT CAST('test unicode returns' AS VARCHAR(60)) AS anon_1
SELECT CAST('test unicode returns' AS VARCHAR(60)) AS anon_1
2017-07-03 16:25:00,548 INFO sqlalchemy.engine.base.Engine {}
{}
{}
{}
{}
{}
{}
2017-07-03 16:25:00,549 INFO sqlalchemy.engine.base.Engine SHOW TABLES
SHOW TABLES
SHOW TABLES
SHOW TABLES
SHOW TABLES
SHOW TABLES
SHOW TABLES
2017-07-03 16:25:00,549 INFO sqlalchemy.engine.base.Engine {}
{}
{}
{}
{}
{}
{}
2017-07-03 16:25:00,551 INFO sqlalchemy.engine.base.Engine SHOW COLUMNS FROM "tmp_ref"
SHOW COLUMNS FROM "tmp_ref"
SHOW COLUMNS FROM "tmp_ref"
SHOW COLUMNS FROM "tmp_ref"
SHOW COLUMNS FROM "tmp_ref"
SHOW COLUMNS FROM "tmp_ref"
SHOW COLUMNS FROM "tmp_ref"
2017-07-03 16:25:00,551 INFO sqlalchemy.engine.base.Engine {}
{}
{}
{}
{}
{}
{}
{0} migrate.tests.versioning.test_shell.TestShellDatabase.test_version_control_specified [0.010721s] ... FAILED

Captured traceback:
~~~~~~~~~~~~~~~~~~~
    Traceback (most recent call last):
      File "<decorator-gen-147>", line 2, in test_version_control_specified
      File "migrate/tests/fixture/database.py", line 109, in dec
        six.reraise(*fail)
      File "migrate/tests/fixture/database.py", line 93, in dec
        raise RuntimeError('Exception during _setup(): %r' % e)
    RuntimeError: Exception during _setup(): ValueError('too many values to unpack',)
    
2017-07-03 16:25:00,558 INFO sqlalchemy.engine.base.Engine SELECT CAST('test plain returns' AS VARCHAR(60)) AS anon_1
SELECT CAST('test plain returns' AS VARCHAR(60)) AS anon_1
SELECT CAST('test plain returns' AS VARCHAR(60)) AS anon_1
SELECT CAST('test plain returns' AS VARCHAR(60)) AS anon_1
SELECT CAST('test plain returns' AS VARCHAR(60)) AS anon_1
SELECT CAST('test plain returns' AS VARCHAR(60)) AS anon_1
SELECT CAST('test plain returns' AS VARCHAR(60)) AS anon_1
2017-07-03 16:25:00,558 INFO sqlalchemy.engine.base.Engine {}
{}
{}
{}
{}
{}
{}
2017-07-03 16:25:00,559 INFO sqlalchemy.engine.base.Engine SELECT CAST('test unicode returns' AS VARCHAR(60)) AS anon_1
SELECT CAST('test unicode returns' AS VARCHAR(60)) AS anon_1
SELECT CAST('test unicode returns' AS VARCHAR(60)) AS anon_1
SELECT CAST('test unicode returns' AS VARCHAR(60)) AS anon_1
SELECT CAST('test unicode returns' AS VARCHAR(60)) AS anon_1
SELECT CAST('test unicode returns' AS VARCHAR(60)) AS anon_1
SELECT CAST('test unicode returns' AS VARCHAR(60)) AS anon_1
2017-07-03 16:25:00,559 INFO sqlalchemy.engine.base.Engine {}
{}
{}
{}
{}
{}
{}
2017-07-03 16:25:00,560 INFO sqlalchemy.engine.base.Engine SHOW TABLES
SHOW TABLES
SHOW TABLES
SHOW TABLES
SHOW TABLES
SHOW TABLES
SHOW TABLES
2017-07-03 16:25:00,560 INFO sqlalchemy.engine.base.Engine {}
{}
{}
{}
{}
{}
{}
2017-07-03 16:25:00,562 INFO sqlalchemy.engine.base.Engine SHOW COLUMNS FROM "tmp_ref"
SHOW COLUMNS FROM "tmp_ref"
SHOW COLUMNS FROM "tmp_ref"
SHOW COLUMNS FROM "tmp_ref"
SHOW COLUMNS FROM "tmp_ref"
SHOW COLUMNS FROM "tmp_ref"
SHOW COLUMNS FROM "tmp_ref"
2017-07-03 16:25:00,562 INFO sqlalchemy.engine.base.Engine {}
{}
{}
{}
{}
{}
{}
{0} migrate.tests.versioning.test_shell.TestShellDatabase.test_wrapped_kwargs [0.010997s] ... FAILED

Captured traceback:
~~~~~~~~~~~~~~~~~~~
    Traceback (most recent call last):
      File "<decorator-gen-145>", line 2, in test_wrapped_kwargs
      File "migrate/tests/fixture/database.py", line 109, in dec
        six.reraise(*fail)
      File "migrate/tests/fixture/database.py", line 93, in dec
        raise RuntimeError('Exception during _setup(): %r' % e)
    RuntimeError: Exception during _setup(): ValueError('too many values to unpack',)
    
{0} migrate.tests.versioning.test_shell.TestShellRepository.test_source [1.934117s] ... ok
{0} migrate.tests.versioning.test_shell.TestShellRepository.test_version [1.937888s] ... ok
{0} migrate.tests.versioning.test_template.TestTemplate.test_custom_templates_and_themes [0.007731s] ... ok
{0} migrate.tests.versioning.test_template.TestTemplate.test_repository [0.000477s] ... ok
{0} migrate.tests.versioning.test_template.TestTemplate.test_script [0.000340s] ... ok
{0} migrate.tests.versioning.test_template.TestTemplate.test_templates [0.000338s] ... ok
{0} migrate.tests.versioning.test_util.TestUtil.test_asbool [0.000569s] ... ok
{0} migrate.tests.versioning.test_util.TestUtil.test_construct_engine [0.003281s] ... ok
{0} migrate.tests.versioning.test_util.TestUtil.test_guess_obj_type [0.000363s] ... ok
{0} migrate.tests.versioning.test_util.TestUtil.test_load_model [0.001965s] ... ok
0 -> 1... 
0 -> 1... 
0 -> 1... 
0 -> 1... 
0 -> 1... 
0 -> 1... 
done
done
done
done
done
done
{0} migrate.tests.versioning.test_util.TestUtil.test_passing_engine [0.018337s] ... ok
{0} migrate.tests.versioning.test_version.TestVerNum.test_add [0.000275s] ... ok
{0} migrate.tests.versioning.test_version.TestVerNum.test_eq [0.000367s] ... ok
{0} migrate.tests.versioning.test_version.TestVerNum.test_ge [0.000234s] ... ok
{0} migrate.tests.versioning.test_version.TestVerNum.test_gt [0.000475s] ... ok
{0} migrate.tests.versioning.test_version.TestVerNum.test_int_cast [0.000217s] ... ok
{0} migrate.tests.versioning.test_version.TestVerNum.test_invalid [0.000638s] ... ok
{0} migrate.tests.versioning.test_version.TestVerNum.test_is [0.000095s] ... ok
{0} migrate.tests.versioning.test_version.TestVerNum.test_le [0.000217s] ... ok
{0} migrate.tests.versioning.test_version.TestVerNum.test_lt [0.000139s] ... ok
{0} migrate.tests.versioning.test_version.TestVerNum.test_ne [0.000111s] ... ok
{0} migrate.tests.versioning.test_version.TestVerNum.test_str [0.000189s] ... ok
{0} migrate.tests.versioning.test_version.TestVerNum.test_sub [0.000355s] ... ok
{0} migrate.tests.versioning.test_version.TestVersion.test_bad_version [0.000889s] ... ok
{0} migrate.tests.versioning.test_version.TestVersion.test_collection [0.002546s] ... ok
{0} migrate.tests.versioning.test_version.TestVersion.test_create_new_python_version [0.000532s] ... ok
{0} migrate.tests.versioning.test_version.TestVersion.test_create_new_sql_version [0.000677s] ... ok
{0} migrate.tests.versioning.test_version.TestVersion.test_old_repository [0.000304s] ... ok
{0} migrate.tests.versioning.test_version.TestVersion.test_selection [0.000542s] ... ok
{0} migrate.tests.versioning.test_version.TestVersion.test_str_to_filename [0.000226s] ... ok

==============================
Failed 97 tests - output below:
==============================

migrate.tests.changeset.test_changeset.TestAddDropColumn.test_byname
--------------------------------------------------------------------

Captured traceback:
~~~~~~~~~~~~~~~~~~~
    Traceback (most recent call last):
      File "<decorator-gen-16>", line 2, in test_byname
      File "migrate/tests/fixture/database.py", line 109, in dec
        six.reraise(*fail)
      File "migrate/tests/fixture/database.py", line 96, in dec
        f(self, *a, **kw)
      File "migrate/tests/changeset/test_changeset.py", line 160, in test_byname
        return self.run_(add_func, drop_func)
      File "migrate/tests/changeset/test_changeset.py", line 70, in run_
        assert_numcols(1)
      File "migrate/tests/changeset/test_changeset.py", line 60, in assert_numcols
        self.refresh_table(self.table_name)
      File "migrate/tests/fixture/database.py", line 189, in refresh_table
        self.table = Table(name, self.meta, autoload=True)
      File "/opt/stack/sqlalchemy-migrate/.tox/py27/local/lib/python2.7/site-packages/sqlalchemy/sql/schema.py", line 439, in __new__
        metadata._remove_table(name, schema)
      File "/opt/stack/sqlalchemy-migrate/.tox/py27/local/lib/python2.7/site-packages/sqlalchemy/util/langhelpers.py", line 66, in __exit__
        compat.reraise(exc_type, exc_value, exc_tb)
      File "/opt/stack/sqlalchemy-migrate/.tox/py27/local/lib/python2.7/site-packages/sqlalchemy/sql/schema.py", line 434, in __new__
        table._init(name, metadata, *args, **kw)
      File "/opt/stack/sqlalchemy-migrate/.tox/py27/local/lib/python2.7/site-packages/sqlalchemy/sql/schema.py", line 514, in _init
        include_columns, _extend_on=_extend_on)
      File "/opt/stack/sqlalchemy-migrate/.tox/py27/local/lib/python2.7/site-packages/sqlalchemy/sql/schema.py", line 540, in _autoload
        _extend_on=_extend_on
      File "/opt/stack/sqlalchemy-migrate/.tox/py27/local/lib/python2.7/site-packages/sqlalchemy/engine/base.py", line 2045, in run_callable
        return conn.run_callable(callable_, *args, **kwargs)
      File "/opt/stack/sqlalchemy-migrate/.tox/py27/local/lib/python2.7/site-packages/sqlalchemy/engine/base.py", line 1534, in run_callable
        return callable_(self, *args, **kwargs)
      File "/opt/stack/sqlalchemy-migrate/.tox/py27/local/lib/python2.7/site-packages/sqlalchemy/engine/default.py", line 372, in reflecttable
        table, include_columns, exclude_columns, **opts)
      File "/opt/stack/sqlalchemy-migrate/.tox/py27/local/lib/python2.7/site-packages/sqlalchemy/engine/reflection.py", line 598, in reflecttable
        table_name, schema, **table.dialect_kwargs):
      File "/opt/stack/sqlalchemy-migrate/.tox/py27/local/lib/python2.7/site-packages/sqlalchemy/engine/reflection.py", line 369, in get_columns
        **kw)
      File "/opt/stack/sqlalchemy-migrate/.tox/py27/local/lib/python2.7/site-packages/cockroachdb/sqlalchemy/dialect.py", line 96, in get_columns
        name, type_name, nullable, default = row
    ValueError: too many values to unpack
    

migrate.tests.changeset.test_changeset.TestAddDropColumn.test_check
-------------------------------------------------------------------

Captured traceback:
~~~~~~~~~~~~~~~~~~~
    Traceback (most recent call last):
      File "<decorator-gen-24>", line 2, in test_check
      File "migrate/tests/fixture/database.py", line 109, in dec
        six.reraise(*fail)
      File "migrate/tests/fixture/database.py", line 96, in dec
        f(self, *a, **kw)
      File "migrate/tests/changeset/test_changeset.py", line 241, in test_check
        col.create(self.table)
      File "migrate/changeset/schema.py", line 576, in create
        visitorcallable = get_engine_visitor(engine, 'columngenerator')
      File "migrate/changeset/databases/visitor.py", line 47, in get_engine_visitor
        return get_dialect_visitor(engine.dialect, name)
      File "migrate/changeset/databases/visitor.py", line 62, in get_dialect_visitor
        migrate_dialect_cls = DIALECTS[sa_dialect_name]
    KeyError: 'cockroachdb'
    

migrate.tests.changeset.test_changeset.TestAddDropColumn.test_defined
---------------------------------------------------------------------

Captured traceback:
~~~~~~~~~~~~~~~~~~~
    Traceback (most recent call last):
      File "<decorator-gen-6>", line 2, in test_defined
      File "migrate/tests/fixture/database.py", line 109, in dec
        six.reraise(*fail)
      File "migrate/tests/fixture/database.py", line 96, in dec
        f(self, *a, **kw)
      File "migrate/tests/changeset/test_changeset.py", line 105, in test_defined
        return self.run_(add_func, drop_func)
      File "migrate/tests/changeset/test_changeset.py", line 70, in run_
        assert_numcols(1)
      File "migrate/tests/changeset/test_changeset.py", line 60, in assert_numcols
        self.refresh_table(self.table_name)
      File "migrate/tests/fixture/database.py", line 189, in refresh_table
        self.table = Table(name, self.meta, autoload=True)
      File "/opt/stack/sqlalchemy-migrate/.tox/py27/local/lib/python2.7/site-packages/sqlalchemy/sql/schema.py", line 439, in __new__
        metadata._remove_table(name, schema)
      File "/opt/stack/sqlalchemy-migrate/.tox/py27/local/lib/python2.7/site-packages/sqlalchemy/util/langhelpers.py", line 66, in __exit__
        compat.reraise(exc_type, exc_value, exc_tb)
      File "/opt/stack/sqlalchemy-migrate/.tox/py27/local/lib/python2.7/site-packages/sqlalchemy/sql/schema.py", line 434, in __new__
        table._init(name, metadata, *args, **kw)
      File "/opt/stack/sqlalchemy-migrate/.tox/py27/local/lib/python2.7/site-packages/sqlalchemy/sql/schema.py", line 514, in _init
        include_columns, _extend_on=_extend_on)
      File "/opt/stack/sqlalchemy-migrate/.tox/py27/local/lib/python2.7/site-packages/sqlalchemy/sql/schema.py", line 540, in _autoload
        _extend_on=_extend_on
      File "/opt/stack/sqlalchemy-migrate/.tox/py27/local/lib/python2.7/site-packages/sqlalchemy/engine/base.py", line 2045, in run_callable
        return conn.run_callable(callable_, *args, **kwargs)
      File "/opt/stack/sqlalchemy-migrate/.tox/py27/local/lib/python2.7/site-packages/sqlalchemy/engine/base.py", line 1534, in run_callable
        return callable_(self, *args, **kwargs)
      File "/opt/stack/sqlalchemy-migrate/.tox/py27/local/lib/python2.7/site-packages/sqlalchemy/engine/default.py", line 372, in reflecttable
        table, include_columns, exclude_columns, **opts)
      File "/opt/stack/sqlalchemy-migrate/.tox/py27/local/lib/python2.7/site-packages/sqlalchemy/engine/reflection.py", line 598, in reflecttable
        table_name, schema, **table.dialect_kwargs):
      File "/opt/stack/sqlalchemy-migrate/.tox/py27/local/lib/python2.7/site-packages/sqlalchemy/engine/reflection.py", line 369, in get_columns
        **kw)
      File "/opt/stack/sqlalchemy-migrate/.tox/py27/local/lib/python2.7/site-packages/cockroachdb/sqlalchemy/dialect.py", line 96, in get_columns
        name, type_name, nullable, default = row
    ValueError: too many values to unpack
    

migrate.tests.changeset.test_changeset.TestAddDropColumn.test_drop_all_columns_of_composite_index
-------------------------------------------------------------------------------------------------

Captured traceback:
~~~~~~~~~~~~~~~~~~~
    Traceback (most recent call last):
      File "<decorator-gen-30>", line 2, in test_drop_all_columns_of_composite_index
      File "migrate/tests/fixture/database.py", line 109, in dec
        six.reraise(*fail)
      File "migrate/tests/fixture/database.py", line 96, in dec
        f(self, *a, **kw)
      File "migrate/tests/changeset/test_changeset.py", line 290, in test_drop_all_columns_of_composite_index
        self.table_idx.c.a.drop()
      File "migrate/changeset/schema.py", line 597, in drop
        visitorcallable = get_engine_visitor(engine, 'columndropper')
      File "migrate/changeset/databases/visitor.py", line 47, in get_engine_visitor
        return get_dialect_visitor(engine.dialect, name)
      File "migrate/changeset/databases/visitor.py", line 62, in get_dialect_visitor
        migrate_dialect_cls = DIALECTS[sa_dialect_name]
    KeyError: 'cockroachdb'
    

migrate.tests.changeset.test_changeset.TestAddDropColumn.test_drop_column_not_in_table
--------------------------------------------------------------------------------------

Captured traceback:
~~~~~~~~~~~~~~~~~~~
    Traceback (most recent call last):
      File "<decorator-gen-18>", line 2, in test_drop_column_not_in_table
      File "migrate/tests/fixture/database.py", line 109, in dec
        six.reraise(*fail)
      File "migrate/tests/fixture/database.py", line 96, in dec
        f(self, *a, **kw)
      File "migrate/tests/changeset/test_changeset.py", line 173, in test_drop_column_not_in_table
        self.run_(add_func, drop_func)
      File "migrate/tests/changeset/test_changeset.py", line 70, in run_
        assert_numcols(1)
      File "migrate/tests/changeset/test_changeset.py", line 60, in assert_numcols
        self.refresh_table(self.table_name)
      File "migrate/tests/fixture/database.py", line 189, in refresh_table
        self.table = Table(name, self.meta, autoload=True)
      File "/opt/stack/sqlalchemy-migrate/.tox/py27/local/lib/python2.7/site-packages/sqlalchemy/sql/schema.py", line 439, in __new__
        metadata._remove_table(name, schema)
      File "/opt/stack/sqlalchemy-migrate/.tox/py27/local/lib/python2.7/site-packages/sqlalchemy/util/langhelpers.py", line 66, in __exit__
        compat.reraise(exc_type, exc_value, exc_tb)
      File "/opt/stack/sqlalchemy-migrate/.tox/py27/local/lib/python2.7/site-packages/sqlalchemy/sql/schema.py", line 434, in __new__
        table._init(name, metadata, *args, **kw)
      File "/opt/stack/sqlalchemy-migrate/.tox/py27/local/lib/python2.7/site-packages/sqlalchemy/sql/schema.py", line 514, in _init
        include_columns, _extend_on=_extend_on)
      File "/opt/stack/sqlalchemy-migrate/.tox/py27/local/lib/python2.7/site-packages/sqlalchemy/sql/schema.py", line 540, in _autoload
        _extend_on=_extend_on
      File "/opt/stack/sqlalchemy-migrate/.tox/py27/local/lib/python2.7/site-packages/sqlalchemy/engine/base.py", line 2045, in run_callable
        return conn.run_callable(callable_, *args, **kwargs)
      File "/opt/stack/sqlalchemy-migrate/.tox/py27/local/lib/python2.7/site-packages/sqlalchemy/engine/base.py", line 1534, in run_callable
        return callable_(self, *args, **kwargs)
      File "/opt/stack/sqlalchemy-migrate/.tox/py27/local/lib/python2.7/site-packages/sqlalchemy/engine/default.py", line 372, in reflecttable
        table, include_columns, exclude_columns, **opts)
      File "/opt/stack/sqlalchemy-migrate/.tox/py27/local/lib/python2.7/site-packages/sqlalchemy/engine/reflection.py", line 598, in reflecttable
        table_name, schema, **table.dialect_kwargs):
      File "/opt/stack/sqlalchemy-migrate/.tox/py27/local/lib/python2.7/site-packages/sqlalchemy/engine/reflection.py", line 369, in get_columns
        **kw)
      File "/opt/stack/sqlalchemy-migrate/.tox/py27/local/lib/python2.7/site-packages/cockroachdb/sqlalchemy/dialect.py", line 96, in get_columns
        name, type_name, nullable, default = row
    ValueError: too many values to unpack
    

migrate.tests.changeset.test_changeset.TestAddDropColumn.test_drop_column_of_composite_index
--------------------------------------------------------------------------------------------

Captured traceback:
~~~~~~~~~~~~~~~~~~~
    Traceback (most recent call last):
      File "<decorator-gen-28>", line 2, in test_drop_column_of_composite_index
      File "migrate/tests/fixture/database.py", line 109, in dec
        six.reraise(*fail)
      File "migrate/tests/fixture/database.py", line 96, in dec
        f(self, *a, **kw)
      File "migrate/tests/changeset/test_changeset.py", line 281, in test_drop_column_of_composite_index
        self.table_idx.c.b.drop()
      File "migrate/changeset/schema.py", line 597, in drop
        visitorcallable = get_engine_visitor(engine, 'columndropper')
      File "migrate/changeset/databases/visitor.py", line 47, in get_engine_visitor
        return get_dialect_visitor(engine.dialect, name)
      File "migrate/changeset/databases/visitor.py", line 62, in get_dialect_visitor
        migrate_dialect_cls = DIALECTS[sa_dialect_name]
    KeyError: 'cockroachdb'
    

migrate.tests.changeset.test_changeset.TestAddDropColumn.test_drop_doesnt_delete_other_indexes
----------------------------------------------------------------------------------------------

Captured traceback:
~~~~~~~~~~~~~~~~~~~
    Traceback (most recent call last):
      File "<decorator-gen-40>", line 2, in test_drop_doesnt_delete_other_indexes
      File "migrate/tests/fixture/database.py", line 109, in dec
        six.reraise(*fail)
      File "migrate/tests/fixture/database.py", line 96, in dec
        f(self, *a, **kw)
      File "migrate/tests/changeset/test_changeset.py", line 381, in test_drop_doesnt_delete_other_indexes
        self.refresh_table()
      File "migrate/tests/fixture/database.py", line 189, in refresh_table
        self.table = Table(name, self.meta, autoload=True)
      File "/opt/stack/sqlalchemy-migrate/.tox/py27/local/lib/python2.7/site-packages/sqlalchemy/sql/schema.py", line 439, in __new__
        metadata._remove_table(name, schema)
      File "/opt/stack/sqlalchemy-migrate/.tox/py27/local/lib/python2.7/site-packages/sqlalchemy/util/langhelpers.py", line 66, in __exit__
        compat.reraise(exc_type, exc_value, exc_tb)
      File "/opt/stack/sqlalchemy-migrate/.tox/py27/local/lib/python2.7/site-packages/sqlalchemy/sql/schema.py", line 434, in __new__
        table._init(name, metadata, *args, **kw)
      File "/opt/stack/sqlalchemy-migrate/.tox/py27/local/lib/python2.7/site-packages/sqlalchemy/sql/schema.py", line 514, in _init
        include_columns, _extend_on=_extend_on)
      File "/opt/stack/sqlalchemy-migrate/.tox/py27/local/lib/python2.7/site-packages/sqlalchemy/sql/schema.py", line 540, in _autoload
        _extend_on=_extend_on
      File "/opt/stack/sqlalchemy-migrate/.tox/py27/local/lib/python2.7/site-packages/sqlalchemy/engine/base.py", line 2045, in run_callable
        return conn.run_callable(callable_, *args, **kwargs)
      File "/opt/stack/sqlalchemy-migrate/.tox/py27/local/lib/python2.7/site-packages/sqlalchemy/engine/base.py", line 1534, in run_callable
        return callable_(self, *args, **kwargs)
      File "/opt/stack/sqlalchemy-migrate/.tox/py27/local/lib/python2.7/site-packages/sqlalchemy/engine/default.py", line 372, in reflecttable
        table, include_columns, exclude_columns, **opts)
      File "/opt/stack/sqlalchemy-migrate/.tox/py27/local/lib/python2.7/site-packages/sqlalchemy/engine/reflection.py", line 598, in reflecttable
        table_name, schema, **table.dialect_kwargs):
      File "/opt/stack/sqlalchemy-migrate/.tox/py27/local/lib/python2.7/site-packages/sqlalchemy/engine/reflection.py", line 369, in get_columns
        **kw)
      File "/opt/stack/sqlalchemy-migrate/.tox/py27/local/lib/python2.7/site-packages/cockroachdb/sqlalchemy/dialect.py", line 96, in get_columns
        name, type_name, nullable, default = row
    ValueError: too many values to unpack
    

migrate.tests.changeset.test_changeset.TestAddDropColumn.test_drop_with_complex_foreign_keys
--------------------------------------------------------------------------------------------

Captured traceback:
~~~~~~~~~~~~~~~~~~~
    Traceback (most recent call last):
      File "<decorator-gen-44>", line 2, in test_drop_with_complex_foreign_keys
      File "migrate/tests/fixture/database.py", line 109, in dec
        six.reraise(*fail)
      File "migrate/tests/fixture/database.py", line 96, in dec
        f(self, *a, **kw)
      File "migrate/tests/changeset/test_changeset.py", line 491, in test_drop_with_complex_foreign_keys
        self.table.c.r2.drop()
      File "migrate/changeset/schema.py", line 597, in drop
        visitorcallable = get_engine_visitor(engine, 'columndropper')
      File "migrate/changeset/databases/visitor.py", line 47, in get_engine_visitor
        return get_dialect_visitor(engine.dialect, name)
      File "migrate/changeset/databases/visitor.py", line 62, in get_dialect_visitor
        migrate_dialect_cls = DIALECTS[sa_dialect_name]
    KeyError: 'cockroachdb'
    

migrate.tests.changeset.test_changeset.TestAddDropColumn.test_drop_with_foreign_keys
------------------------------------------------------------------------------------

Captured traceback:
~~~~~~~~~~~~~~~~~~~
    Traceback (most recent call last):
      File "<decorator-gen-42>", line 2, in test_drop_with_foreign_keys
      File "migrate/tests/fixture/database.py", line 109, in dec
        six.reraise(*fail)
      File "migrate/tests/fixture/database.py", line 93, in dec
        raise RuntimeError('Exception during _setup(): %r' % e)
    RuntimeError: Exception during _setup(): ValueError('too many values to unpack',)
    

migrate.tests.changeset.test_changeset.TestAddDropColumn.test_fk
----------------------------------------------------------------

Captured traceback:
~~~~~~~~~~~~~~~~~~~
    Traceback (most recent call last):
      File "<decorator-gen-20>", line 2, in test_fk
      File "migrate/tests/fixture/database.py", line 109, in dec
        six.reraise(*fail)
      File "migrate/tests/fixture/database.py", line 93, in dec
        raise RuntimeError('Exception during _setup(): %r' % e)
    RuntimeError: Exception during _setup(): ValueError('too many values to unpack',)
    

migrate.tests.changeset.test_changeset.TestAddDropColumn.test_index
-------------------------------------------------------------------

Captured traceback:
~~~~~~~~~~~~~~~~~~~
    Traceback (most recent call last):
      File "<decorator-gen-32>", line 2, in test_index
      File "migrate/tests/fixture/database.py", line 109, in dec
        six.reraise(*fail)
      File "migrate/tests/fixture/database.py", line 93, in dec
        raise RuntimeError('Exception during _setup(): %r' % e)
    RuntimeError: Exception during _setup(): ValueError('too many values to unpack',)
    

migrate.tests.changeset.test_changeset.TestAddDropColumn.test_index_unique
--------------------------------------------------------------------------

Captured traceback:
~~~~~~~~~~~~~~~~~~~
    Traceback (most recent call last):
      File "<decorator-gen-34>", line 2, in test_index_unique
      File "migrate/tests/fixture/database.py", line 109, in dec
        six.reraise(*fail)
      File "migrate/tests/fixture/database.py", line 93, in dec
        raise RuntimeError('Exception during _setup(): %r' % e)
    RuntimeError: Exception during _setup(): ValueError('too many values to unpack',)
    

migrate.tests.changeset.test_changeset.TestAddDropColumn.test_method_bound
--------------------------------------------------------------------------

Captured traceback:
~~~~~~~~~~~~~~~~~~~
    Traceback (most recent call last):
      File "<decorator-gen-8>", line 2, in test_method_bound
      File "migrate/tests/fixture/database.py", line 109, in dec
        six.reraise(*fail)
      File "migrate/tests/fixture/database.py", line 93, in dec
        raise RuntimeError('Exception during _setup(): %r' % e)
    RuntimeError: Exception during _setup(): ValueError('too many values to unpack',)
    

migrate.tests.changeset.test_changeset.TestAddDropColumn.test_method_notbound
-----------------------------------------------------------------------------

Captured traceback:
~~~~~~~~~~~~~~~~~~~
    Traceback (most recent call last):
      File "<decorator-gen-10>", line 2, in test_method_notbound
      File "migrate/tests/fixture/database.py", line 109, in dec
        six.reraise(*fail)
      File "migrate/tests/fixture/database.py", line 93, in dec
        raise RuntimeError('Exception during _setup(): %r' % e)
    RuntimeError: Exception during _setup(): ValueError('too many values to unpack',)
    

migrate.tests.changeset.test_changeset.TestAddDropColumn.test_pk
----------------------------------------------------------------

Captured traceback:
~~~~~~~~~~~~~~~~~~~
    Traceback (most recent call last):
      File "<decorator-gen-22>", line 2, in test_pk
      File "migrate/tests/fixture/database.py", line 109, in dec
        six.reraise(*fail)
      File "migrate/tests/fixture/database.py", line 93, in dec
        raise RuntimeError('Exception during _setup(): %r' % e)
    RuntimeError: Exception during _setup(): ValueError('too many values to unpack',)
    

migrate.tests.changeset.test_changeset.TestAddDropColumn.test_populate_default
------------------------------------------------------------------------------

Captured traceback:
~~~~~~~~~~~~~~~~~~~
    Traceback (most recent call last):
      File "<decorator-gen-38>", line 2, in test_populate_default
      File "migrate/tests/fixture/database.py", line 109, in dec
        six.reraise(*fail)
      File "migrate/tests/fixture/database.py", line 93, in dec
        raise RuntimeError('Exception during _setup(): %r' % e)
    RuntimeError: Exception during _setup(): ValueError('too many values to unpack',)
    

migrate.tests.changeset.test_changeset.TestAddDropColumn.test_server_defaults
-----------------------------------------------------------------------------

Captured traceback:
~~~~~~~~~~~~~~~~~~~
    Traceback (most recent call last):
      File "<decorator-gen-36>", line 2, in test_server_defaults
      File "migrate/tests/fixture/database.py", line 109, in dec
        six.reraise(*fail)
      File "migrate/tests/fixture/database.py", line 93, in dec
        raise RuntimeError('Exception during _setup(): %r' % e)
    RuntimeError: Exception during _setup(): ValueError('too many values to unpack',)
    

migrate.tests.changeset.test_changeset.TestAddDropColumn.test_tablemethod_name
------------------------------------------------------------------------------

Captured traceback:
~~~~~~~~~~~~~~~~~~~
    Traceback (most recent call last):
      File "<decorator-gen-14>", line 2, in test_tablemethod_name
      File "migrate/tests/fixture/database.py", line 109, in dec
        six.reraise(*fail)
      File "migrate/tests/fixture/database.py", line 93, in dec
        raise RuntimeError('Exception during _setup(): %r' % e)
    RuntimeError: Exception during _setup(): ValueError('too many values to unpack',)
    

migrate.tests.changeset.test_changeset.TestAddDropColumn.test_tablemethod_obj
-----------------------------------------------------------------------------

Captured traceback:
~~~~~~~~~~~~~~~~~~~
    Traceback (most recent call last):
      File "<decorator-gen-12>", line 2, in test_tablemethod_obj
      File "migrate/tests/fixture/database.py", line 109, in dec
        six.reraise(*fail)
      File "migrate/tests/fixture/database.py", line 93, in dec
        raise RuntimeError('Exception during _setup(): %r' % e)
    RuntimeError: Exception during _setup(): ValueError('too many values to unpack',)
    

migrate.tests.changeset.test_changeset.TestAddDropColumn.test_undefined
-----------------------------------------------------------------------

Captured traceback:
~~~~~~~~~~~~~~~~~~~
    Traceback (most recent call last):
      File "<decorator-gen-4>", line 2, in test_undefined
      File "migrate/tests/fixture/database.py", line 109, in dec
        six.reraise(*fail)
      File "migrate/tests/fixture/database.py", line 93, in dec
        raise RuntimeError('Exception during _setup(): %r' % e)
    RuntimeError: Exception during _setup(): ValueError('too many values to unpack',)
    

migrate.tests.changeset.test_changeset.TestAddDropColumn.test_unique_constraint
-------------------------------------------------------------------------------

Captured traceback:
~~~~~~~~~~~~~~~~~~~
    Traceback (most recent call last):
      File "<decorator-gen-26>", line 2, in test_unique_constraint
      File "migrate/tests/fixture/database.py", line 109, in dec
        six.reraise(*fail)
      File "migrate/tests/fixture/database.py", line 93, in dec
        raise RuntimeError('Exception during _setup(): %r' % e)
    RuntimeError: Exception during _setup(): ValueError('too many values to unpack',)
    

migrate.tests.changeset.test_changeset.TestColumnChange.test_alter_all
----------------------------------------------------------------------

Captured traceback:
~~~~~~~~~~~~~~~~~~~
    Traceback (most recent call last):
      File "<decorator-gen-60>", line 2, in test_alter_all
      File "migrate/tests/fixture/database.py", line 109, in dec
        six.reraise(*fail)
      File "migrate/tests/fixture/database.py", line 93, in dec
        raise RuntimeError('Exception during _setup(): %r' % e)
    RuntimeError: Exception during _setup(): ValueError('too many values to unpack',)
    

migrate.tests.changeset.test_changeset.TestColumnChange.test_alter_deprecated
-----------------------------------------------------------------------------

Captured traceback:
~~~~~~~~~~~~~~~~~~~
    Traceback (most recent call last):
      File "<decorator-gen-56>", line 2, in test_alter_deprecated
      File "migrate/tests/fixture/database.py", line 109, in dec
        six.reraise(*fail)
      File "migrate/tests/fixture/database.py", line 93, in dec
        raise RuntimeError('Exception during _setup(): %r' % e)
    RuntimeError: Exception during _setup(): ValueError('too many values to unpack',)
    

migrate.tests.changeset.test_changeset.TestColumnChange.test_alter_returns_delta
--------------------------------------------------------------------------------

Captured traceback:
~~~~~~~~~~~~~~~~~~~
    Traceback (most recent call last):
      File "<decorator-gen-58>", line 2, in test_alter_returns_delta
      File "migrate/tests/fixture/database.py", line 109, in dec
        six.reraise(*fail)
      File "migrate/tests/fixture/database.py", line 93, in dec
        raise RuntimeError('Exception during _setup(): %r' % e)
    RuntimeError: Exception during _setup(): ValueError('too many values to unpack',)
    

migrate.tests.changeset.test_changeset.TestColumnChange.test_default
--------------------------------------------------------------------

Captured traceback:
~~~~~~~~~~~~~~~~~~~
    Traceback (most recent call last):
      File "<decorator-gen-52>", line 2, in test_default
      File "migrate/tests/fixture/database.py", line 109, in dec
        six.reraise(*fail)
      File "migrate/tests/fixture/database.py", line 93, in dec
        raise RuntimeError('Exception during _setup(): %r' % e)
    RuntimeError: Exception during _setup(): ValueError('too many values to unpack',)
    

migrate.tests.changeset.test_changeset.TestColumnChange.test_null
-----------------------------------------------------------------

Captured traceback:
~~~~~~~~~~~~~~~~~~~
    Traceback (most recent call last):
      File "<decorator-gen-54>", line 2, in test_null
      File "migrate/tests/fixture/database.py", line 109, in dec
        six.reraise(*fail)
      File "migrate/tests/fixture/database.py", line 93, in dec
        raise RuntimeError('Exception during _setup(): %r' % e)
    RuntimeError: Exception during _setup(): ValueError('too many values to unpack',)
    

migrate.tests.changeset.test_changeset.TestColumnChange.test_rename
-------------------------------------------------------------------

Captured traceback:
~~~~~~~~~~~~~~~~~~~
    Traceback (most recent call last):
      File "<decorator-gen-48>", line 2, in test_rename
      File "migrate/tests/fixture/database.py", line 109, in dec
        six.reraise(*fail)
      File "migrate/tests/fixture/database.py", line 93, in dec
        raise RuntimeError('Exception during _setup(): %r' % e)
    RuntimeError: Exception during _setup(): ValueError('too many values to unpack',)
    

migrate.tests.changeset.test_changeset.TestColumnChange.test_type
-----------------------------------------------------------------

Captured traceback:
~~~~~~~~~~~~~~~~~~~
    Traceback (most recent call last):
      File "<decorator-gen-50>", line 2, in test_type
      File "migrate/tests/fixture/database.py", line 109, in dec
        six.reraise(*fail)
      File "migrate/tests/fixture/database.py", line 93, in dec
        raise RuntimeError('Exception during _setup(): %r' % e)
    RuntimeError: Exception during _setup(): ValueError('too many values to unpack',)
    

migrate.tests.changeset.test_changeset.TestColumnDelta.test_deltas_zero_columns
-------------------------------------------------------------------------------

Captured traceback:
~~~~~~~~~~~~~~~~~~~
    Traceback (most recent call last):
      File "<decorator-gen-62>", line 2, in test_deltas_zero_columns
      File "migrate/tests/fixture/database.py", line 109, in dec
        six.reraise(*fail)
      File "migrate/tests/fixture/database.py", line 93, in dec
        raise RuntimeError('Exception during _setup(): %r' % e)
    RuntimeError: Exception during _setup(): ValueError('too many values to unpack',)
    

migrate.tests.changeset.test_changeset.TestRename.test_rename_table
-------------------------------------------------------------------

Captured traceback:
~~~~~~~~~~~~~~~~~~~
    Traceback (most recent call last):
      File "<decorator-gen-46>", line 2, in test_rename_table
      File "migrate/tests/fixture/database.py", line 109, in dec
        six.reraise(*fail)
      File "migrate/tests/fixture/database.py", line 93, in dec
        raise RuntimeError('Exception during _setup(): %r' % e)
    RuntimeError: Exception during _setup(): ValueError('too many values to unpack',)
    

migrate.tests.changeset.test_constraint.TestAutoname.test_autoname_check
------------------------------------------------------------------------

Captured traceback:
~~~~~~~~~~~~~~~~~~~
    Traceback (most recent call last):
      File "<decorator-gen-80>", line 2, in test_autoname_check
      File "migrate/tests/fixture/database.py", line 109, in dec
        six.reraise(*fail)
      File "migrate/tests/fixture/database.py", line 93, in dec
        raise RuntimeError('Exception during _setup(): %r' % e)
    RuntimeError: Exception during _setup(): ValueError('too many values to unpack',)
    

migrate.tests.changeset.test_constraint.TestAutoname.test_autoname_fk
---------------------------------------------------------------------

Captured traceback:
~~~~~~~~~~~~~~~~~~~
    Traceback (most recent call last):
      File "<decorator-gen-78>", line 2, in test_autoname_fk
      File "migrate/tests/fixture/database.py", line 109, in dec
        six.reraise(*fail)
      File "migrate/tests/fixture/database.py", line 93, in dec
        raise RuntimeError('Exception during _setup(): %r' % e)
    RuntimeError: Exception during _setup(): ValueError('too many values to unpack',)
    

migrate.tests.changeset.test_constraint.TestAutoname.test_autoname_pk
---------------------------------------------------------------------

Captured traceback:
~~~~~~~~~~~~~~~~~~~
    Traceback (most recent call last):
      File "<decorator-gen-76>", line 2, in test_autoname_pk
      File "migrate/tests/fixture/database.py", line 109, in dec
        six.reraise(*fail)
      File "migrate/tests/fixture/database.py", line 93, in dec
        raise RuntimeError('Exception during _setup(): %r' % e)
    RuntimeError: Exception during _setup(): ValueError('too many values to unpack',)
    

migrate.tests.changeset.test_constraint.TestAutoname.test_autoname_unique
-------------------------------------------------------------------------

Captured traceback:
~~~~~~~~~~~~~~~~~~~
    Traceback (most recent call last):
      File "<decorator-gen-82>", line 2, in test_autoname_unique
      File "migrate/tests/fixture/database.py", line 109, in dec
        six.reraise(*fail)
      File "migrate/tests/fixture/database.py", line 93, in dec
        raise RuntimeError('Exception during _setup(): %r' % e)
    RuntimeError: Exception during _setup(): ValueError('too many values to unpack',)
    

migrate.tests.changeset.test_constraint.TestConstraint.test_define_fk
---------------------------------------------------------------------

Captured traceback:
~~~~~~~~~~~~~~~~~~~
    Traceback (most recent call last):
      File "<decorator-gen-64>", line 2, in test_define_fk
      File "migrate/tests/fixture/database.py", line 109, in dec
        six.reraise(*fail)
      File "migrate/tests/fixture/database.py", line 93, in dec
        raise RuntimeError('Exception during _setup(): %r' % e)
    RuntimeError: Exception during _setup(): ValueError('too many values to unpack',)
    

migrate.tests.changeset.test_constraint.TestConstraint.test_define_pk
---------------------------------------------------------------------

Captured traceback:
~~~~~~~~~~~~~~~~~~~
    Traceback (most recent call last):
      File "<decorator-gen-66>", line 2, in test_define_pk
      File "migrate/tests/fixture/database.py", line 109, in dec
        six.reraise(*fail)
      File "migrate/tests/fixture/database.py", line 93, in dec
        raise RuntimeError('Exception during _setup(): %r' % e)
    RuntimeError: Exception during _setup(): ValueError('too many values to unpack',)
    

migrate.tests.changeset.test_constraint.TestConstraint.test_define_pk_multi
---------------------------------------------------------------------------

Captured traceback:
~~~~~~~~~~~~~~~~~~~
    Traceback (most recent call last):
      File "<decorator-gen-68>", line 2, in test_define_pk_multi
      File "migrate/tests/fixture/database.py", line 109, in dec
        six.reraise(*fail)
      File "migrate/tests/fixture/database.py", line 93, in dec
        raise RuntimeError('Exception during _setup(): %r' % e)
    RuntimeError: Exception during _setup(): ValueError('too many values to unpack',)
    

migrate.tests.changeset.test_constraint.TestConstraint.test_drop_cascade
------------------------------------------------------------------------

Captured traceback:
~~~~~~~~~~~~~~~~~~~
    Traceback (most recent call last):
      File "<decorator-gen-70>", line 2, in test_drop_cascade
      File "migrate/tests/fixture/database.py", line 109, in dec
        six.reraise(*fail)
      File "migrate/tests/fixture/database.py", line 93, in dec
        raise RuntimeError('Exception during _setup(): %r' % e)
    RuntimeError: Exception during _setup(): ValueError('too many values to unpack',)
    

migrate.tests.changeset.test_constraint.TestConstraint.test_named_check_constraints
-----------------------------------------------------------------------------------

Captured traceback:
~~~~~~~~~~~~~~~~~~~
    Traceback (most recent call last):
      File "<decorator-gen-74>", line 2, in test_named_check_constraints
      File "migrate/tests/fixture/database.py", line 109, in dec
        six.reraise(*fail)
      File "migrate/tests/fixture/database.py", line 93, in dec
        raise RuntimeError('Exception during _setup(): %r' % e)
    RuntimeError: Exception during _setup(): ValueError('too many values to unpack',)
    

migrate.tests.versioning.test_api.TestSchemaAPI.test_compare_model_to_db
------------------------------------------------------------------------

Captured traceback:
~~~~~~~~~~~~~~~~~~~
    Traceback (most recent call last):
      File "<decorator-gen-99>", line 2, in test_compare_model_to_db
      File "migrate/tests/fixture/database.py", line 109, in dec
        six.reraise(*fail)
      File "migrate/tests/fixture/database.py", line 93, in dec
        raise RuntimeError('Exception during _setup(): %r' % e)
    RuntimeError: Exception during _setup(): ValueError('too many values to unpack',)
    

migrate.tests.versioning.test_api.TestSchemaAPI.test_create_model
-----------------------------------------------------------------

Captured traceback:
~~~~~~~~~~~~~~~~~~~
    Traceback (most recent call last):
      File "<decorator-gen-101>", line 2, in test_create_model
      File "migrate/tests/fixture/database.py", line 109, in dec
        six.reraise(*fail)
      File "migrate/tests/fixture/database.py", line 93, in dec
        raise RuntimeError('Exception during _setup(): %r' % e)
    RuntimeError: Exception during _setup(): ValueError('too many values to unpack',)
    

migrate.tests.versioning.test_api.TestSchemaAPI.test_make_update_script_for_model
---------------------------------------------------------------------------------

Captured traceback:
~~~~~~~~~~~~~~~~~~~
    Traceback (most recent call last):
      File "<decorator-gen-103>", line 2, in test_make_update_script_for_model
      File "migrate/tests/fixture/database.py", line 109, in dec
        six.reraise(*fail)
      File "migrate/tests/fixture/database.py", line 93, in dec
        raise RuntimeError('Exception during _setup(): %r' % e)
    RuntimeError: Exception during _setup(): ValueError('too many values to unpack',)
    

migrate.tests.versioning.test_api.TestSchemaAPI.test_update_db_from_model
-------------------------------------------------------------------------

Captured traceback:
~~~~~~~~~~~~~~~~~~~
    Traceback (most recent call last):
      File "<decorator-gen-105>", line 2, in test_update_db_from_model
      File "migrate/tests/fixture/database.py", line 109, in dec
        six.reraise(*fail)
      File "migrate/tests/fixture/database.py", line 93, in dec
        raise RuntimeError('Exception during _setup(): %r' % e)
    RuntimeError: Exception during _setup(): ValueError('too many values to unpack',)
    

migrate.tests.versioning.test_api.TestSchemaAPI.test_workflow
-------------------------------------------------------------

Captured traceback:
~~~~~~~~~~~~~~~~~~~
    Traceback (most recent call last):
      File "<decorator-gen-97>", line 2, in test_workflow
      File "migrate/tests/fixture/database.py", line 109, in dec
        six.reraise(*fail)
      File "migrate/tests/fixture/database.py", line 93, in dec
        raise RuntimeError('Exception during _setup(): %r' % e)
    RuntimeError: Exception during _setup(): ValueError('too many values to unpack',)
    

migrate.tests.versioning.test_database.TestConnect.test_connect
---------------------------------------------------------------

Captured traceback:
~~~~~~~~~~~~~~~~~~~
    Traceback (most recent call last):
      File "<decorator-gen-159>", line 2, in test_connect
      File "migrate/tests/fixture/database.py", line 109, in dec
        six.reraise(*fail)
      File "migrate/tests/fixture/database.py", line 93, in dec
        raise RuntimeError('Exception during _setup(): %r' % e)
    RuntimeError: Exception during _setup(): ValueError('too many values to unpack',)
    

migrate.tests.versioning.test_genmodel.TestSchemaDiff.test_functional
---------------------------------------------------------------------

Captured traceback:
~~~~~~~~~~~~~~~~~~~
    Traceback (most recent call last):
      File "<decorator-gen-107>", line 2, in test_functional
      File "migrate/tests/fixture/database.py", line 109, in dec
        six.reraise(*fail)
      File "migrate/tests/fixture/database.py", line 93, in dec
        raise RuntimeError('Exception during _setup(): %r' % e)
    RuntimeError: Exception during _setup(): ValueError('too many values to unpack',)
    

migrate.tests.versioning.test_runchangeset.TestRunChangeset.test_changeset_run
------------------------------------------------------------------------------

Captured traceback:
~~~~~~~~~~~~~~~~~~~
    Traceback (most recent call last):
      File "<decorator-gen-109>", line 2, in test_changeset_run
      File "migrate/tests/fixture/database.py", line 109, in dec
        six.reraise(*fail)
      File "migrate/tests/fixture/database.py", line 93, in dec
        raise RuntimeError('Exception during _setup(): %r' % e)
    RuntimeError: Exception during _setup(): ValueError('too many values to unpack',)
    

migrate.tests.versioning.test_schema.TestControlledSchema.test_changeset
------------------------------------------------------------------------

Captured traceback:
~~~~~~~~~~~~~~~~~~~
    Traceback (most recent call last):
      File "<decorator-gen-117>", line 2, in test_changeset
      File "migrate/tests/fixture/database.py", line 109, in dec
        six.reraise(*fail)
      File "migrate/tests/fixture/database.py", line 93, in dec
        raise RuntimeError('Exception during _setup(): %r' % e)
    RuntimeError: Exception during _setup(): ValueError('too many values to unpack',)
    

migrate.tests.versioning.test_schema.TestControlledSchema.test_compare_model_to_db
----------------------------------------------------------------------------------

Captured traceback:
~~~~~~~~~~~~~~~~~~~
    Traceback (most recent call last):
      File "<decorator-gen-123>", line 2, in test_compare_model_to_db
      File "migrate/tests/fixture/database.py", line 109, in dec
        six.reraise(*fail)
      File "migrate/tests/fixture/database.py", line 93, in dec
        raise RuntimeError('Exception during _setup(): %r' % e)
    RuntimeError: Exception during _setup(): ValueError('too many values to unpack',)
    

migrate.tests.versioning.test_schema.TestControlledSchema.test_create_model
---------------------------------------------------------------------------

Captured traceback:
~~~~~~~~~~~~~~~~~~~
    Traceback (most recent call last):
      File "<decorator-gen-121>", line 2, in test_create_model
      File "migrate/tests/fixture/database.py", line 109, in dec
        six.reraise(*fail)
      File "migrate/tests/fixture/database.py", line 93, in dec
        raise RuntimeError('Exception during _setup(): %r' % e)
    RuntimeError: Exception during _setup(): ValueError('too many values to unpack',)
    

migrate.tests.versioning.test_schema.TestControlledSchema.test_update_db_from_model
-----------------------------------------------------------------------------------

Captured traceback:
~~~~~~~~~~~~~~~~~~~
    Traceback (most recent call last):
      File "<decorator-gen-125>", line 2, in test_update_db_from_model
      File "migrate/tests/fixture/database.py", line 109, in dec
        six.reraise(*fail)
      File "migrate/tests/fixture/database.py", line 93, in dec
        raise RuntimeError('Exception during _setup(): %r' % e)
    RuntimeError: Exception during _setup(): ValueError('too many values to unpack',)
    

migrate.tests.versioning.test_schema.TestControlledSchema.test_upgrade_runchange
--------------------------------------------------------------------------------

Captured traceback:
~~~~~~~~~~~~~~~~~~~
    Traceback (most recent call last):
      File "<decorator-gen-119>", line 2, in test_upgrade_runchange
      File "migrate/tests/fixture/database.py", line 109, in dec
        six.reraise(*fail)
      File "migrate/tests/fixture/database.py", line 93, in dec
        raise RuntimeError('Exception during _setup(): %r' % e)
    RuntimeError: Exception during _setup(): ValueError('too many values to unpack',)
    

migrate.tests.versioning.test_schema.TestControlledSchema.test_version_control
------------------------------------------------------------------------------

Captured traceback:
~~~~~~~~~~~~~~~~~~~
    Traceback (most recent call last):
      File "<decorator-gen-111>", line 2, in test_version_control
      File "migrate/tests/fixture/database.py", line 109, in dec
        six.reraise(*fail)
      File "migrate/tests/fixture/database.py", line 93, in dec
        raise RuntimeError('Exception during _setup(): %r' % e)
    RuntimeError: Exception during _setup(): ValueError('too many values to unpack',)
    

migrate.tests.versioning.test_schema.TestControlledSchema.test_version_control_invalid
--------------------------------------------------------------------------------------

Captured traceback:
~~~~~~~~~~~~~~~~~~~
    Traceback (most recent call last):
      File "<decorator-gen-115>", line 2, in test_version_control_invalid
      File "migrate/tests/fixture/database.py", line 109, in dec
        six.reraise(*fail)
      File "migrate/tests/fixture/database.py", line 93, in dec
        raise RuntimeError('Exception during _setup(): %r' % e)
    RuntimeError: Exception during _setup(): ValueError('too many values to unpack',)
    

migrate.tests.versioning.test_schema.TestControlledSchema.test_version_control_specified
----------------------------------------------------------------------------------------

Captured traceback:
~~~~~~~~~~~~~~~~~~~
    Traceback (most recent call last):
      File "<decorator-gen-113>", line 2, in test_version_control_specified
      File "migrate/tests/fixture/database.py", line 109, in dec
        six.reraise(*fail)
      File "migrate/tests/fixture/database.py", line 93, in dec
        raise RuntimeError('Exception during _setup(): %r' % e)
    RuntimeError: Exception during _setup(): ValueError('too many values to unpack',)
    

migrate.tests.versioning.test_schemadiff.Test_getDiffOfModelAgainstDatabase.test_column_missing_in_db
-----------------------------------------------------------------------------------------------------

Captured traceback:
~~~~~~~~~~~~~~~~~~~
    Traceback (most recent call last):
      File "<decorator-gen-165>", line 2, in test_column_missing_in_db
      File "migrate/tests/fixture/database.py", line 109, in dec
        six.reraise(*fail)
      File "migrate/tests/fixture/database.py", line 93, in dec
        raise RuntimeError('Exception during _setup(): %r' % e)
    RuntimeError: Exception during _setup(): ValueError('too many values to unpack',)
    

migrate.tests.versioning.test_schemadiff.Test_getDiffOfModelAgainstDatabase.test_column_missing_in_model
--------------------------------------------------------------------------------------------------------

Captured traceback:
~~~~~~~~~~~~~~~~~~~
    Traceback (most recent call last):
      File "<decorator-gen-167>", line 2, in test_column_missing_in_model
      File "migrate/tests/fixture/database.py", line 109, in dec
        six.reraise(*fail)
      File "migrate/tests/fixture/database.py", line 93, in dec
        raise RuntimeError('Exception during _setup(): %r' % e)
    RuntimeError: Exception during _setup(): ValueError('too many values to unpack',)
    

migrate.tests.versioning.test_schemadiff.Test_getDiffOfModelAgainstDatabase.test_different_type
-----------------------------------------------------------------------------------------------

Captured traceback:
~~~~~~~~~~~~~~~~~~~
    Traceback (most recent call last):
      File "<decorator-gen-173>", line 2, in test_different_type
      File "migrate/tests/fixture/database.py", line 109, in dec
        six.reraise(*fail)
      File "migrate/tests/fixture/database.py", line 93, in dec
        raise RuntimeError('Exception during _setup(): %r' % e)
    RuntimeError: Exception during _setup(): ValueError('too many values to unpack',)
    

migrate.tests.versioning.test_schemadiff.Test_getDiffOfModelAgainstDatabase.test_exclude_tables
-----------------------------------------------------------------------------------------------

Captured traceback:
~~~~~~~~~~~~~~~~~~~
    Traceback (most recent call last):
      File "<decorator-gen-169>", line 2, in test_exclude_tables
      File "migrate/tests/fixture/database.py", line 109, in dec
        six.reraise(*fail)
      File "migrate/tests/fixture/database.py", line 93, in dec
        raise RuntimeError('Exception during _setup(): %r' % e)
    RuntimeError: Exception during _setup(): ValueError('too many values to unpack',)
    

migrate.tests.versioning.test_schemadiff.Test_getDiffOfModelAgainstDatabase.test_float_vs_numeric
-------------------------------------------------------------------------------------------------

Captured traceback:
~~~~~~~~~~~~~~~~~~~
    Traceback (most recent call last):
      File "<decorator-gen-177>", line 2, in test_float_vs_numeric
      File "migrate/tests/fixture/database.py", line 109, in dec
        six.reraise(*fail)
      File "migrate/tests/fixture/database.py", line 93, in dec
        raise RuntimeError('Exception during _setup(): %r' % e)
    RuntimeError: Exception during _setup(): ValueError('too many values to unpack',)
    

migrate.tests.versioning.test_schemadiff.Test_getDiffOfModelAgainstDatabase.test_identical_just_pk
--------------------------------------------------------------------------------------------------

Captured traceback:
~~~~~~~~~~~~~~~~~~~
    Traceback (most recent call last):
      File "<decorator-gen-171>", line 2, in test_identical_just_pk
      File "migrate/tests/fixture/database.py", line 109, in dec
        six.reraise(*fail)
      File "migrate/tests/fixture/database.py", line 93, in dec
        raise RuntimeError('Exception during _setup(): %r' % e)
    RuntimeError: Exception during _setup(): ValueError('too many values to unpack',)
    

migrate.tests.versioning.test_schemadiff.Test_getDiffOfModelAgainstDatabase.test_int_vs_float
---------------------------------------------------------------------------------------------

Captured traceback:
~~~~~~~~~~~~~~~~~~~
    Traceback (most recent call last):
      File "<decorator-gen-175>", line 2, in test_int_vs_float
      File "migrate/tests/fixture/database.py", line 109, in dec
        six.reraise(*fail)
      File "migrate/tests/fixture/database.py", line 93, in dec
        raise RuntimeError('Exception during _setup(): %r' % e)
    RuntimeError: Exception during _setup(): ValueError('too many values to unpack',)
    

migrate.tests.versioning.test_schemadiff.Test_getDiffOfModelAgainstDatabase.test_integer_identical
--------------------------------------------------------------------------------------------------

Captured traceback:
~~~~~~~~~~~~~~~~~~~
    Traceback (most recent call last):
      File "<decorator-gen-185>", line 2, in test_integer_identical
      File "migrate/tests/fixture/database.py", line 109, in dec
        six.reraise(*fail)
      File "migrate/tests/fixture/database.py", line 93, in dec
        raise RuntimeError('Exception during _setup(): %r' % e)
    RuntimeError: Exception during _setup(): ValueError('too many values to unpack',)
    

migrate.tests.versioning.test_schemadiff.Test_getDiffOfModelAgainstDatabase.test_numeric_precision
--------------------------------------------------------------------------------------------------

Captured traceback:
~~~~~~~~~~~~~~~~~~~
    Traceback (most recent call last):
      File "<decorator-gen-179>", line 2, in test_numeric_precision
      File "migrate/tests/fixture/database.py", line 109, in dec
        six.reraise(*fail)
      File "migrate/tests/fixture/database.py", line 93, in dec
        raise RuntimeError('Exception during _setup(): %r' % e)
    RuntimeError: Exception during _setup(): ValueError('too many values to unpack',)
    

migrate.tests.versioning.test_schemadiff.Test_getDiffOfModelAgainstDatabase.test_numeric_scale
----------------------------------------------------------------------------------------------

Captured traceback:
~~~~~~~~~~~~~~~~~~~
    Traceback (most recent call last):
      File "<decorator-gen-181>", line 2, in test_numeric_scale
      File "migrate/tests/fixture/database.py", line 109, in dec
        six.reraise(*fail)
      File "migrate/tests/fixture/database.py", line 93, in dec
        raise RuntimeError('Exception during _setup(): %r' % e)
    RuntimeError: Exception during _setup(): ValueError('too many values to unpack',)
    

migrate.tests.versioning.test_schemadiff.Test_getDiffOfModelAgainstDatabase.test_string_identical
-------------------------------------------------------------------------------------------------

Captured traceback:
~~~~~~~~~~~~~~~~~~~
    Traceback (most recent call last):
      File "<decorator-gen-187>", line 2, in test_string_identical
      File "migrate/tests/fixture/database.py", line 109, in dec
        six.reraise(*fail)
      File "migrate/tests/fixture/database.py", line 93, in dec
        raise RuntimeError('Exception during _setup(): %r' % e)
    RuntimeError: Exception during _setup(): ValueError('too many values to unpack',)
    

migrate.tests.versioning.test_schemadiff.Test_getDiffOfModelAgainstDatabase.test_string_length
----------------------------------------------------------------------------------------------

Captured traceback:
~~~~~~~~~~~~~~~~~~~
    Traceback (most recent call last):
      File "<decorator-gen-183>", line 2, in test_string_length
      File "migrate/tests/fixture/database.py", line 109, in dec
        six.reraise(*fail)
      File "migrate/tests/fixture/database.py", line 93, in dec
        raise RuntimeError('Exception during _setup(): %r' % e)
    RuntimeError: Exception during _setup(): ValueError('too many values to unpack',)
    

migrate.tests.versioning.test_schemadiff.Test_getDiffOfModelAgainstDatabase.test_table_missing_in_db
----------------------------------------------------------------------------------------------------

Captured traceback:
~~~~~~~~~~~~~~~~~~~
    Traceback (most recent call last):
      File "<decorator-gen-161>", line 2, in test_table_missing_in_db
      File "migrate/tests/fixture/database.py", line 109, in dec
        six.reraise(*fail)
      File "migrate/tests/fixture/database.py", line 93, in dec
        raise RuntimeError('Exception during _setup(): %r' % e)
    RuntimeError: Exception during _setup(): ValueError('too many values to unpack',)
    

migrate.tests.versioning.test_schemadiff.Test_getDiffOfModelAgainstDatabase.test_table_missing_in_model
-------------------------------------------------------------------------------------------------------

Captured traceback:
~~~~~~~~~~~~~~~~~~~
    Traceback (most recent call last):
      File "<decorator-gen-163>", line 2, in test_table_missing_in_model
      File "migrate/tests/fixture/database.py", line 109, in dec
        six.reraise(*fail)
      File "migrate/tests/fixture/database.py", line 93, in dec
        raise RuntimeError('Exception during _setup(): %r' % e)
    RuntimeError: Exception during _setup(): ValueError('too many values to unpack',)
    

migrate.tests.versioning.test_schemadiff.Test_getDiffOfModelAgainstDatabase.test_text_identical
-----------------------------------------------------------------------------------------------

Captured traceback:
~~~~~~~~~~~~~~~~~~~
    Traceback (most recent call last):
      File "<decorator-gen-189>", line 2, in test_text_identical
      File "migrate/tests/fixture/database.py", line 109, in dec
        six.reraise(*fail)
      File "migrate/tests/fixture/database.py", line 93, in dec
        raise RuntimeError('Exception during _setup(): %r' % e)
    RuntimeError: Exception during _setup(): ValueError('too many values to unpack',)
    

migrate.tests.versioning.test_schemadiff.Test_getDiffOfModelAgainstModel.test_column_missing_in_db
--------------------------------------------------------------------------------------------------

Captured traceback:
~~~~~~~~~~~~~~~~~~~
    Traceback (most recent call last):
      File "<decorator-gen-165>", line 2, in test_column_missing_in_db
      File "migrate/tests/fixture/database.py", line 109, in dec
        six.reraise(*fail)
      File "migrate/tests/fixture/database.py", line 93, in dec
        raise RuntimeError('Exception during _setup(): %r' % e)
    RuntimeError: Exception during _setup(): ValueError('too many values to unpack',)
    

migrate.tests.versioning.test_schemadiff.Test_getDiffOfModelAgainstModel.test_column_missing_in_model
-----------------------------------------------------------------------------------------------------

Captured traceback:
~~~~~~~~~~~~~~~~~~~
    Traceback (most recent call last):
      File "<decorator-gen-167>", line 2, in test_column_missing_in_model
      File "migrate/tests/fixture/database.py", line 109, in dec
        six.reraise(*fail)
      File "migrate/tests/fixture/database.py", line 93, in dec
        raise RuntimeError('Exception during _setup(): %r' % e)
    RuntimeError: Exception during _setup(): ValueError('too many values to unpack',)
    

migrate.tests.versioning.test_schemadiff.Test_getDiffOfModelAgainstModel.test_different_type
--------------------------------------------------------------------------------------------

Captured traceback:
~~~~~~~~~~~~~~~~~~~
    Traceback (most recent call last):
      File "<decorator-gen-173>", line 2, in test_different_type
      File "migrate/tests/fixture/database.py", line 109, in dec
        six.reraise(*fail)
      File "migrate/tests/fixture/database.py", line 93, in dec
        raise RuntimeError('Exception during _setup(): %r' % e)
    RuntimeError: Exception during _setup(): ValueError('too many values to unpack',)
    

migrate.tests.versioning.test_schemadiff.Test_getDiffOfModelAgainstModel.test_exclude_tables
--------------------------------------------------------------------------------------------

Captured traceback:
~~~~~~~~~~~~~~~~~~~
    Traceback (most recent call last):
      File "<decorator-gen-169>", line 2, in test_exclude_tables
      File "migrate/tests/fixture/database.py", line 109, in dec
        six.reraise(*fail)
      File "migrate/tests/fixture/database.py", line 93, in dec
        raise RuntimeError('Exception during _setup(): %r' % e)
    RuntimeError: Exception during _setup(): ValueError('too many values to unpack',)
    

migrate.tests.versioning.test_schemadiff.Test_getDiffOfModelAgainstModel.test_float_vs_numeric
----------------------------------------------------------------------------------------------

Captured traceback:
~~~~~~~~~~~~~~~~~~~
    Traceback (most recent call last):
      File "<decorator-gen-177>", line 2, in test_float_vs_numeric
      File "migrate/tests/fixture/database.py", line 109, in dec
        six.reraise(*fail)
      File "migrate/tests/fixture/database.py", line 93, in dec
        raise RuntimeError('Exception during _setup(): %r' % e)
    RuntimeError: Exception during _setup(): ValueError('too many values to unpack',)
    

migrate.tests.versioning.test_schemadiff.Test_getDiffOfModelAgainstModel.test_identical_just_pk
-----------------------------------------------------------------------------------------------

Captured traceback:
~~~~~~~~~~~~~~~~~~~
    Traceback (most recent call last):
      File "<decorator-gen-171>", line 2, in test_identical_just_pk
      File "migrate/tests/fixture/database.py", line 109, in dec
        six.reraise(*fail)
      File "migrate/tests/fixture/database.py", line 93, in dec
        raise RuntimeError('Exception during _setup(): %r' % e)
    RuntimeError: Exception during _setup(): ValueError('too many values to unpack',)
    

migrate.tests.versioning.test_schemadiff.Test_getDiffOfModelAgainstModel.test_int_vs_float
------------------------------------------------------------------------------------------

Captured traceback:
~~~~~~~~~~~~~~~~~~~
    Traceback (most recent call last):
      File "<decorator-gen-175>", line 2, in test_int_vs_float
      File "migrate/tests/fixture/database.py", line 109, in dec
        six.reraise(*fail)
      File "migrate/tests/fixture/database.py", line 93, in dec
        raise RuntimeError('Exception during _setup(): %r' % e)
    RuntimeError: Exception during _setup(): ValueError('too many values to unpack',)
    

migrate.tests.versioning.test_schemadiff.Test_getDiffOfModelAgainstModel.test_integer_identical
-----------------------------------------------------------------------------------------------

Captured traceback:
~~~~~~~~~~~~~~~~~~~
    Traceback (most recent call last):
      File "<decorator-gen-185>", line 2, in test_integer_identical
      File "migrate/tests/fixture/database.py", line 109, in dec
        six.reraise(*fail)
      File "migrate/tests/fixture/database.py", line 93, in dec
        raise RuntimeError('Exception during _setup(): %r' % e)
    RuntimeError: Exception during _setup(): ValueError('too many values to unpack',)
    

migrate.tests.versioning.test_schemadiff.Test_getDiffOfModelAgainstModel.test_numeric_precision
-----------------------------------------------------------------------------------------------

Captured traceback:
~~~~~~~~~~~~~~~~~~~
    Traceback (most recent call last):
      File "<decorator-gen-179>", line 2, in test_numeric_precision
      File "migrate/tests/fixture/database.py", line 109, in dec
        six.reraise(*fail)
      File "migrate/tests/fixture/database.py", line 93, in dec
        raise RuntimeError('Exception during _setup(): %r' % e)
    RuntimeError: Exception during _setup(): ValueError('too many values to unpack',)
    

migrate.tests.versioning.test_schemadiff.Test_getDiffOfModelAgainstModel.test_numeric_scale
-------------------------------------------------------------------------------------------

Captured traceback:
~~~~~~~~~~~~~~~~~~~
    Traceback (most recent call last):
      File "<decorator-gen-181>", line 2, in test_numeric_scale
      File "migrate/tests/fixture/database.py", line 109, in dec
        six.reraise(*fail)
      File "migrate/tests/fixture/database.py", line 93, in dec
        raise RuntimeError('Exception during _setup(): %r' % e)
    RuntimeError: Exception during _setup(): ValueError('too many values to unpack',)
    

migrate.tests.versioning.test_schemadiff.Test_getDiffOfModelAgainstModel.test_string_identical
----------------------------------------------------------------------------------------------

Captured traceback:
~~~~~~~~~~~~~~~~~~~
    Traceback (most recent call last):
      File "<decorator-gen-187>", line 2, in test_string_identical
      File "migrate/tests/fixture/database.py", line 109, in dec
        six.reraise(*fail)
      File "migrate/tests/fixture/database.py", line 93, in dec
        raise RuntimeError('Exception during _setup(): %r' % e)
    RuntimeError: Exception during _setup(): ValueError('too many values to unpack',)
    

migrate.tests.versioning.test_schemadiff.Test_getDiffOfModelAgainstModel.test_string_length
-------------------------------------------------------------------------------------------

Captured traceback:
~~~~~~~~~~~~~~~~~~~
    Traceback (most recent call last):
      File "<decorator-gen-183>", line 2, in test_string_length
      File "migrate/tests/fixture/database.py", line 109, in dec
        six.reraise(*fail)
      File "migrate/tests/fixture/database.py", line 93, in dec
        raise RuntimeError('Exception during _setup(): %r' % e)
    RuntimeError: Exception during _setup(): ValueError('too many values to unpack',)
    

migrate.tests.versioning.test_schemadiff.Test_getDiffOfModelAgainstModel.test_table_missing_in_db
-------------------------------------------------------------------------------------------------

Captured traceback:
~~~~~~~~~~~~~~~~~~~
    Traceback (most recent call last):
      File "<decorator-gen-161>", line 2, in test_table_missing_in_db
      File "migrate/tests/fixture/database.py", line 109, in dec
        six.reraise(*fail)
      File "migrate/tests/fixture/database.py", line 93, in dec
        raise RuntimeError('Exception during _setup(): %r' % e)
    RuntimeError: Exception during _setup(): ValueError('too many values to unpack',)
    

migrate.tests.versioning.test_schemadiff.Test_getDiffOfModelAgainstModel.test_table_missing_in_model
----------------------------------------------------------------------------------------------------

Captured traceback:
~~~~~~~~~~~~~~~~~~~
    Traceback (most recent call last):
      File "<decorator-gen-163>", line 2, in test_table_missing_in_model
      File "migrate/tests/fixture/database.py", line 109, in dec
        six.reraise(*fail)
      File "migrate/tests/fixture/database.py", line 93, in dec
        raise RuntimeError('Exception during _setup(): %r' % e)
    RuntimeError: Exception during _setup(): ValueError('too many values to unpack',)
    

migrate.tests.versioning.test_schemadiff.Test_getDiffOfModelAgainstModel.test_text_identical
--------------------------------------------------------------------------------------------

Captured traceback:
~~~~~~~~~~~~~~~~~~~
    Traceback (most recent call last):
      File "<decorator-gen-189>", line 2, in test_text_identical
      File "migrate/tests/fixture/database.py", line 109, in dec
        six.reraise(*fail)
      File "migrate/tests/fixture/database.py", line 93, in dec
        raise RuntimeError('Exception during _setup(): %r' % e)
    RuntimeError: Exception during _setup(): ValueError('too many values to unpack',)
    

migrate.tests.versioning.test_script.TestPyScript.test_make_update_script_direction
-----------------------------------------------------------------------------------

Captured traceback:
~~~~~~~~~~~~~~~~~~~
    Traceback (most recent call last):
      File "<decorator-gen-135>", line 2, in test_make_update_script_direction
      File "migrate/tests/fixture/database.py", line 109, in dec
        six.reraise(*fail)
      File "migrate/tests/fixture/database.py", line 93, in dec
        raise RuntimeError('Exception during _setup(): %r' % e)
    RuntimeError: Exception during _setup(): ValueError('too many values to unpack',)
    

migrate.tests.versioning.test_script.TestPyScript.test_make_update_script_for_equal_models
------------------------------------------------------------------------------------------

Captured traceback:
~~~~~~~~~~~~~~~~~~~
    Traceback (most recent call last):
      File "<decorator-gen-133>", line 2, in test_make_update_script_for_equal_models
      File "migrate/tests/fixture/database.py", line 109, in dec
        six.reraise(*fail)
      File "migrate/tests/fixture/database.py", line 93, in dec
        raise RuntimeError('Exception during _setup(): %r' % e)
    RuntimeError: Exception during _setup(): ValueError('too many values to unpack',)
    

migrate.tests.versioning.test_script.TestPyScript.test_make_update_script_for_model
-----------------------------------------------------------------------------------

Captured traceback:
~~~~~~~~~~~~~~~~~~~
    Traceback (most recent call last):
      File "<decorator-gen-131>", line 2, in test_make_update_script_for_model
      File "migrate/tests/fixture/database.py", line 109, in dec
        six.reraise(*fail)
      File "migrate/tests/fixture/database.py", line 93, in dec
        raise RuntimeError('Exception during _setup(): %r' % e)
    RuntimeError: Exception during _setup(): ValueError('too many values to unpack',)
    

migrate.tests.versioning.test_script.TestSqlScript.test_error
-------------------------------------------------------------

Captured traceback:
~~~~~~~~~~~~~~~~~~~
    Traceback (most recent call last):
      File "<decorator-gen-137>", line 2, in test_error
      File "migrate/tests/fixture/database.py", line 109, in dec
        six.reraise(*fail)
      File "migrate/tests/fixture/database.py", line 93, in dec
        raise RuntimeError('Exception during _setup(): %r' % e)
    RuntimeError: Exception during _setup(): ValueError('too many values to unpack',)
    

migrate.tests.versioning.test_script.TestSqlScript.test_success
---------------------------------------------------------------

Captured traceback:
~~~~~~~~~~~~~~~~~~~
    Traceback (most recent call last):
      File "<decorator-gen-139>", line 2, in test_success
      File "migrate/tests/fixture/database.py", line 109, in dec
        six.reraise(*fail)
      File "migrate/tests/fixture/database.py", line 93, in dec
        raise RuntimeError('Exception during _setup(): %r' % e)
    RuntimeError: Exception during _setup(): ValueError('too many values to unpack',)
    

migrate.tests.versioning.test_script.TestSqlScript.test_transaction_management_statements
-----------------------------------------------------------------------------------------

Captured traceback:
~~~~~~~~~~~~~~~~~~~
    Traceback (most recent call last):
      File "<decorator-gen-141>", line 2, in test_transaction_management_statements
      File "migrate/tests/fixture/database.py", line 109, in dec
        six.reraise(*fail)
      File "migrate/tests/fixture/database.py", line 93, in dec
        raise RuntimeError('Exception during _setup(): %r' % e)
    RuntimeError: Exception during _setup(): ValueError('too many values to unpack',)
    

migrate.tests.versioning.test_shell.TestShellDatabase.test_command_test
-----------------------------------------------------------------------

Captured traceback:
~~~~~~~~~~~~~~~~~~~
    Traceback (most recent call last):
      File "<decorator-gen-155>", line 2, in test_command_test
      File "migrate/tests/fixture/database.py", line 109, in dec
        six.reraise(*fail)
      File "migrate/tests/fixture/database.py", line 93, in dec
        raise RuntimeError('Exception during _setup(): %r' % e)
    RuntimeError: Exception during _setup(): ValueError('too many values to unpack',)
    

migrate.tests.versioning.test_shell.TestShellDatabase.test_rundiffs_in_shell
----------------------------------------------------------------------------

Captured traceback:
~~~~~~~~~~~~~~~~~~~
    Traceback (most recent call last):
      File "<decorator-gen-157>", line 2, in test_rundiffs_in_shell
      File "migrate/tests/fixture/database.py", line 109, in dec
        six.reraise(*fail)
      File "migrate/tests/fixture/database.py", line 93, in dec
        raise RuntimeError('Exception during _setup(): %r' % e)
    RuntimeError: Exception during _setup(): ValueError('too many values to unpack',)
    

migrate.tests.versioning.test_shell.TestShellDatabase.test_upgrade
------------------------------------------------------------------

Captured traceback:
~~~~~~~~~~~~~~~~~~~
    Traceback (most recent call last):
      File "<decorator-gen-149>", line 2, in test_upgrade
      File "migrate/tests/fixture/database.py", line 109, in dec
        six.reraise(*fail)
      File "migrate/tests/fixture/database.py", line 93, in dec
        raise RuntimeError('Exception during _setup(): %r' % e)
    RuntimeError: Exception during _setup(): ValueError('too many values to unpack',)
    

migrate.tests.versioning.test_shell.TestShellDatabase.test_version_control
--------------------------------------------------------------------------

Captured traceback:
~~~~~~~~~~~~~~~~~~~
    Traceback (most recent call last):
      File "<decorator-gen-143>", line 2, in test_version_control
      File "migrate/tests/fixture/database.py", line 109, in dec
        six.reraise(*fail)
      File "migrate/tests/fixture/database.py", line 93, in dec
        raise RuntimeError('Exception during _setup(): %r' % e)
    RuntimeError: Exception during _setup(): ValueError('too many values to unpack',)
    

migrate.tests.versioning.test_shell.TestShellDatabase.test_version_control_specified
------------------------------------------------------------------------------------

Captured traceback:
~~~~~~~~~~~~~~~~~~~
    Traceback (most recent call last):
      File "<decorator-gen-147>", line 2, in test_version_control_specified
      File "migrate/tests/fixture/database.py", line 109, in dec
        six.reraise(*fail)
      File "migrate/tests/fixture/database.py", line 93, in dec
        raise RuntimeError('Exception during _setup(): %r' % e)
    RuntimeError: Exception during _setup(): ValueError('too many values to unpack',)
    

migrate.tests.versioning.test_shell.TestShellDatabase.test_wrapped_kwargs
-------------------------------------------------------------------------

Captured traceback:
~~~~~~~~~~~~~~~~~~~
    Traceback (most recent call last):
      File "<decorator-gen-145>", line 2, in test_wrapped_kwargs
      File "migrate/tests/fixture/database.py", line 109, in dec
        six.reraise(*fail)
      File "migrate/tests/fixture/database.py", line 93, in dec
        raise RuntimeError('Exception during _setup(): %r' % e)
    RuntimeError: Exception during _setup(): ValueError('too many values to unpack',)
    


======
Totals
======
Ran: 174 tests in 21.0000 sec.
 - Passed: 77
 - Skipped: 0
 - Expected Fail: 0
 - Unexpected Success: 0
 - Failed: 97
Sum of execute time for each test: 20.4626 sec.

==============
Worker Balance
==============
 - Worker 0 (174 tests) => 0:00:20.504411

Slowest Tests:

Test id                                                                              Runtime (s)
-----------------------------------------------------------------------------------  -----------
migrate.tests.versioning.test_shell.TestShellCommands.test_help_commands             6.629
migrate.tests.versioning.test_shell.TestShellRepository.test_version                 1.938
migrate.tests.versioning.test_shell.TestShellRepository.test_source                  1.934
migrate.tests.versioning.test_shell.TestShellCommands.test_script                    1.555
migrate.tests.versioning.test_shell.TestShellCommands.test_help                      1.187
migrate.tests.versioning.test_shell.TestShellCommands.test_script_sql                1.169
migrate.tests.versioning.test_shell.TestShellCommands.test_shutdown_logging          1.167
migrate.tests.versioning.test_repository.TestVersionedRepository.test_many_versions  1.158
migrate.tests.versioning.test_shell.TestShellCommands.test_create                    0.779
migrate.tests.versioning.test_shell.TestShellCommands.test_manage                    0.386
ERROR: InvocationError: '/bin/bash tools/pretty_tox.sh '
___________________________________ summary ____________________________________
ERROR:   py27: commands failed
